2023-04-27 15:52:53,573 - app - ERROR - Exception on /search_plant [POST]
Traceback (most recent call last):
  File "/Users/wbabich/Documents/plantApp/plant_app/venv/lib/python3.11/site-packages/flask/app.py", line 2528, in wsgi_app
    response = self.full_dispatch_request()
               ^^^^^^^^^^^^^^^^^^^^^^^^^^^^
  File "/Users/wbabich/Documents/plantApp/plant_app/venv/lib/python3.11/site-packages/flask/app.py", line 1825, in full_dispatch_request
    rv = self.handle_user_exception(e)
         ^^^^^^^^^^^^^^^^^^^^^^^^^^^^^
  File "/Users/wbabich/Documents/plantApp/plant_app/venv/lib/python3.11/site-packages/flask/app.py", line 1823, in full_dispatch_request
    rv = self.dispatch_request()
         ^^^^^^^^^^^^^^^^^^^^^^^
  File "/Users/wbabich/Documents/plantApp/plant_app/venv/lib/python3.11/site-packages/flask/app.py", line 1799, in dispatch_request
    return self.ensure_sync(self.view_functions[rule.endpoint])(**view_args)
           ^^^^^^^^^^^^^^^^^^^^^^^^^^^^^^^^^^^^^^^^^^^^^^^^^^^^^^^^^^^^^^^^^
  File "/Users/wbabich/Documents/plantApp/plant_app/app.py", line 87, in search_plant
    return jsonify(results)
           ^^^^^^^^^^^^^^^^
TypeError: 'module' object is not callable
2023-04-28 09:16:09,168 - app - ERROR - Exception on /search_plant [GET]
Traceback (most recent call last):
  File "/opt/homebrew/lib/python3.11/site-packages/flask/app.py", line 2528, in wsgi_app
    response = self.full_dispatch_request()
               ^^^^^^^^^^^^^^^^^^^^^^^^^^^^
  File "/opt/homebrew/lib/python3.11/site-packages/flask/app.py", line 1825, in full_dispatch_request
    rv = self.handle_user_exception(e)
         ^^^^^^^^^^^^^^^^^^^^^^^^^^^^^
  File "/opt/homebrew/lib/python3.11/site-packages/flask/app.py", line 1823, in full_dispatch_request
    rv = self.dispatch_request()
         ^^^^^^^^^^^^^^^^^^^^^^^
  File "/opt/homebrew/lib/python3.11/site-packages/flask/app.py", line 1799, in dispatch_request
    return self.ensure_sync(self.view_functions[rule.endpoint])(**view_args)
           ^^^^^^^^^^^^^^^^^^^^^^^^^^^^^^^^^^^^^^^^^^^^^^^^^^^^^^^^^^^^^^^^^
  File "/Users/wbabich/PycharmProjects/plant_app/app.py", line 63, in search_plant
    results = plant_info.search_plant(query)
              ^^^^^^^^^^
NameError: name 'plant_info' is not defined
2023-04-28 09:21:44,416 - app - ERROR - Exception on /search_plant [GET]
Traceback (most recent call last):
  File "/opt/homebrew/lib/python3.11/site-packages/flask/app.py", line 2528, in wsgi_app
    response = self.full_dispatch_request()
               ^^^^^^^^^^^^^^^^^^^^^^^^^^^^
  File "/opt/homebrew/lib/python3.11/site-packages/flask/app.py", line 1825, in full_dispatch_request
    rv = self.handle_user_exception(e)
         ^^^^^^^^^^^^^^^^^^^^^^^^^^^^^
  File "/opt/homebrew/lib/python3.11/site-packages/flask/app.py", line 1823, in full_dispatch_request
    rv = self.dispatch_request()
         ^^^^^^^^^^^^^^^^^^^^^^^
  File "/opt/homebrew/lib/python3.11/site-packages/flask/app.py", line 1799, in dispatch_request
    return self.ensure_sync(self.view_functions[rule.endpoint])(**view_args)
           ^^^^^^^^^^^^^^^^^^^^^^^^^^^^^^^^^^^^^^^^^^^^^^^^^^^^^^^^^^^^^^^^^
  File "/Users/wbabich/PycharmProjects/plant_app/app.py", line 63, in search_plant
    results = plant_info.search_plant(query)
              ^^^^^^^^^^
NameError: name 'plant_info' is not defined
2023-04-28 09:22:58,019 - app - ERROR - Exception on /search_plant [GET]
Traceback (most recent call last):
  File "/opt/homebrew/lib/python3.11/site-packages/flask/app.py", line 2528, in wsgi_app
    response = self.full_dispatch_request()
               ^^^^^^^^^^^^^^^^^^^^^^^^^^^^
  File "/opt/homebrew/lib/python3.11/site-packages/flask/app.py", line 1825, in full_dispatch_request
    rv = self.handle_user_exception(e)
         ^^^^^^^^^^^^^^^^^^^^^^^^^^^^^
  File "/opt/homebrew/lib/python3.11/site-packages/flask/app.py", line 1823, in full_dispatch_request
    rv = self.dispatch_request()
         ^^^^^^^^^^^^^^^^^^^^^^^
  File "/opt/homebrew/lib/python3.11/site-packages/flask/app.py", line 1799, in dispatch_request
    return self.ensure_sync(self.view_functions[rule.endpoint])(**view_args)
           ^^^^^^^^^^^^^^^^^^^^^^^^^^^^^^^^^^^^^^^^^^^^^^^^^^^^^^^^^^^^^^^^^
  File "/Users/wbabich/PycharmProjects/plant_app/app.py", line 63, in search_plant
    results = get_plant_info.search_plant(query)
              ^^^^^^^^^^^^^^^^^^^^^^^^^^^
AttributeError: 'function' object has no attribute 'search_plant'
2023-04-28 09:50:23,304 - app - ERROR - Exception on /search_plant [GET]
Traceback (most recent call last):
  File "/opt/homebrew/lib/python3.11/site-packages/flask/app.py", line 2528, in wsgi_app
    response = self.full_dispatch_request()
               ^^^^^^^^^^^^^^^^^^^^^^^^^^^^
  File "/opt/homebrew/lib/python3.11/site-packages/flask/app.py", line 1825, in full_dispatch_request
    rv = self.handle_user_exception(e)
         ^^^^^^^^^^^^^^^^^^^^^^^^^^^^^
  File "/opt/homebrew/lib/python3.11/site-packages/flask/app.py", line 1823, in full_dispatch_request
    rv = self.dispatch_request()
         ^^^^^^^^^^^^^^^^^^^^^^^
  File "/opt/homebrew/lib/python3.11/site-packages/flask/app.py", line 1799, in dispatch_request
    return self.ensure_sync(self.view_functions[rule.endpoint])(**view_args)
           ^^^^^^^^^^^^^^^^^^^^^^^^^^^^^^^^^^^^^^^^^^^^^^^^^^^^^^^^^^^^^^^^^
  File "/Users/wbabich/PycharmProjects/plant_app/app.py", line 63, in search_plant
    results = Plant.search_plant(query)
              ^^^^^^^^^^^^^^^^^^
AttributeError: type object 'Plant' has no attribute 'search_plant'
2023-04-28 11:17:58,406 - app - ERROR - Exception on /search_plant [GET]
Traceback (most recent call last):
  File "/opt/homebrew/lib/python3.11/site-packages/flask/app.py", line 2528, in wsgi_app
    response = self.full_dispatch_request()
               ^^^^^^^^^^^^^^^^^^^^^^^^^^^^
  File "/opt/homebrew/lib/python3.11/site-packages/flask/app.py", line 1825, in full_dispatch_request
    rv = self.handle_user_exception(e)
         ^^^^^^^^^^^^^^^^^^^^^^^^^^^^^
  File "/opt/homebrew/lib/python3.11/site-packages/flask/app.py", line 1823, in full_dispatch_request
    rv = self.dispatch_request()
         ^^^^^^^^^^^^^^^^^^^^^^^
  File "/opt/homebrew/lib/python3.11/site-packages/flask/app.py", line 1799, in dispatch_request
    return self.ensure_sync(self.view_functions[rule.endpoint])(**view_args)
           ^^^^^^^^^^^^^^^^^^^^^^^^^^^^^^^^^^^^^^^^^^^^^^^^^^^^^^^^^^^^^^^^^
  File "/Users/wbabich/PycharmProjects/plant_app/app.py", line 70, in search_plant
    return render_template('search_plant.html')
           ^^^^^^^^^^^^^^^^^^^^^^^^^^^^^^^^^^^^
  File "/opt/homebrew/lib/python3.11/site-packages/flask/templating.py", line 147, in render_template
    return _render(app, template, context)
           ^^^^^^^^^^^^^^^^^^^^^^^^^^^^^^^
  File "/opt/homebrew/lib/python3.11/site-packages/flask/templating.py", line 130, in _render
    rv = template.render(context)
         ^^^^^^^^^^^^^^^^^^^^^^^^
  File "/opt/homebrew/lib/python3.11/site-packages/jinja2/environment.py", line 1301, in render
    self.environment.handle_exception()
  File "/opt/homebrew/lib/python3.11/site-packages/jinja2/environment.py", line 936, in handle_exception
    raise rewrite_traceback_stack(source=source)
  File "/Users/wbabich/PycharmProjects/plant_app/templates/search_plant.html", line 1, in top-level template code
    {% extends 'base.html' %}
  File "/Users/wbabich/PycharmProjects/plant_app/templates/base.html", line 43, in top-level template code
    {% block content %}
  File "/Users/wbabich/PycharmProjects/plant_app/templates/search_plant.html", line 5, in block 'content'
    <form method="POST" action="{{ url_for('search_results') }}">
    ^^^^^^^^^^^^^^^^^^^^^^^^^
  File "/opt/homebrew/lib/python3.11/site-packages/flask/app.py", line 2034, in url_for
    return self.handle_url_build_error(error, endpoint, values)
           ^^^^^^^^^^^^^^^^^^^^^^^^^^^^^^^^^^^^^^^^^^^^^^^^^^^^
  File "/opt/homebrew/lib/python3.11/site-packages/flask/app.py", line 2023, in url_for
    rv = url_adapter.build(  # type: ignore[union-attr]
         ^^^^^^^^^^^^^^^^^^^^^^^^^^^^^^^^^^^^^^^^^^^^^^
  File "/opt/homebrew/lib/python3.11/site-packages/werkzeug/routing/map.py", line 917, in build
    raise BuildError(endpoint, values, method, self)
werkzeug.routing.exceptions.BuildError: Could not build url for endpoint 'search_results'. Did you mean 'search_plant' instead?
2023-04-28 11:58:53,044 - app - ERROR - Exception on /search_plant [POST]
Traceback (most recent call last):
  File "/opt/homebrew/lib/python3.11/site-packages/flask/app.py", line 2528, in wsgi_app
    response = self.full_dispatch_request()
               ^^^^^^^^^^^^^^^^^^^^^^^^^^^^
  File "/opt/homebrew/lib/python3.11/site-packages/flask/app.py", line 1825, in full_dispatch_request
    rv = self.handle_user_exception(e)
         ^^^^^^^^^^^^^^^^^^^^^^^^^^^^^
  File "/opt/homebrew/lib/python3.11/site-packages/flask/app.py", line 1823, in full_dispatch_request
    rv = self.dispatch_request()
         ^^^^^^^^^^^^^^^^^^^^^^^
  File "/opt/homebrew/lib/python3.11/site-packages/flask/app.py", line 1799, in dispatch_request
    return self.ensure_sync(self.view_functions[rule.endpoint])(**view_args)
           ^^^^^^^^^^^^^^^^^^^^^^^^^^^^^^^^^^^^^^^^^^^^^^^^^^^^^^^^^^^^^^^^^
  File "/Users/wbabich/PycharmProjects/plant_app/app.py", line 64, in search_plant
    data = search_plant_info(query)
           ^^^^^^^^^^^^^^^^^
NameError: name 'search_plant_info' is not defined
2023-04-28 11:59:52,637 - app - ERROR - Exception on /search_plant [POST]
Traceback (most recent call last):
  File "/opt/homebrew/lib/python3.11/site-packages/flask/app.py", line 2528, in wsgi_app
    response = self.full_dispatch_request()
               ^^^^^^^^^^^^^^^^^^^^^^^^^^^^
  File "/opt/homebrew/lib/python3.11/site-packages/flask/app.py", line 1825, in full_dispatch_request
    rv = self.handle_user_exception(e)
         ^^^^^^^^^^^^^^^^^^^^^^^^^^^^^
  File "/opt/homebrew/lib/python3.11/site-packages/flask/app.py", line 1823, in full_dispatch_request
    rv = self.dispatch_request()
         ^^^^^^^^^^^^^^^^^^^^^^^
  File "/opt/homebrew/lib/python3.11/site-packages/flask/app.py", line 1799, in dispatch_request
    return self.ensure_sync(self.view_functions[rule.endpoint])(**view_args)
           ^^^^^^^^^^^^^^^^^^^^^^^^^^^^^^^^^^^^^^^^^^^^^^^^^^^^^^^^^^^^^^^^^
  File "/Users/wbabich/PycharmProjects/plant_app/app.py", line 64, in search_plant
    data = plant_info(query)
           ^^^^^^^^^^
NameError: name 'plant_info' is not defined
2023-04-28 12:25:17,063 - app - ERROR - Exception on /search_plant [POST]
Traceback (most recent call last):
  File "/opt/homebrew/lib/python3.11/site-packages/flask/app.py", line 2528, in wsgi_app
    response = self.full_dispatch_request()
               ^^^^^^^^^^^^^^^^^^^^^^^^^^^^
  File "/opt/homebrew/lib/python3.11/site-packages/flask/app.py", line 1825, in full_dispatch_request
    rv = self.handle_user_exception(e)
         ^^^^^^^^^^^^^^^^^^^^^^^^^^^^^
  File "/opt/homebrew/lib/python3.11/site-packages/flask/app.py", line 1823, in full_dispatch_request
    rv = self.dispatch_request()
         ^^^^^^^^^^^^^^^^^^^^^^^
  File "/opt/homebrew/lib/python3.11/site-packages/flask/app.py", line 1799, in dispatch_request
    return self.ensure_sync(self.view_functions[rule.endpoint])(**view_args)
           ^^^^^^^^^^^^^^^^^^^^^^^^^^^^^^^^^^^^^^^^^^^^^^^^^^^^^^^^^^^^^^^^^
  File "/Users/wbabich/PycharmProjects/plant_app/app.py", line 71, in search_plant
    plant_info = plant_info.get_plant_info(plant_name)
                 ^^^^^^^^^^
UnboundLocalError: cannot access local variable 'plant_info' where it is not associated with a value
2023-04-28 12:26:16,005 - app - ERROR - Exception on /search_plant [POST]
Traceback (most recent call last):
  File "/opt/homebrew/lib/python3.11/site-packages/flask/app.py", line 2528, in wsgi_app
    response = self.full_dispatch_request()
               ^^^^^^^^^^^^^^^^^^^^^^^^^^^^
  File "/opt/homebrew/lib/python3.11/site-packages/flask/app.py", line 1825, in full_dispatch_request
    rv = self.handle_user_exception(e)
         ^^^^^^^^^^^^^^^^^^^^^^^^^^^^^
  File "/opt/homebrew/lib/python3.11/site-packages/flask/app.py", line 1823, in full_dispatch_request
    rv = self.dispatch_request()
         ^^^^^^^^^^^^^^^^^^^^^^^
  File "/opt/homebrew/lib/python3.11/site-packages/flask/app.py", line 1799, in dispatch_request
    return self.ensure_sync(self.view_functions[rule.endpoint])(**view_args)
           ^^^^^^^^^^^^^^^^^^^^^^^^^^^^^^^^^^^^^^^^^^^^^^^^^^^^^^^^^^^^^^^^^
  File "/Users/wbabich/PycharmProjects/plant_app/app.py", line 68, in search_plant
    return render_template('plant_info.html', plant=plant)
           ^^^^^^^^^^^^^^^^^^^^^^^^^^^^^^^^^^^^^^^^^^^^^^^
  File "/opt/homebrew/lib/python3.11/site-packages/flask/templating.py", line 146, in render_template
    template = app.jinja_env.get_or_select_template(template_name_or_list)
               ^^^^^^^^^^^^^^^^^^^^^^^^^^^^^^^^^^^^^^^^^^^^^^^^^^^^^^^^^^^
  File "/opt/homebrew/lib/python3.11/site-packages/jinja2/environment.py", line 1081, in get_or_select_template
    return self.get_template(template_name_or_list, parent, globals)
           ^^^^^^^^^^^^^^^^^^^^^^^^^^^^^^^^^^^^^^^^^^^^^^^^^^^^^^^^^
  File "/opt/homebrew/lib/python3.11/site-packages/jinja2/environment.py", line 1010, in get_template
    return self._load_template(name, globals)
           ^^^^^^^^^^^^^^^^^^^^^^^^^^^^^^^^^^
  File "/opt/homebrew/lib/python3.11/site-packages/jinja2/environment.py", line 969, in _load_template
    template = self.loader.load(self, name, self.make_globals(globals))
               ^^^^^^^^^^^^^^^^^^^^^^^^^^^^^^^^^^^^^^^^^^^^^^^^^^^^^^^^
  File "/opt/homebrew/lib/python3.11/site-packages/jinja2/loaders.py", line 126, in load
    source, filename, uptodate = self.get_source(environment, name)
                                 ^^^^^^^^^^^^^^^^^^^^^^^^^^^^^^^^^^
  File "/opt/homebrew/lib/python3.11/site-packages/flask/templating.py", line 62, in get_source
    return self._get_source_fast(environment, template)
           ^^^^^^^^^^^^^^^^^^^^^^^^^^^^^^^^^^^^^^^^^^^^
  File "/opt/homebrew/lib/python3.11/site-packages/flask/templating.py", line 98, in _get_source_fast
    raise TemplateNotFound(template)
jinja2.exceptions.TemplateNotFound: plant_info.html
2023-04-28 12:28:59,133 - app - ERROR - Exception on /search_plant [POST]
Traceback (most recent call last):
  File "/opt/homebrew/lib/python3.11/site-packages/flask/app.py", line 2528, in wsgi_app
    response = self.full_dispatch_request()
               ^^^^^^^^^^^^^^^^^^^^^^^^^^^^
  File "/opt/homebrew/lib/python3.11/site-packages/flask/app.py", line 1825, in full_dispatch_request
    rv = self.handle_user_exception(e)
         ^^^^^^^^^^^^^^^^^^^^^^^^^^^^^
  File "/opt/homebrew/lib/python3.11/site-packages/flask/app.py", line 1823, in full_dispatch_request
    rv = self.dispatch_request()
         ^^^^^^^^^^^^^^^^^^^^^^^
  File "/opt/homebrew/lib/python3.11/site-packages/flask/app.py", line 1799, in dispatch_request
    return self.ensure_sync(self.view_functions[rule.endpoint])(**view_args)
           ^^^^^^^^^^^^^^^^^^^^^^^^^^^^^^^^^^^^^^^^^^^^^^^^^^^^^^^^^^^^^^^^^
  File "/Users/wbabich/PycharmProjects/plant_app/app.py", line 73, in search_plant
    return render_template('plant_search_results.html', plant_info=plant_info)
           ^^^^^^^^^^^^^^^^^^^^^^^^^^^^^^^^^^^^^^^^^^^^^^^^^^^^^^^^^^^^^^^^^^^
  File "/opt/homebrew/lib/python3.11/site-packages/flask/templating.py", line 146, in render_template
    template = app.jinja_env.get_or_select_template(template_name_or_list)
               ^^^^^^^^^^^^^^^^^^^^^^^^^^^^^^^^^^^^^^^^^^^^^^^^^^^^^^^^^^^
  File "/opt/homebrew/lib/python3.11/site-packages/jinja2/environment.py", line 1081, in get_or_select_template
    return self.get_template(template_name_or_list, parent, globals)
           ^^^^^^^^^^^^^^^^^^^^^^^^^^^^^^^^^^^^^^^^^^^^^^^^^^^^^^^^^
  File "/opt/homebrew/lib/python3.11/site-packages/jinja2/environment.py", line 1010, in get_template
    return self._load_template(name, globals)
           ^^^^^^^^^^^^^^^^^^^^^^^^^^^^^^^^^^
  File "/opt/homebrew/lib/python3.11/site-packages/jinja2/environment.py", line 969, in _load_template
    template = self.loader.load(self, name, self.make_globals(globals))
               ^^^^^^^^^^^^^^^^^^^^^^^^^^^^^^^^^^^^^^^^^^^^^^^^^^^^^^^^
  File "/opt/homebrew/lib/python3.11/site-packages/jinja2/loaders.py", line 126, in load
    source, filename, uptodate = self.get_source(environment, name)
                                 ^^^^^^^^^^^^^^^^^^^^^^^^^^^^^^^^^^
  File "/opt/homebrew/lib/python3.11/site-packages/flask/templating.py", line 62, in get_source
    return self._get_source_fast(environment, template)
           ^^^^^^^^^^^^^^^^^^^^^^^^^^^^^^^^^^^^^^^^^^^^
  File "/opt/homebrew/lib/python3.11/site-packages/flask/templating.py", line 98, in _get_source_fast
    raise TemplateNotFound(template)
jinja2.exceptions.TemplateNotFound: plant_search_results.html
2023-04-28 12:40:23,141 - app - ERROR - Exception on /search_plant [GET]
Traceback (most recent call last):
  File "/opt/homebrew/lib/python3.11/site-packages/flask/app.py", line 2528, in wsgi_app
    response = self.full_dispatch_request()
               ^^^^^^^^^^^^^^^^^^^^^^^^^^^^
  File "/opt/homebrew/lib/python3.11/site-packages/flask/app.py", line 1825, in full_dispatch_request
    rv = self.handle_user_exception(e)
         ^^^^^^^^^^^^^^^^^^^^^^^^^^^^^
  File "/opt/homebrew/lib/python3.11/site-packages/flask/app.py", line 1823, in full_dispatch_request
    rv = self.dispatch_request()
         ^^^^^^^^^^^^^^^^^^^^^^^
  File "/opt/homebrew/lib/python3.11/site-packages/flask/app.py", line 1799, in dispatch_request
    return self.ensure_sync(self.view_functions[rule.endpoint])(**view_args)
           ^^^^^^^^^^^^^^^^^^^^^^^^^^^^^^^^^^^^^^^^^^^^^^^^^^^^^^^^^^^^^^^^^
  File "/Users/wbabich/PycharmProjects/plant_app/app.py", line 74, in search_plant
    return render_template('search_plant.html')
           ^^^^^^^^^^^^^^^^^^^^^^^^^^^^^^^^^^^^
  File "/opt/homebrew/lib/python3.11/site-packages/flask/templating.py", line 147, in render_template
    return _render(app, template, context)
           ^^^^^^^^^^^^^^^^^^^^^^^^^^^^^^^
  File "/opt/homebrew/lib/python3.11/site-packages/flask/templating.py", line 130, in _render
    rv = template.render(context)
         ^^^^^^^^^^^^^^^^^^^^^^^^
  File "/opt/homebrew/lib/python3.11/site-packages/jinja2/environment.py", line 1301, in render
    self.environment.handle_exception()
  File "/opt/homebrew/lib/python3.11/site-packages/jinja2/environment.py", line 936, in handle_exception
    raise rewrite_traceback_stack(source=source)
  File "/Users/wbabich/PycharmProjects/plant_app/templates/search_plant.html", line 1, in top-level template code
    {% extends 'base.html' %}
  File "/Users/wbabich/PycharmProjects/plant_app/templates/base.html", line 44, in top-level template code
    {% block content %}
  File "/Users/wbabich/PycharmProjects/plant_app/templates/search_plant.html", line 22, in block 'content'
    <p>Would you like to <a href="{{ url_for('add_plant') }}">add it to our database</a>?</p>
    ^^^^^^^^^^^^^^^^^^^^^^^^^
  File "/opt/homebrew/lib/python3.11/site-packages/flask/app.py", line 2034, in url_for
    return self.handle_url_build_error(error, endpoint, values)
           ^^^^^^^^^^^^^^^^^^^^^^^^^^^^^^^^^^^^^^^^^^^^^^^^^^^^
  File "/opt/homebrew/lib/python3.11/site-packages/flask/app.py", line 2023, in url_for
    rv = url_adapter.build(  # type: ignore[union-attr]
         ^^^^^^^^^^^^^^^^^^^^^^^^^^^^^^^^^^^^^^^^^^^^^^
  File "/opt/homebrew/lib/python3.11/site-packages/werkzeug/routing/map.py", line 917, in build
    raise BuildError(endpoint, values, method, self)
werkzeug.routing.exceptions.BuildError: Could not build url for endpoint 'add_plant'. Did you mean 'search_plant' instead?
2023-04-28 12:40:29,929 - app - ERROR - Exception on /search_plant [GET]
Traceback (most recent call last):
  File "/opt/homebrew/lib/python3.11/site-packages/flask/app.py", line 2528, in wsgi_app
    response = self.full_dispatch_request()
               ^^^^^^^^^^^^^^^^^^^^^^^^^^^^
  File "/opt/homebrew/lib/python3.11/site-packages/flask/app.py", line 1825, in full_dispatch_request
    rv = self.handle_user_exception(e)
         ^^^^^^^^^^^^^^^^^^^^^^^^^^^^^
  File "/opt/homebrew/lib/python3.11/site-packages/flask/app.py", line 1823, in full_dispatch_request
    rv = self.dispatch_request()
         ^^^^^^^^^^^^^^^^^^^^^^^
  File "/opt/homebrew/lib/python3.11/site-packages/flask/app.py", line 1799, in dispatch_request
    return self.ensure_sync(self.view_functions[rule.endpoint])(**view_args)
           ^^^^^^^^^^^^^^^^^^^^^^^^^^^^^^^^^^^^^^^^^^^^^^^^^^^^^^^^^^^^^^^^^
  File "/Users/wbabich/PycharmProjects/plant_app/app.py", line 71, in search_plant
    return render_template('plant_search_results.html', plant_info=plant_info)
           ^^^^^^^^^^^^^^^^^^^^^^^^^^^^^^^^^^^^^^^^^^^^^^^^^^^^^^^^^^^^^^^^^^^
  File "/opt/homebrew/lib/python3.11/site-packages/flask/templating.py", line 146, in render_template
    template = app.jinja_env.get_or_select_template(template_name_or_list)
               ^^^^^^^^^^^^^^^^^^^^^^^^^^^^^^^^^^^^^^^^^^^^^^^^^^^^^^^^^^^
  File "/opt/homebrew/lib/python3.11/site-packages/jinja2/environment.py", line 1081, in get_or_select_template
    return self.get_template(template_name_or_list, parent, globals)
           ^^^^^^^^^^^^^^^^^^^^^^^^^^^^^^^^^^^^^^^^^^^^^^^^^^^^^^^^^
  File "/opt/homebrew/lib/python3.11/site-packages/jinja2/environment.py", line 1010, in get_template
    return self._load_template(name, globals)
           ^^^^^^^^^^^^^^^^^^^^^^^^^^^^^^^^^^
  File "/opt/homebrew/lib/python3.11/site-packages/jinja2/environment.py", line 969, in _load_template
    template = self.loader.load(self, name, self.make_globals(globals))
               ^^^^^^^^^^^^^^^^^^^^^^^^^^^^^^^^^^^^^^^^^^^^^^^^^^^^^^^^
  File "/opt/homebrew/lib/python3.11/site-packages/jinja2/loaders.py", line 126, in load
    source, filename, uptodate = self.get_source(environment, name)
                                 ^^^^^^^^^^^^^^^^^^^^^^^^^^^^^^^^^^
  File "/opt/homebrew/lib/python3.11/site-packages/flask/templating.py", line 62, in get_source
    return self._get_source_fast(environment, template)
           ^^^^^^^^^^^^^^^^^^^^^^^^^^^^^^^^^^^^^^^^^^^^
  File "/opt/homebrew/lib/python3.11/site-packages/flask/templating.py", line 98, in _get_source_fast
    raise TemplateNotFound(template)
jinja2.exceptions.TemplateNotFound: plant_search_results.html
2023-04-28 12:41:28,452 - app - ERROR - Exception on /search_plant [GET]
Traceback (most recent call last):
  File "/opt/homebrew/lib/python3.11/site-packages/flask/app.py", line 2528, in wsgi_app
    response = self.full_dispatch_request()
               ^^^^^^^^^^^^^^^^^^^^^^^^^^^^
  File "/opt/homebrew/lib/python3.11/site-packages/flask/app.py", line 1825, in full_dispatch_request
    rv = self.handle_user_exception(e)
         ^^^^^^^^^^^^^^^^^^^^^^^^^^^^^
  File "/opt/homebrew/lib/python3.11/site-packages/flask/app.py", line 1823, in full_dispatch_request
    rv = self.dispatch_request()
         ^^^^^^^^^^^^^^^^^^^^^^^
  File "/opt/homebrew/lib/python3.11/site-packages/flask/app.py", line 1799, in dispatch_request
    return self.ensure_sync(self.view_functions[rule.endpoint])(**view_args)
           ^^^^^^^^^^^^^^^^^^^^^^^^^^^^^^^^^^^^^^^^^^^^^^^^^^^^^^^^^^^^^^^^^
  File "/Users/wbabich/PycharmProjects/plant_app/app.py", line 71, in search_plant
    return render_template('plant_info.html', plant_info=plant_info)
           ^^^^^^^^^^^^^^^^^^^^^^^^^^^^^^^^^^^^^^^^^^^^^^^^^^^^^^^^^
  File "/opt/homebrew/lib/python3.11/site-packages/flask/templating.py", line 147, in render_template
    return _render(app, template, context)
           ^^^^^^^^^^^^^^^^^^^^^^^^^^^^^^^
  File "/opt/homebrew/lib/python3.11/site-packages/flask/templating.py", line 130, in _render
    rv = template.render(context)
         ^^^^^^^^^^^^^^^^^^^^^^^^
  File "/opt/homebrew/lib/python3.11/site-packages/jinja2/environment.py", line 1301, in render
    self.environment.handle_exception()
  File "/opt/homebrew/lib/python3.11/site-packages/jinja2/environment.py", line 936, in handle_exception
    raise rewrite_traceback_stack(source=source)
  File "/Users/wbabich/PycharmProjects/plant_app/templates/plant_info.html", line 1, in top-level template code
    {% extends 'base.html' %}
  File "/Users/wbabich/PycharmProjects/plant_app/templates/base.html", line 44, in top-level template code
    {% block content %}
  File "/Users/wbabich/PycharmProjects/plant_app/templates/plant_info.html", line 22, in block 'content'
    <td>{{ plant.common_name if plant.common_name else "No data" }}</td>
    ^^^^^^^^^^^^^^^^^^^^^^^^^
  File "/opt/homebrew/lib/python3.11/site-packages/jinja2/environment.py", line 485, in getattr
    return getattr(obj, attribute)
           ^^^^^^^^^^^^^^^^^^^^^^^
jinja2.exceptions.UndefinedError: 'plant' is undefined
2023-04-28 14:36:59,167 - app - ERROR - Exception on /search_plant [GET]
Traceback (most recent call last):
  File "/opt/homebrew/lib/python3.11/site-packages/flask/app.py", line 2528, in wsgi_app
    response = self.full_dispatch_request()
               ^^^^^^^^^^^^^^^^^^^^^^^^^^^^
  File "/opt/homebrew/lib/python3.11/site-packages/flask/app.py", line 1825, in full_dispatch_request
    rv = self.handle_user_exception(e)
         ^^^^^^^^^^^^^^^^^^^^^^^^^^^^^
  File "/opt/homebrew/lib/python3.11/site-packages/flask/app.py", line 1823, in full_dispatch_request
    rv = self.dispatch_request()
         ^^^^^^^^^^^^^^^^^^^^^^^
  File "/opt/homebrew/lib/python3.11/site-packages/flask/app.py", line 1799, in dispatch_request
    return self.ensure_sync(self.view_functions[rule.endpoint])(**view_args)
           ^^^^^^^^^^^^^^^^^^^^^^^^^^^^^^^^^^^^^^^^^^^^^^^^^^^^^^^^^^^^^^^^^
  File "/Users/wbabich/PycharmProjects/plant_app/app.py", line 71, in search_plant
    return render_template('plant_info.html', plant_info=plant_info)
           ^^^^^^^^^^^^^^^^^^^^^^^^^^^^^^^^^^^^^^^^^^^^^^^^^^^^^^^^^
  File "/opt/homebrew/lib/python3.11/site-packages/flask/templating.py", line 147, in render_template
    return _render(app, template, context)
           ^^^^^^^^^^^^^^^^^^^^^^^^^^^^^^^
  File "/opt/homebrew/lib/python3.11/site-packages/flask/templating.py", line 130, in _render
    rv = template.render(context)
         ^^^^^^^^^^^^^^^^^^^^^^^^
  File "/opt/homebrew/lib/python3.11/site-packages/jinja2/environment.py", line 1301, in render
    self.environment.handle_exception()
  File "/opt/homebrew/lib/python3.11/site-packages/jinja2/environment.py", line 936, in handle_exception
    raise rewrite_traceback_stack(source=source)
  File "/Users/wbabich/PycharmProjects/plant_app/templates/plant_info.html", line 1, in top-level template code
    {% extends 'base.html' %}
  File "/Users/wbabich/PycharmProjects/plant_app/templates/base.html", line 44, in top-level template code
    {% block content %}
  File "/Users/wbabich/PycharmProjects/plant_app/templates/plant_info.html", line 22, in block 'content'
    <td>{{ plant.common_name if plant.common_name else "No data" }}</td>
    ^^^^^^^^^^^^^^^^^^^^^^^^^
  File "/opt/homebrew/lib/python3.11/site-packages/jinja2/environment.py", line 485, in getattr
    return getattr(obj, attribute)
           ^^^^^^^^^^^^^^^^^^^^^^^
jinja2.exceptions.UndefinedError: 'plant' is undefined
2023-04-28 14:40:13,640 - app - ERROR - Exception on /search_plant [GET]
Traceback (most recent call last):
  File "/opt/homebrew/lib/python3.11/site-packages/flask/app.py", line 2528, in wsgi_app
    response = self.full_dispatch_request()
               ^^^^^^^^^^^^^^^^^^^^^^^^^^^^
  File "/opt/homebrew/lib/python3.11/site-packages/flask/app.py", line 1825, in full_dispatch_request
    rv = self.handle_user_exception(e)
         ^^^^^^^^^^^^^^^^^^^^^^^^^^^^^
  File "/opt/homebrew/lib/python3.11/site-packages/flask/app.py", line 1823, in full_dispatch_request
    rv = self.dispatch_request()
         ^^^^^^^^^^^^^^^^^^^^^^^
  File "/opt/homebrew/lib/python3.11/site-packages/flask/app.py", line 1799, in dispatch_request
    return self.ensure_sync(self.view_functions[rule.endpoint])(**view_args)
           ^^^^^^^^^^^^^^^^^^^^^^^^^^^^^^^^^^^^^^^^^^^^^^^^^^^^^^^^^^^^^^^^^
  File "/Users/wbabich/PycharmProjects/plant_app/app.py", line 71, in search_plant
    return render_template('plant_info.html', plant_info=plant_info)
           ^^^^^^^^^^^^^^^^^^^^^^^^^^^^^^^^^^^^^^^^^^^^^^^^^^^^^^^^^
  File "/opt/homebrew/lib/python3.11/site-packages/flask/templating.py", line 147, in render_template
    return _render(app, template, context)
           ^^^^^^^^^^^^^^^^^^^^^^^^^^^^^^^
  File "/opt/homebrew/lib/python3.11/site-packages/flask/templating.py", line 130, in _render
    rv = template.render(context)
         ^^^^^^^^^^^^^^^^^^^^^^^^
  File "/opt/homebrew/lib/python3.11/site-packages/jinja2/environment.py", line 1301, in render
    self.environment.handle_exception()
  File "/opt/homebrew/lib/python3.11/site-packages/jinja2/environment.py", line 936, in handle_exception
    raise rewrite_traceback_stack(source=source)
  File "/Users/wbabich/PycharmProjects/plant_app/templates/plant_info.html", line 1, in top-level template code
    {% extends 'base.html' %}
  File "/Users/wbabich/PycharmProjects/plant_app/templates/base.html", line 44, in top-level template code
    {% block content %}
  File "/Users/wbabich/PycharmProjects/plant_app/templates/plant_info.html", line 22, in block 'content'
    <td>{{ plant.common_name if plant.common_name else "No data" }}</td>
    ^^^^^^^^^^^^^^^^^^^^^^^^^
  File "/opt/homebrew/lib/python3.11/site-packages/jinja2/environment.py", line 485, in getattr
    return getattr(obj, attribute)
           ^^^^^^^^^^^^^^^^^^^^^^^
jinja2.exceptions.UndefinedError: 'plant' is undefined
2023-04-28 14:41:30,408 - app - ERROR - Exception on /search_plant [GET]
Traceback (most recent call last):
  File "/opt/homebrew/lib/python3.11/site-packages/flask/app.py", line 2528, in wsgi_app
    response = self.full_dispatch_request()
               ^^^^^^^^^^^^^^^^^^^^^^^^^^^^
  File "/opt/homebrew/lib/python3.11/site-packages/flask/app.py", line 1825, in full_dispatch_request
    rv = self.handle_user_exception(e)
         ^^^^^^^^^^^^^^^^^^^^^^^^^^^^^
  File "/opt/homebrew/lib/python3.11/site-packages/flask/app.py", line 1823, in full_dispatch_request
    rv = self.dispatch_request()
         ^^^^^^^^^^^^^^^^^^^^^^^
  File "/opt/homebrew/lib/python3.11/site-packages/flask/app.py", line 1799, in dispatch_request
    return self.ensure_sync(self.view_functions[rule.endpoint])(**view_args)
           ^^^^^^^^^^^^^^^^^^^^^^^^^^^^^^^^^^^^^^^^^^^^^^^^^^^^^^^^^^^^^^^^^
  File "/Users/wbabich/PycharmProjects/plant_app/app.py", line 74, in search_plant
    return render_template('search_plant.html')
           ^^^^^^^^^^^^^^^^^^^^^^^^^^^^^^^^^^^^
  File "/opt/homebrew/lib/python3.11/site-packages/flask/templating.py", line 147, in render_template
    return _render(app, template, context)
           ^^^^^^^^^^^^^^^^^^^^^^^^^^^^^^^
  File "/opt/homebrew/lib/python3.11/site-packages/flask/templating.py", line 130, in _render
    rv = template.render(context)
         ^^^^^^^^^^^^^^^^^^^^^^^^
  File "/opt/homebrew/lib/python3.11/site-packages/jinja2/environment.py", line 1301, in render
    self.environment.handle_exception()
  File "/opt/homebrew/lib/python3.11/site-packages/jinja2/environment.py", line 936, in handle_exception
    raise rewrite_traceback_stack(source=source)
  File "/Users/wbabich/PycharmProjects/plant_app/templates/search_plant.html", line 1, in top-level template code
    {% extends 'base.html' %}
  File "/Users/wbabich/PycharmProjects/plant_app/templates/base.html", line 44, in top-level template code
    {% block content %}
  File "/Users/wbabich/PycharmProjects/plant_app/templates/search_plant.html", line 22, in block 'content'
    <p>Would you like to <a href="{{ url_for('add_plant') }}">add it to our database</a>?</p>
    ^^^^^^^^^^^^^^^^^^^^^^^^^
  File "/opt/homebrew/lib/python3.11/site-packages/flask/app.py", line 2034, in url_for
    return self.handle_url_build_error(error, endpoint, values)
           ^^^^^^^^^^^^^^^^^^^^^^^^^^^^^^^^^^^^^^^^^^^^^^^^^^^^
  File "/opt/homebrew/lib/python3.11/site-packages/flask/app.py", line 2023, in url_for
    rv = url_adapter.build(  # type: ignore[union-attr]
         ^^^^^^^^^^^^^^^^^^^^^^^^^^^^^^^^^^^^^^^^^^^^^^
  File "/opt/homebrew/lib/python3.11/site-packages/werkzeug/routing/map.py", line 917, in build
    raise BuildError(endpoint, values, method, self)
werkzeug.routing.exceptions.BuildError: Could not build url for endpoint 'add_plant'. Did you mean 'search_plant' instead?
2023-04-28 15:09:28,101 - app - ERROR - Exception on /search_plant [GET]
Traceback (most recent call last):
  File "/opt/homebrew/lib/python3.11/site-packages/flask/app.py", line 2528, in wsgi_app
    response = self.full_dispatch_request()
               ^^^^^^^^^^^^^^^^^^^^^^^^^^^^
  File "/opt/homebrew/lib/python3.11/site-packages/flask/app.py", line 1825, in full_dispatch_request
    rv = self.handle_user_exception(e)
         ^^^^^^^^^^^^^^^^^^^^^^^^^^^^^
  File "/opt/homebrew/lib/python3.11/site-packages/flask/app.py", line 1823, in full_dispatch_request
    rv = self.dispatch_request()
         ^^^^^^^^^^^^^^^^^^^^^^^
  File "/opt/homebrew/lib/python3.11/site-packages/flask/app.py", line 1799, in dispatch_request
    return self.ensure_sync(self.view_functions[rule.endpoint])(**view_args)
           ^^^^^^^^^^^^^^^^^^^^^^^^^^^^^^^^^^^^^^^^^^^^^^^^^^^^^^^^^^^^^^^^^
  File "/Users/wbabich/PycharmProjects/plant_app/app.py", line 63, in search_plant
    matching_plants = search_plants(query)
                      ^^^^^^^^^^^^^
NameError: name 'search_plants' is not defined
2023-04-28 15:14:05,319 - app - ERROR - Exception on /search_plant [GET]
Traceback (most recent call last):
  File "/opt/homebrew/lib/python3.11/site-packages/flask/app.py", line 2528, in wsgi_app
    response = self.full_dispatch_request()
               ^^^^^^^^^^^^^^^^^^^^^^^^^^^^
  File "/opt/homebrew/lib/python3.11/site-packages/flask/app.py", line 1825, in full_dispatch_request
    rv = self.handle_user_exception(e)
         ^^^^^^^^^^^^^^^^^^^^^^^^^^^^^
  File "/opt/homebrew/lib/python3.11/site-packages/flask/app.py", line 1823, in full_dispatch_request
    rv = self.dispatch_request()
         ^^^^^^^^^^^^^^^^^^^^^^^
  File "/opt/homebrew/lib/python3.11/site-packages/flask/app.py", line 1799, in dispatch_request
    return self.ensure_sync(self.view_functions[rule.endpoint])(**view_args)
           ^^^^^^^^^^^^^^^^^^^^^^^^^^^^^^^^^^^^^^^^^^^^^^^^^^^^^^^^^^^^^^^^^
  File "/Users/wbabich/PycharmProjects/plant_app/app.py", line 63, in search_plant
    matching_plants = search_plant(query)
                      ^^^^^^^^^^^^^^^^^^^
TypeError: search_plant() takes 0 positional arguments but 1 was given
2023-04-28 15:31:42,607 - app - ERROR - Exception on /search_plant [GET]
Traceback (most recent call last):
  File "/opt/homebrew/lib/python3.11/site-packages/flask/app.py", line 2528, in wsgi_app
    response = self.full_dispatch_request()
               ^^^^^^^^^^^^^^^^^^^^^^^^^^^^
  File "/opt/homebrew/lib/python3.11/site-packages/flask/app.py", line 1825, in full_dispatch_request
    rv = self.handle_user_exception(e)
         ^^^^^^^^^^^^^^^^^^^^^^^^^^^^^
  File "/opt/homebrew/lib/python3.11/site-packages/flask/app.py", line 1823, in full_dispatch_request
    rv = self.dispatch_request()
         ^^^^^^^^^^^^^^^^^^^^^^^
  File "/opt/homebrew/lib/python3.11/site-packages/flask/app.py", line 1799, in dispatch_request
    return self.ensure_sync(self.view_functions[rule.endpoint])(**view_args)
           ^^^^^^^^^^^^^^^^^^^^^^^^^^^^^^^^^^^^^^^^^^^^^^^^^^^^^^^^^^^^^^^^^
  File "/Users/wbabich/PycharmProjects/plant_app/app.py", line 63, in search_plant
    matching_plants = search_plant(query)
                      ^^^^^^^^^^^^^^^^^^^
TypeError: search_plant() takes 0 positional arguments but 1 was given
2023-04-28 15:33:14,062 - app - ERROR - Exception on /search_plant [GET]
Traceback (most recent call last):
  File "/opt/homebrew/lib/python3.11/site-packages/flask/app.py", line 2528, in wsgi_app
    response = self.full_dispatch_request()
               ^^^^^^^^^^^^^^^^^^^^^^^^^^^^
  File "/opt/homebrew/lib/python3.11/site-packages/flask/app.py", line 1825, in full_dispatch_request
    rv = self.handle_user_exception(e)
         ^^^^^^^^^^^^^^^^^^^^^^^^^^^^^
  File "/opt/homebrew/lib/python3.11/site-packages/flask/app.py", line 1823, in full_dispatch_request
    rv = self.dispatch_request()
         ^^^^^^^^^^^^^^^^^^^^^^^
  File "/opt/homebrew/lib/python3.11/site-packages/flask/app.py", line 1799, in dispatch_request
    return self.ensure_sync(self.view_functions[rule.endpoint])(**view_args)
           ^^^^^^^^^^^^^^^^^^^^^^^^^^^^^^^^^^^^^^^^^^^^^^^^^^^^^^^^^^^^^^^^^
  File "/Users/wbabich/PycharmProjects/plant_app/app.py", line 63, in search_plant
    matching_plants = search_plant(query)
                      ^^^^^^^^^^^^^^^^^^^
TypeError: search_plant() takes 0 positional arguments but 1 was given
2023-04-28 15:33:22,111 - app - ERROR - Exception on /search_plant [GET]
Traceback (most recent call last):
  File "/opt/homebrew/lib/python3.11/site-packages/flask/app.py", line 2528, in wsgi_app
    response = self.full_dispatch_request()
               ^^^^^^^^^^^^^^^^^^^^^^^^^^^^
  File "/opt/homebrew/lib/python3.11/site-packages/flask/app.py", line 1825, in full_dispatch_request
    rv = self.handle_user_exception(e)
         ^^^^^^^^^^^^^^^^^^^^^^^^^^^^^
  File "/opt/homebrew/lib/python3.11/site-packages/flask/app.py", line 1823, in full_dispatch_request
    rv = self.dispatch_request()
         ^^^^^^^^^^^^^^^^^^^^^^^
  File "/opt/homebrew/lib/python3.11/site-packages/flask/app.py", line 1799, in dispatch_request
    return self.ensure_sync(self.view_functions[rule.endpoint])(**view_args)
           ^^^^^^^^^^^^^^^^^^^^^^^^^^^^^^^^^^^^^^^^^^^^^^^^^^^^^^^^^^^^^^^^^
  File "/Users/wbabich/PycharmProjects/plant_app/app.py", line 63, in search_plant
    matching_plants = search_plant(query)
                      ^^^^^^^^^^^^^^^^^^^
TypeError: search_plant() takes 0 positional arguments but 1 was given
2023-04-28 15:38:00,893 - app - ERROR - Exception on /search [GET]
Traceback (most recent call last):
  File "/opt/homebrew/lib/python3.11/site-packages/flask/app.py", line 2528, in wsgi_app
    response = self.full_dispatch_request()
               ^^^^^^^^^^^^^^^^^^^^^^^^^^^^
  File "/opt/homebrew/lib/python3.11/site-packages/flask/app.py", line 1825, in full_dispatch_request
    rv = self.handle_user_exception(e)
         ^^^^^^^^^^^^^^^^^^^^^^^^^^^^^
  File "/opt/homebrew/lib/python3.11/site-packages/flask/app.py", line 1823, in full_dispatch_request
    rv = self.dispatch_request()
         ^^^^^^^^^^^^^^^^^^^^^^^
  File "/opt/homebrew/lib/python3.11/site-packages/flask/app.py", line 1799, in dispatch_request
    return self.ensure_sync(self.view_functions[rule.endpoint])(**view_args)
           ^^^^^^^^^^^^^^^^^^^^^^^^^^^^^^^^^^^^^^^^^^^^^^^^^^^^^^^^^^^^^^^^^
  File "/Users/wbabich/PycharmProjects/plant_app/app.py", line 63, in search_plant
    plants = db_session.query(Plant).filter(or_(Plant.common_name.ilike(f'%{query}%'), Plant.scientific_name.ilike(f'%{query}%'))).all()
             ^^^^^^^^^^
NameError: name 'db_session' is not defined
2023-04-28 15:53:43,883 - app - ERROR - Exception on /search [GET]
Traceback (most recent call last):
  File "/opt/homebrew/lib/python3.11/site-packages/flask/app.py", line 2528, in wsgi_app
    response = self.full_dispatch_request()
               ^^^^^^^^^^^^^^^^^^^^^^^^^^^^
  File "/opt/homebrew/lib/python3.11/site-packages/flask/app.py", line 1825, in full_dispatch_request
    rv = self.handle_user_exception(e)
         ^^^^^^^^^^^^^^^^^^^^^^^^^^^^^
  File "/opt/homebrew/lib/python3.11/site-packages/flask/app.py", line 1823, in full_dispatch_request
    rv = self.dispatch_request()
         ^^^^^^^^^^^^^^^^^^^^^^^
  File "/opt/homebrew/lib/python3.11/site-packages/flask/app.py", line 1799, in dispatch_request
    return self.ensure_sync(self.view_functions[rule.endpoint])(**view_args)
           ^^^^^^^^^^^^^^^^^^^^^^^^^^^^^^^^^^^^^^^^^^^^^^^^^^^^^^^^^^^^^^^^^
  File "/Users/wbabich/PycharmProjects/plant_app/app.py", line 75, in search_plant
    return render_template('plants_info.html', plants=plants, query=query)
           ^^^^^^^^^^^^^^^^^^^^^^^^^^^^^^^^^^^^^^^^^^^^^^^^^^^^^^^^^^^^^^^
  File "/opt/homebrew/lib/python3.11/site-packages/flask/templating.py", line 146, in render_template
    template = app.jinja_env.get_or_select_template(template_name_or_list)
               ^^^^^^^^^^^^^^^^^^^^^^^^^^^^^^^^^^^^^^^^^^^^^^^^^^^^^^^^^^^
  File "/opt/homebrew/lib/python3.11/site-packages/jinja2/environment.py", line 1081, in get_or_select_template
    return self.get_template(template_name_or_list, parent, globals)
           ^^^^^^^^^^^^^^^^^^^^^^^^^^^^^^^^^^^^^^^^^^^^^^^^^^^^^^^^^
  File "/opt/homebrew/lib/python3.11/site-packages/jinja2/environment.py", line 1010, in get_template
    return self._load_template(name, globals)
           ^^^^^^^^^^^^^^^^^^^^^^^^^^^^^^^^^^
  File "/opt/homebrew/lib/python3.11/site-packages/jinja2/environment.py", line 969, in _load_template
    template = self.loader.load(self, name, self.make_globals(globals))
               ^^^^^^^^^^^^^^^^^^^^^^^^^^^^^^^^^^^^^^^^^^^^^^^^^^^^^^^^
  File "/opt/homebrew/lib/python3.11/site-packages/jinja2/loaders.py", line 126, in load
    source, filename, uptodate = self.get_source(environment, name)
                                 ^^^^^^^^^^^^^^^^^^^^^^^^^^^^^^^^^^
  File "/opt/homebrew/lib/python3.11/site-packages/flask/templating.py", line 62, in get_source
    return self._get_source_fast(environment, template)
           ^^^^^^^^^^^^^^^^^^^^^^^^^^^^^^^^^^^^^^^^^^^^
  File "/opt/homebrew/lib/python3.11/site-packages/flask/templating.py", line 98, in _get_source_fast
    raise TemplateNotFound(template)
jinja2.exceptions.TemplateNotFound: plants_info.html
2023-04-28 15:56:35,327 - app - ERROR - Exception on /search [GET]
Traceback (most recent call last):
  File "/opt/homebrew/lib/python3.11/site-packages/flask/app.py", line 2528, in wsgi_app
    response = self.full_dispatch_request()
               ^^^^^^^^^^^^^^^^^^^^^^^^^^^^
  File "/opt/homebrew/lib/python3.11/site-packages/flask/app.py", line 1825, in full_dispatch_request
    rv = self.handle_user_exception(e)
         ^^^^^^^^^^^^^^^^^^^^^^^^^^^^^
  File "/opt/homebrew/lib/python3.11/site-packages/flask/app.py", line 1823, in full_dispatch_request
    rv = self.dispatch_request()
         ^^^^^^^^^^^^^^^^^^^^^^^
  File "/opt/homebrew/lib/python3.11/site-packages/flask/app.py", line 1799, in dispatch_request
    return self.ensure_sync(self.view_functions[rule.endpoint])(**view_args)
           ^^^^^^^^^^^^^^^^^^^^^^^^^^^^^^^^^^^^^^^^^^^^^^^^^^^^^^^^^^^^^^^^^
  File "/Users/wbabich/PycharmProjects/plant_app/app.py", line 75, in search_plant
    return render_template('plant_info.html', plants=plants, query=query)
           ^^^^^^^^^^^^^^^^^^^^^^^^^^^^^^^^^^^^^^^^^^^^^^^^^^^^^^^^^^^^^^
  File "/opt/homebrew/lib/python3.11/site-packages/flask/templating.py", line 147, in render_template
    return _render(app, template, context)
           ^^^^^^^^^^^^^^^^^^^^^^^^^^^^^^^
  File "/opt/homebrew/lib/python3.11/site-packages/flask/templating.py", line 130, in _render
    rv = template.render(context)
         ^^^^^^^^^^^^^^^^^^^^^^^^
  File "/opt/homebrew/lib/python3.11/site-packages/jinja2/environment.py", line 1301, in render
    self.environment.handle_exception()
  File "/opt/homebrew/lib/python3.11/site-packages/jinja2/environment.py", line 936, in handle_exception
    raise rewrite_traceback_stack(source=source)
  File "/Users/wbabich/PycharmProjects/plant_app/templates/plant_info.html", line 1, in top-level template code
    {% extends 'base.html' %}
  File "/Users/wbabich/PycharmProjects/plant_app/templates/base.html", line 43, in top-level template code
    {% block content %}
  File "/Users/wbabich/PycharmProjects/plant_app/templates/plant_info.html", line 22, in block 'content'
    <td>{{ plant_info.common_name if plant_info.common_name else "No data" }}</td>
    ^^^^^^^^^^^^^^^^^^^^^^^^^
  File "/opt/homebrew/lib/python3.11/site-packages/jinja2/environment.py", line 485, in getattr
    return getattr(obj, attribute)
           ^^^^^^^^^^^^^^^^^^^^^^^
jinja2.exceptions.UndefinedError: 'plant_info' is undefined
2023-04-28 15:59:34,376 - app - ERROR - Exception on /search [GET]
Traceback (most recent call last):
  File "/opt/homebrew/lib/python3.11/site-packages/flask/app.py", line 2528, in wsgi_app
    response = self.full_dispatch_request()
               ^^^^^^^^^^^^^^^^^^^^^^^^^^^^
  File "/opt/homebrew/lib/python3.11/site-packages/flask/app.py", line 1825, in full_dispatch_request
    rv = self.handle_user_exception(e)
         ^^^^^^^^^^^^^^^^^^^^^^^^^^^^^
  File "/opt/homebrew/lib/python3.11/site-packages/flask/app.py", line 1823, in full_dispatch_request
    rv = self.dispatch_request()
         ^^^^^^^^^^^^^^^^^^^^^^^
  File "/opt/homebrew/lib/python3.11/site-packages/flask/app.py", line 1799, in dispatch_request
    return self.ensure_sync(self.view_functions[rule.endpoint])(**view_args)
           ^^^^^^^^^^^^^^^^^^^^^^^^^^^^^^^^^^^^^^^^^^^^^^^^^^^^^^^^^^^^^^^^^
  File "/Users/wbabich/PycharmProjects/plant_app/app.py", line 75, in search_plant
    return render_template('plant_info.html', plants=plant_info, query=query)
                                                     ^^^^^^^^^^
NameError: name 'plant_info' is not defined
2023-04-28 16:26:37,386 - app - ERROR - Exception on /search [POST]
Traceback (most recent call last):
  File "/opt/homebrew/lib/python3.11/site-packages/flask/app.py", line 2528, in wsgi_app
    response = self.full_dispatch_request()
               ^^^^^^^^^^^^^^^^^^^^^^^^^^^^
  File "/opt/homebrew/lib/python3.11/site-packages/flask/app.py", line 1825, in full_dispatch_request
    rv = self.handle_user_exception(e)
         ^^^^^^^^^^^^^^^^^^^^^^^^^^^^^
  File "/opt/homebrew/lib/python3.11/site-packages/flask/app.py", line 1823, in full_dispatch_request
    rv = self.dispatch_request()
         ^^^^^^^^^^^^^^^^^^^^^^^
  File "/opt/homebrew/lib/python3.11/site-packages/flask/app.py", line 1799, in dispatch_request
    return self.ensure_sync(self.view_functions[rule.endpoint])(**view_args)
           ^^^^^^^^^^^^^^^^^^^^^^^^^^^^^^^^^^^^^^^^^^^^^^^^^^^^^^^^^^^^^^^^^
  File "/Users/wbabich/PycharmProjects/plant_app/app.py", line 81, in search_plant
    return redirect(url_for('plant_info', id=plant.id))
                    ^^^^^^^^^^^^^^^^^^^^^^^^^^^^^^^^^^
  File "/opt/homebrew/lib/python3.11/site-packages/flask/helpers.py", line 256, in url_for
    return current_app.url_for(
           ^^^^^^^^^^^^^^^^^^^^
  File "/opt/homebrew/lib/python3.11/site-packages/flask/app.py", line 2034, in url_for
    return self.handle_url_build_error(error, endpoint, values)
           ^^^^^^^^^^^^^^^^^^^^^^^^^^^^^^^^^^^^^^^^^^^^^^^^^^^^
  File "/opt/homebrew/lib/python3.11/site-packages/flask/app.py", line 2023, in url_for
    rv = url_adapter.build(  # type: ignore[union-attr]
         ^^^^^^^^^^^^^^^^^^^^^^^^^^^^^^^^^^^^^^^^^^^^^^
  File "/opt/homebrew/lib/python3.11/site-packages/werkzeug/routing/map.py", line 917, in build
    raise BuildError(endpoint, values, method, self)
werkzeug.routing.exceptions.BuildError: Could not build url for endpoint 'plant_info' with values ['id']. Did you mean 'plant_information' instead?
2023-04-28 16:28:44,608 - app - ERROR - Exception on /add_plant [GET]
Traceback (most recent call last):
  File "/opt/homebrew/lib/python3.11/site-packages/flask/app.py", line 2528, in wsgi_app
    response = self.full_dispatch_request()
               ^^^^^^^^^^^^^^^^^^^^^^^^^^^^
  File "/opt/homebrew/lib/python3.11/site-packages/flask/app.py", line 1825, in full_dispatch_request
    rv = self.handle_user_exception(e)
         ^^^^^^^^^^^^^^^^^^^^^^^^^^^^^
  File "/opt/homebrew/lib/python3.11/site-packages/flask/app.py", line 1823, in full_dispatch_request
    rv = self.dispatch_request()
         ^^^^^^^^^^^^^^^^^^^^^^^
  File "/opt/homebrew/lib/python3.11/site-packages/flask/app.py", line 1799, in dispatch_request
    return self.ensure_sync(self.view_functions[rule.endpoint])(**view_args)
           ^^^^^^^^^^^^^^^^^^^^^^^^^^^^^^^^^^^^^^^^^^^^^^^^^^^^^^^^^^^^^^^^^
  File "/Users/wbabich/PycharmProjects/plant_app/app.py", line 101, in add_plant
    plant_info = get_plant_info()
                 ^^^^^^^^^^^^^^^^
TypeError: get_plant_info() missing 1 required positional argument: 'plant_name'
2023-04-28 16:56:38,340 - app - ERROR - Exception on /add_plant [GET]
Traceback (most recent call last):
  File "/opt/homebrew/lib/python3.11/site-packages/flask/app.py", line 2528, in wsgi_app
    response = self.full_dispatch_request()
               ^^^^^^^^^^^^^^^^^^^^^^^^^^^^
  File "/opt/homebrew/lib/python3.11/site-packages/flask/app.py", line 1825, in full_dispatch_request
    rv = self.handle_user_exception(e)
         ^^^^^^^^^^^^^^^^^^^^^^^^^^^^^
  File "/opt/homebrew/lib/python3.11/site-packages/flask/app.py", line 1823, in full_dispatch_request
    rv = self.dispatch_request()
         ^^^^^^^^^^^^^^^^^^^^^^^
  File "/opt/homebrew/lib/python3.11/site-packages/flask/app.py", line 1799, in dispatch_request
    return self.ensure_sync(self.view_functions[rule.endpoint])(**view_args)
           ^^^^^^^^^^^^^^^^^^^^^^^^^^^^^^^^^^^^^^^^^^^^^^^^^^^^^^^^^^^^^^^^^
  File "/Users/wbabich/PycharmProjects/plant_app/app.py", line 108, in add_plant
    return render_template('search_plant.html')
           ^^^^^^^^^^^^^^^^^^^^^^^^^^^^^^^^^^^^
  File "/opt/homebrew/lib/python3.11/site-packages/flask/templating.py", line 147, in render_template
    return _render(app, template, context)
           ^^^^^^^^^^^^^^^^^^^^^^^^^^^^^^^
  File "/opt/homebrew/lib/python3.11/site-packages/flask/templating.py", line 130, in _render
    rv = template.render(context)
         ^^^^^^^^^^^^^^^^^^^^^^^^
  File "/opt/homebrew/lib/python3.11/site-packages/jinja2/environment.py", line 1301, in render
    self.environment.handle_exception()
  File "/opt/homebrew/lib/python3.11/site-packages/jinja2/environment.py", line 936, in handle_exception
    raise rewrite_traceback_stack(source=source)
  File "/Users/wbabich/PycharmProjects/plant_app/templates/search_plant.html", line 1, in top-level template code
    {% extends 'base.html' %}
  File "/Users/wbabich/PycharmProjects/plant_app/templates/base.html", line 43, in top-level template code
    {% block content %}
  File "/Users/wbabich/PycharmProjects/plant_app/templates/search_plant.html", line 11, in block 'content'
    <form method="GET" action="{{ url_for('search_results') }}">
    ^^^^^^^^^^^^^^^^^^^^^^^^^
  File "/opt/homebrew/lib/python3.11/site-packages/flask/app.py", line 2034, in url_for
    return self.handle_url_build_error(error, endpoint, values)
           ^^^^^^^^^^^^^^^^^^^^^^^^^^^^^^^^^^^^^^^^^^^^^^^^^^^^
  File "/opt/homebrew/lib/python3.11/site-packages/flask/app.py", line 2023, in url_for
    rv = url_adapter.build(  # type: ignore[union-attr]
         ^^^^^^^^^^^^^^^^^^^^^^^^^^^^^^^^^^^^^^^^^^^^^^
  File "/opt/homebrew/lib/python3.11/site-packages/werkzeug/routing/map.py", line 917, in build
    raise BuildError(endpoint, values, method, self)
werkzeug.routing.exceptions.BuildError: Could not build url for endpoint 'search_results'. Did you mean 'search_plant' instead?
2023-04-28 17:12:30,620 - app - ERROR - Exception on /search_plant [POST]
Traceback (most recent call last):
  File "/opt/homebrew/lib/python3.11/site-packages/sqlalchemy/sql/base.py", line 2120, in _entity_namespace_key
    return getattr(ns, key)  # type: ignore
           ^^^^^^^^^^^^^^^^
AttributeError: type object 'Plant' has no attribute 'name'

The above exception was the direct cause of the following exception:

Traceback (most recent call last):
  File "/opt/homebrew/lib/python3.11/site-packages/flask/app.py", line 2528, in wsgi_app
    response = self.full_dispatch_request()
               ^^^^^^^^^^^^^^^^^^^^^^^^^^^^
  File "/opt/homebrew/lib/python3.11/site-packages/flask/app.py", line 1825, in full_dispatch_request
    rv = self.handle_user_exception(e)
         ^^^^^^^^^^^^^^^^^^^^^^^^^^^^^
  File "/opt/homebrew/lib/python3.11/site-packages/flask/app.py", line 1823, in full_dispatch_request
    rv = self.dispatch_request()
         ^^^^^^^^^^^^^^^^^^^^^^^
  File "/opt/homebrew/lib/python3.11/site-packages/flask/app.py", line 1799, in dispatch_request
    return self.ensure_sync(self.view_functions[rule.endpoint])(**view_args)
           ^^^^^^^^^^^^^^^^^^^^^^^^^^^^^^^^^^^^^^^^^^^^^^^^^^^^^^^^^^^^^^^^^
  File "/Users/wbabich/PycharmProjects/plant_app/app.py", line 74, in search_plant
    plant = Plant.query.filter_by(name=name).first()
            ^^^^^^^^^^^^^^^^^^^^^^^^^^^^^^^^
  File "/opt/homebrew/lib/python3.11/site-packages/sqlalchemy/orm/query.py", line 1998, in filter_by
    clauses = [
              ^
  File "/opt/homebrew/lib/python3.11/site-packages/sqlalchemy/orm/query.py", line 1999, in <listcomp>
    _entity_namespace_key(from_entity, key) == value
    ^^^^^^^^^^^^^^^^^^^^^^^^^^^^^^^^^^^^^^^
  File "/opt/homebrew/lib/python3.11/site-packages/sqlalchemy/sql/base.py", line 2122, in _entity_namespace_key
    raise exc.InvalidRequestError(
sqlalchemy.exc.InvalidRequestError: Entity namespace for "plants" has no property "name"
2023-04-28 17:25:06,414 - app - ERROR - Exception on /add_plant [GET]
Traceback (most recent call last):
  File "/opt/homebrew/lib/python3.11/site-packages/flask/app.py", line 2528, in wsgi_app
    response = self.full_dispatch_request()
               ^^^^^^^^^^^^^^^^^^^^^^^^^^^^
  File "/opt/homebrew/lib/python3.11/site-packages/flask/app.py", line 1825, in full_dispatch_request
    rv = self.handle_user_exception(e)
         ^^^^^^^^^^^^^^^^^^^^^^^^^^^^^
  File "/opt/homebrew/lib/python3.11/site-packages/flask/app.py", line 1823, in full_dispatch_request
    rv = self.dispatch_request()
         ^^^^^^^^^^^^^^^^^^^^^^^
  File "/opt/homebrew/lib/python3.11/site-packages/flask/app.py", line 1799, in dispatch_request
    return self.ensure_sync(self.view_functions[rule.endpoint])(**view_args)
           ^^^^^^^^^^^^^^^^^^^^^^^^^^^^^^^^^^^^^^^^^^^^^^^^^^^^^^^^^^^^^^^^^
  File "/Users/wbabich/PycharmProjects/plant_app/app.py", line 116, in add_plant
    return render_template('add_plant.html')
           ^^^^^^^^^^^^^^^^^^^^^^^^^^^^^^^^^
  File "/opt/homebrew/lib/python3.11/site-packages/flask/templating.py", line 147, in render_template
    return _render(app, template, context)
           ^^^^^^^^^^^^^^^^^^^^^^^^^^^^^^^
  File "/opt/homebrew/lib/python3.11/site-packages/flask/templating.py", line 130, in _render
    rv = template.render(context)
         ^^^^^^^^^^^^^^^^^^^^^^^^
  File "/opt/homebrew/lib/python3.11/site-packages/jinja2/environment.py", line 1301, in render
    self.environment.handle_exception()
  File "/opt/homebrew/lib/python3.11/site-packages/jinja2/environment.py", line 936, in handle_exception
    raise rewrite_traceback_stack(source=source)
  File "/Users/wbabich/PycharmProjects/plant_app/templates/add_plant.html", line 1, in top-level template code
    {% extends 'base.html' %}
  File "/Users/wbabich/PycharmProjects/plant_app/templates/base.html", line 43, in top-level template code
    {% block content %}
  File "/Users/wbabich/PycharmProjects/plant_app/templates/add_plant.html", line 13, in block 'content'
    {{ csrf_field() }}
  File "/opt/homebrew/lib/python3.11/site-packages/jinja2/utils.py", line 83, in from_obj
    if hasattr(obj, "jinja_pass_arg"):
       ^^^^^^^^^^^^^^^^^^^^^^^^^^^^^^
jinja2.exceptions.UndefinedError: 'csrf_field' is undefined
2023-04-28 17:26:59,694 - app - ERROR - Exception on /add_plant [GET]
Traceback (most recent call last):
  File "/opt/homebrew/lib/python3.11/site-packages/flask/app.py", line 2528, in wsgi_app
    response = self.full_dispatch_request()
               ^^^^^^^^^^^^^^^^^^^^^^^^^^^^
  File "/opt/homebrew/lib/python3.11/site-packages/flask/app.py", line 1825, in full_dispatch_request
    rv = self.handle_user_exception(e)
         ^^^^^^^^^^^^^^^^^^^^^^^^^^^^^
  File "/opt/homebrew/lib/python3.11/site-packages/flask/app.py", line 1823, in full_dispatch_request
    rv = self.dispatch_request()
         ^^^^^^^^^^^^^^^^^^^^^^^
  File "/opt/homebrew/lib/python3.11/site-packages/flask/app.py", line 1799, in dispatch_request
    return self.ensure_sync(self.view_functions[rule.endpoint])(**view_args)
           ^^^^^^^^^^^^^^^^^^^^^^^^^^^^^^^^^^^^^^^^^^^^^^^^^^^^^^^^^^^^^^^^^
  File "/Users/wbabich/PycharmProjects/plant_app/app.py", line 116, in add_plant
    return render_template('add_plant.html')
           ^^^^^^^^^^^^^^^^^^^^^^^^^^^^^^^^^
  File "/opt/homebrew/lib/python3.11/site-packages/flask/templating.py", line 147, in render_template
    return _render(app, template, context)
           ^^^^^^^^^^^^^^^^^^^^^^^^^^^^^^^
  File "/opt/homebrew/lib/python3.11/site-packages/flask/templating.py", line 130, in _render
    rv = template.render(context)
         ^^^^^^^^^^^^^^^^^^^^^^^^
  File "/opt/homebrew/lib/python3.11/site-packages/jinja2/environment.py", line 1301, in render
    self.environment.handle_exception()
  File "/opt/homebrew/lib/python3.11/site-packages/jinja2/environment.py", line 936, in handle_exception
    raise rewrite_traceback_stack(source=source)
  File "/Users/wbabich/PycharmProjects/plant_app/templates/add_plant.html", line 1, in top-level template code
    {% extends 'base.html' %}
  File "/Users/wbabich/PycharmProjects/plant_app/templates/base.html", line 43, in top-level template code
    {% block content %}
  File "/Users/wbabich/PycharmProjects/plant_app/templates/add_plant.html", line 13, in block 'content'
    {{ csrf_field() }}
  File "/opt/homebrew/lib/python3.11/site-packages/jinja2/utils.py", line 83, in from_obj
    if hasattr(obj, "jinja_pass_arg"):
       ^^^^^^^^^^^^^^^^^^^^^^^^^^^^^^
jinja2.exceptions.UndefinedError: 'csrf_field' is undefined
2023-04-28 17:29:14,015 - app - ERROR - Exception on /add_plant [GET]
Traceback (most recent call last):
  File "/opt/homebrew/lib/python3.11/site-packages/flask/app.py", line 2528, in wsgi_app
    response = self.full_dispatch_request()
               ^^^^^^^^^^^^^^^^^^^^^^^^^^^^
  File "/opt/homebrew/lib/python3.11/site-packages/flask/app.py", line 1825, in full_dispatch_request
    rv = self.handle_user_exception(e)
         ^^^^^^^^^^^^^^^^^^^^^^^^^^^^^
  File "/opt/homebrew/lib/python3.11/site-packages/flask/app.py", line 1823, in full_dispatch_request
    rv = self.dispatch_request()
         ^^^^^^^^^^^^^^^^^^^^^^^
  File "/opt/homebrew/lib/python3.11/site-packages/flask/app.py", line 1799, in dispatch_request
    return self.ensure_sync(self.view_functions[rule.endpoint])(**view_args)
           ^^^^^^^^^^^^^^^^^^^^^^^^^^^^^^^^^^^^^^^^^^^^^^^^^^^^^^^^^^^^^^^^^
  File "/Users/wbabich/PycharmProjects/plant_app/app.py", line 116, in add_plant
    return render_template('add_plant.html')
           ^^^^^^^^^^^^^^^^^^^^^^^^^^^^^^^^^
  File "/opt/homebrew/lib/python3.11/site-packages/flask/templating.py", line 147, in render_template
    return _render(app, template, context)
           ^^^^^^^^^^^^^^^^^^^^^^^^^^^^^^^
  File "/opt/homebrew/lib/python3.11/site-packages/flask/templating.py", line 130, in _render
    rv = template.render(context)
         ^^^^^^^^^^^^^^^^^^^^^^^^
  File "/opt/homebrew/lib/python3.11/site-packages/jinja2/environment.py", line 1301, in render
    self.environment.handle_exception()
  File "/opt/homebrew/lib/python3.11/site-packages/jinja2/environment.py", line 936, in handle_exception
    raise rewrite_traceback_stack(source=source)
  File "/Users/wbabich/PycharmProjects/plant_app/templates/add_plant.html", line 1, in top-level template code
    {% extends 'base.html' %}
  File "/Users/wbabich/PycharmProjects/plant_app/templates/base.html", line 43, in top-level template code
    {% block content %}
  File "/Users/wbabich/PycharmProjects/plant_app/templates/add_plant.html", line 13, in block 'content'
    {{ form.csrf_token }}
  File "/opt/homebrew/lib/python3.11/site-packages/jinja2/environment.py", line 485, in getattr
    return getattr(obj, attribute)
           ^^^^^^^^^^^^^^^^^^^^^^^
jinja2.exceptions.UndefinedError: 'form' is undefined
2023-04-28 17:30:49,479 - app - ERROR - Exception on /add_plant [GET]
Traceback (most recent call last):
  File "/opt/homebrew/lib/python3.11/site-packages/flask/app.py", line 2528, in wsgi_app
    response = self.full_dispatch_request()
               ^^^^^^^^^^^^^^^^^^^^^^^^^^^^
  File "/opt/homebrew/lib/python3.11/site-packages/flask/app.py", line 1825, in full_dispatch_request
    rv = self.handle_user_exception(e)
         ^^^^^^^^^^^^^^^^^^^^^^^^^^^^^
  File "/opt/homebrew/lib/python3.11/site-packages/flask/app.py", line 1823, in full_dispatch_request
    rv = self.dispatch_request()
         ^^^^^^^^^^^^^^^^^^^^^^^
  File "/opt/homebrew/lib/python3.11/site-packages/flask/app.py", line 1799, in dispatch_request
    return self.ensure_sync(self.view_functions[rule.endpoint])(**view_args)
           ^^^^^^^^^^^^^^^^^^^^^^^^^^^^^^^^^^^^^^^^^^^^^^^^^^^^^^^^^^^^^^^^^
  File "/Users/wbabich/PycharmProjects/plant_app/app.py", line 116, in add_plant
    form = AddPlantForm()
           ^^^^^^^^^^^^
NameError: name 'AddPlantForm' is not defined
2023-04-28 17:33:32,660 - app - ERROR - Exception on /search_results [POST]
Traceback (most recent call last):
  File "/opt/homebrew/lib/python3.11/site-packages/sqlalchemy/sql/base.py", line 2120, in _entity_namespace_key
    return getattr(ns, key)  # type: ignore
           ^^^^^^^^^^^^^^^^
AttributeError: type object 'Plant' has no attribute 'name'

The above exception was the direct cause of the following exception:

Traceback (most recent call last):
  File "/opt/homebrew/lib/python3.11/site-packages/flask/app.py", line 2528, in wsgi_app
    response = self.full_dispatch_request()
               ^^^^^^^^^^^^^^^^^^^^^^^^^^^^
  File "/opt/homebrew/lib/python3.11/site-packages/flask/app.py", line 1825, in full_dispatch_request
    rv = self.handle_user_exception(e)
         ^^^^^^^^^^^^^^^^^^^^^^^^^^^^^
  File "/opt/homebrew/lib/python3.11/site-packages/flask/app.py", line 1823, in full_dispatch_request
    rv = self.dispatch_request()
         ^^^^^^^^^^^^^^^^^^^^^^^
  File "/opt/homebrew/lib/python3.11/site-packages/flask/app.py", line 1799, in dispatch_request
    return self.ensure_sync(self.view_functions[rule.endpoint])(**view_args)
           ^^^^^^^^^^^^^^^^^^^^^^^^^^^^^^^^^^^^^^^^^^^^^^^^^^^^^^^^^^^^^^^^^
  File "/Users/wbabich/PycharmProjects/plant_app/app.py", line 95, in search_results
    plant = Plant.query.filter_by(name=name).first()
            ^^^^^^^^^^^^^^^^^^^^^^^^^^^^^^^^
  File "/opt/homebrew/lib/python3.11/site-packages/sqlalchemy/orm/query.py", line 1998, in filter_by
    clauses = [
              ^
  File "/opt/homebrew/lib/python3.11/site-packages/sqlalchemy/orm/query.py", line 1999, in <listcomp>
    _entity_namespace_key(from_entity, key) == value
    ^^^^^^^^^^^^^^^^^^^^^^^^^^^^^^^^^^^^^^^
  File "/opt/homebrew/lib/python3.11/site-packages/sqlalchemy/sql/base.py", line 2122, in _entity_namespace_key
    raise exc.InvalidRequestError(
sqlalchemy.exc.InvalidRequestError: Entity namespace for "plants" has no property "name"
2023-04-28 17:36:09,961 - app - ERROR - Exception on /add_plant [GET]
Traceback (most recent call last):
  File "/opt/homebrew/lib/python3.11/site-packages/flask/app.py", line 2528, in wsgi_app
    response = self.full_dispatch_request()
               ^^^^^^^^^^^^^^^^^^^^^^^^^^^^
  File "/opt/homebrew/lib/python3.11/site-packages/flask/app.py", line 1825, in full_dispatch_request
    rv = self.handle_user_exception(e)
         ^^^^^^^^^^^^^^^^^^^^^^^^^^^^^
  File "/opt/homebrew/lib/python3.11/site-packages/flask/app.py", line 1823, in full_dispatch_request
    rv = self.dispatch_request()
         ^^^^^^^^^^^^^^^^^^^^^^^
  File "/opt/homebrew/lib/python3.11/site-packages/flask/app.py", line 1799, in dispatch_request
    return self.ensure_sync(self.view_functions[rule.endpoint])(**view_args)
           ^^^^^^^^^^^^^^^^^^^^^^^^^^^^^^^^^^^^^^^^^^^^^^^^^^^^^^^^^^^^^^^^^
  File "/Users/wbabich/PycharmProjects/plant_app/app.py", line 120, in add_plant
    return render_template('add_plant.html', form=form)
           ^^^^^^^^^^^^^^^^^^^^^^^^^^^^^^^^^^^^^^^^^^^^
  File "/opt/homebrew/lib/python3.11/site-packages/flask/templating.py", line 147, in render_template
    return _render(app, template, context)
           ^^^^^^^^^^^^^^^^^^^^^^^^^^^^^^^
  File "/opt/homebrew/lib/python3.11/site-packages/flask/templating.py", line 130, in _render
    rv = template.render(context)
         ^^^^^^^^^^^^^^^^^^^^^^^^
  File "/opt/homebrew/lib/python3.11/site-packages/jinja2/environment.py", line 1301, in render
    self.environment.handle_exception()
  File "/opt/homebrew/lib/python3.11/site-packages/jinja2/environment.py", line 936, in handle_exception
    raise rewrite_traceback_stack(source=source)
  File "/Users/wbabich/PycharmProjects/plant_app/templates/add_plant.html", line 1, in top-level template code
    {% extends 'base.html' %}
  File "/Users/wbabich/PycharmProjects/plant_app/templates/base.html", line 43, in top-level template code
    {% block content %}
  File "/Users/wbabich/PycharmProjects/plant_app/templates/add_plant.html", line 16, in block 'content'
    {{ form.common_name(class="form-control", id="common_name") }}
    ^^^^^^^^^^^^^^^^^^^^^^^^^
  File "/opt/homebrew/lib/python3.11/site-packages/jinja2/utils.py", line 83, in from_obj
    if hasattr(obj, "jinja_pass_arg"):
       ^^^^^^^^^^^^^^^^^^^^^^^^^^^^^^
jinja2.exceptions.UndefinedError: 'forms.AddPlantForm object' has no attribute 'common_name'
2023-04-28 17:38:01,514 - app - ERROR - Exception on /add_plant [GET]
Traceback (most recent call last):
  File "/opt/homebrew/lib/python3.11/site-packages/flask/app.py", line 2528, in wsgi_app
    response = self.full_dispatch_request()
               ^^^^^^^^^^^^^^^^^^^^^^^^^^^^
  File "/opt/homebrew/lib/python3.11/site-packages/flask/app.py", line 1826, in full_dispatch_request
    return self.finalize_request(rv)
           ^^^^^^^^^^^^^^^^^^^^^^^^^
  File "/opt/homebrew/lib/python3.11/site-packages/flask/app.py", line 1845, in finalize_request
    response = self.make_response(rv)
               ^^^^^^^^^^^^^^^^^^^^^^
  File "/opt/homebrew/lib/python3.11/site-packages/flask/app.py", line 2137, in make_response
    raise TypeError(
TypeError: The view function for 'add_plant' did not return a valid response. The function either returned None or ended without a return statement.
2023-04-29 09:20:39,446 - app - ERROR - Exception on /add_plant [GET]
Traceback (most recent call last):
  File "/opt/homebrew/lib/python3.11/site-packages/flask/app.py", line 2528, in wsgi_app
    response = self.full_dispatch_request()
               ^^^^^^^^^^^^^^^^^^^^^^^^^^^^
  File "/opt/homebrew/lib/python3.11/site-packages/flask/app.py", line 1825, in full_dispatch_request
    rv = self.handle_user_exception(e)
         ^^^^^^^^^^^^^^^^^^^^^^^^^^^^^
  File "/opt/homebrew/lib/python3.11/site-packages/flask/app.py", line 1823, in full_dispatch_request
    rv = self.dispatch_request()
         ^^^^^^^^^^^^^^^^^^^^^^^
  File "/opt/homebrew/lib/python3.11/site-packages/flask/app.py", line 1799, in dispatch_request
    return self.ensure_sync(self.view_functions[rule.endpoint])(**view_args)
           ^^^^^^^^^^^^^^^^^^^^^^^^^^^^^^^^^^^^^^^^^^^^^^^^^^^^^^^^^^^^^^^^^
  File "/Users/wbabich/PycharmProjects/plant_app/app.py", line 123, in add_plant
    return render_template('add_plant.html')
           ^^^^^^^^^^^^^^^^^^^^^^^^^^^^^^^^^
  File "/opt/homebrew/lib/python3.11/site-packages/flask/templating.py", line 147, in render_template
    return _render(app, template, context)
           ^^^^^^^^^^^^^^^^^^^^^^^^^^^^^^^
  File "/opt/homebrew/lib/python3.11/site-packages/flask/templating.py", line 130, in _render
    rv = template.render(context)
         ^^^^^^^^^^^^^^^^^^^^^^^^
  File "/opt/homebrew/lib/python3.11/site-packages/jinja2/environment.py", line 1301, in render
    self.environment.handle_exception()
  File "/opt/homebrew/lib/python3.11/site-packages/jinja2/environment.py", line 936, in handle_exception
    raise rewrite_traceback_stack(source=source)
  File "/Users/wbabich/PycharmProjects/plant_app/templates/add_plant.html", line 1, in top-level template code
    {% extends 'base.html' %}
  File "/Users/wbabich/PycharmProjects/plant_app/templates/base.html", line 43, in top-level template code
    {% block content %}
  File "/Users/wbabich/PycharmProjects/plant_app/templates/add_plant.html", line 13, in block 'content'
    {{ form.hidden_tag() }}
  File "/opt/homebrew/lib/python3.11/site-packages/jinja2/environment.py", line 485, in getattr
    return getattr(obj, attribute)
           ^^^^^^^^^^^^^^^^^^^^^^^
jinja2.exceptions.UndefinedError: 'form' is undefined
2023-04-29 09:24:09,398 - app - ERROR - Exception on /add_plant [GET]
Traceback (most recent call last):
  File "/opt/homebrew/lib/python3.11/site-packages/flask/app.py", line 2528, in wsgi_app
    response = self.full_dispatch_request()
               ^^^^^^^^^^^^^^^^^^^^^^^^^^^^
  File "/opt/homebrew/lib/python3.11/site-packages/flask/app.py", line 1825, in full_dispatch_request
    rv = self.handle_user_exception(e)
         ^^^^^^^^^^^^^^^^^^^^^^^^^^^^^
  File "/opt/homebrew/lib/python3.11/site-packages/flask/app.py", line 1823, in full_dispatch_request
    rv = self.dispatch_request()
         ^^^^^^^^^^^^^^^^^^^^^^^
  File "/opt/homebrew/lib/python3.11/site-packages/flask/app.py", line 1799, in dispatch_request
    return self.ensure_sync(self.view_functions[rule.endpoint])(**view_args)
           ^^^^^^^^^^^^^^^^^^^^^^^^^^^^^^^^^^^^^^^^^^^^^^^^^^^^^^^^^^^^^^^^^
  File "/Users/wbabich/PycharmProjects/plant_app/app.py", line 124, in add_plant
    return render_template('add_plant.html', form=form)
           ^^^^^^^^^^^^^^^^^^^^^^^^^^^^^^^^^^^^^^^^^^^^
  File "/opt/homebrew/lib/python3.11/site-packages/flask/templating.py", line 147, in render_template
    return _render(app, template, context)
           ^^^^^^^^^^^^^^^^^^^^^^^^^^^^^^^
  File "/opt/homebrew/lib/python3.11/site-packages/flask/templating.py", line 130, in _render
    rv = template.render(context)
         ^^^^^^^^^^^^^^^^^^^^^^^^
  File "/opt/homebrew/lib/python3.11/site-packages/jinja2/environment.py", line 1301, in render
    self.environment.handle_exception()
  File "/opt/homebrew/lib/python3.11/site-packages/jinja2/environment.py", line 936, in handle_exception
    raise rewrite_traceback_stack(source=source)
  File "/Users/wbabich/PycharmProjects/plant_app/templates/add_plant.html", line 1, in top-level template code
    {% extends 'base.html' %}
  File "/Users/wbabich/PycharmProjects/plant_app/templates/base.html", line 43, in top-level template code
    {% block content %}
  File "/Users/wbabich/PycharmProjects/plant_app/templates/add_plant.html", line 18, in block 'content'
    {{ form.common_name(class="form-control", id="common_name") }}
    ^^^^^^^^^^^^^^^^^^^^^^^^^
  File "/opt/homebrew/lib/python3.11/site-packages/jinja2/utils.py", line 83, in from_obj
    if hasattr(obj, "jinja_pass_arg"):
       ^^^^^^^^^^^^^^^^^^^^^^^^^^^^^^
jinja2.exceptions.UndefinedError: 'forms.SearchForm object' has no attribute 'common_name'
2023-05-02 14:16:25,136 - app - ERROR - Exception on /search [GET]
Traceback (most recent call last):
  File "/opt/homebrew/lib/python3.11/site-packages/flask/app.py", line 2528, in wsgi_app
    response = self.full_dispatch_request()
               ^^^^^^^^^^^^^^^^^^^^^^^^^^^^
  File "/opt/homebrew/lib/python3.11/site-packages/flask/app.py", line 1825, in full_dispatch_request
    rv = self.handle_user_exception(e)
         ^^^^^^^^^^^^^^^^^^^^^^^^^^^^^
  File "/opt/homebrew/lib/python3.11/site-packages/flask/app.py", line 1823, in full_dispatch_request
    rv = self.dispatch_request()
         ^^^^^^^^^^^^^^^^^^^^^^^
  File "/opt/homebrew/lib/python3.11/site-packages/flask/app.py", line 1799, in dispatch_request
    return self.ensure_sync(self.view_functions[rule.endpoint])(**view_args)
           ^^^^^^^^^^^^^^^^^^^^^^^^^^^^^^^^^^^^^^^^^^^^^^^^^^^^^^^^^^^^^^^^^
  File "/Users/wbabich/PycharmProjects/plant_app/app.py", line 81, in search_plant
    plant_info = plant_info.get_plant_info(form.query.data.strip())
                 ^^^^^^^^^^
UnboundLocalError: cannot access local variable 'plant_info' where it is not associated with a value
2023-05-02 14:25:14,439 - app - ERROR - Exception on /search [POST]
Traceback (most recent call last):
  File "/opt/homebrew/lib/python3.11/site-packages/flask/app.py", line 2528, in wsgi_app
    response = self.full_dispatch_request()
               ^^^^^^^^^^^^^^^^^^^^^^^^^^^^
  File "/opt/homebrew/lib/python3.11/site-packages/flask/app.py", line 1825, in full_dispatch_request
    rv = self.handle_user_exception(e)
         ^^^^^^^^^^^^^^^^^^^^^^^^^^^^^
  File "/opt/homebrew/lib/python3.11/site-packages/flask/app.py", line 1823, in full_dispatch_request
    rv = self.dispatch_request()
         ^^^^^^^^^^^^^^^^^^^^^^^
  File "/opt/homebrew/lib/python3.11/site-packages/flask/app.py", line 1799, in dispatch_request
    return self.ensure_sync(self.view_functions[rule.endpoint])(**view_args)
           ^^^^^^^^^^^^^^^^^^^^^^^^^^^^^^^^^^^^^^^^^^^^^^^^^^^^^^^^^^^^^^^^^
  File "/Users/wbabich/PycharmProjects/plant_app/app.py", line 84, in search_plant
    plant_info = plant_info.get_plant_info(query.strip())
                 ^^^^^^^^^^
UnboundLocalError: cannot access local variable 'plant_info' where it is not associated with a value
2023-05-02 14:28:29,925 - app - ERROR - Exception on /search [POST]
Traceback (most recent call last):
  File "/opt/homebrew/lib/python3.11/site-packages/flask/app.py", line 2528, in wsgi_app
    response = self.full_dispatch_request()
               ^^^^^^^^^^^^^^^^^^^^^^^^^^^^
  File "/opt/homebrew/lib/python3.11/site-packages/flask/app.py", line 1825, in full_dispatch_request
    rv = self.handle_user_exception(e)
         ^^^^^^^^^^^^^^^^^^^^^^^^^^^^^
  File "/opt/homebrew/lib/python3.11/site-packages/flask/app.py", line 1823, in full_dispatch_request
    rv = self.dispatch_request()
         ^^^^^^^^^^^^^^^^^^^^^^^
  File "/opt/homebrew/lib/python3.11/site-packages/flask/app.py", line 1799, in dispatch_request
    return self.ensure_sync(self.view_functions[rule.endpoint])(**view_args)
           ^^^^^^^^^^^^^^^^^^^^^^^^^^^^^^^^^^^^^^^^^^^^^^^^^^^^^^^^^^^^^^^^^
  File "/Users/wbabich/PycharmProjects/plant_app/app.py", line 84, in search_plant
    fetched_plant_info = plant_info.get_plant_info(query.strip())
                         ^^^^^^^^^^
NameError: name 'plant_info' is not defined
2023-05-02 14:34:43,259 - app - ERROR - Exception on /add_to_database [POST]
Traceback (most recent call last):
  File "/opt/homebrew/lib/python3.11/site-packages/sqlalchemy/engine/base.py", line 1808, in _execute_context
    context = constructor(
              ^^^^^^^^^^^^
  File "/opt/homebrew/lib/python3.11/site-packages/sqlalchemy/engine/default.py", line 1294, in _init_compiled
    d_param = {
              ^
  File "/opt/homebrew/lib/python3.11/site-packages/sqlalchemy/engine/default.py", line 1295, in <dictcomp>
    key: flattened_processors[key](compiled_params[key])
         ^^^^^^^^^^^^^^^^^^^^^^^^^^^^^^^^^^^^^^^^^^^^^^^
  File "/opt/homebrew/lib/python3.11/site-packages/sqlalchemy/sql/sqltypes.py", line 2014, in process
    value = _strict_as_bool(value)
            ^^^^^^^^^^^^^^^^^^^^^^
  File "/opt/homebrew/lib/python3.11/site-packages/sqlalchemy/sql/sqltypes.py", line 1986, in _strict_as_bool
    raise TypeError("Not a boolean value: %r" % (value,))
TypeError: Not a boolean value: ''

The above exception was the direct cause of the following exception:

Traceback (most recent call last):
  File "/opt/homebrew/lib/python3.11/site-packages/flask/app.py", line 2528, in wsgi_app
    response = self.full_dispatch_request()
               ^^^^^^^^^^^^^^^^^^^^^^^^^^^^
  File "/opt/homebrew/lib/python3.11/site-packages/flask/app.py", line 1825, in full_dispatch_request
    rv = self.handle_user_exception(e)
         ^^^^^^^^^^^^^^^^^^^^^^^^^^^^^
  File "/opt/homebrew/lib/python3.11/site-packages/flask/app.py", line 1823, in full_dispatch_request
    rv = self.dispatch_request()
         ^^^^^^^^^^^^^^^^^^^^^^^
  File "/opt/homebrew/lib/python3.11/site-packages/flask/app.py", line 1799, in dispatch_request
    return self.ensure_sync(self.view_functions[rule.endpoint])(**view_args)
           ^^^^^^^^^^^^^^^^^^^^^^^^^^^^^^^^^^^^^^^^^^^^^^^^^^^^^^^^^^^^^^^^^
  File "/Users/wbabich/PycharmProjects/plant_app/app.py", line 193, in add_to_database
    db_session.commit()
  File "/opt/homebrew/lib/python3.11/site-packages/sqlalchemy/orm/scoping.py", line 553, in commit
    return self._proxied.commit()
           ^^^^^^^^^^^^^^^^^^^^^^
  File "/opt/homebrew/lib/python3.11/site-packages/sqlalchemy/orm/session.py", line 1903, in commit
    trans.commit(_to_root=True)
  File "<string>", line 2, in commit
  File "/opt/homebrew/lib/python3.11/site-packages/sqlalchemy/orm/state_changes.py", line 137, in _go
    ret_value = fn(self, *arg, **kw)
                ^^^^^^^^^^^^^^^^^^^^
  File "/opt/homebrew/lib/python3.11/site-packages/sqlalchemy/orm/session.py", line 1218, in commit
    self._prepare_impl()
  File "<string>", line 2, in _prepare_impl
  File "/opt/homebrew/lib/python3.11/site-packages/sqlalchemy/orm/state_changes.py", line 137, in _go
    ret_value = fn(self, *arg, **kw)
                ^^^^^^^^^^^^^^^^^^^^
  File "/opt/homebrew/lib/python3.11/site-packages/sqlalchemy/orm/session.py", line 1193, in _prepare_impl
    self.session.flush()
  File "/opt/homebrew/lib/python3.11/site-packages/sqlalchemy/orm/session.py", line 4155, in flush
    self._flush(objects)
  File "/opt/homebrew/lib/python3.11/site-packages/sqlalchemy/orm/session.py", line 4291, in _flush
    with util.safe_reraise():
  File "/opt/homebrew/lib/python3.11/site-packages/sqlalchemy/util/langhelpers.py", line 147, in __exit__
    raise exc_value.with_traceback(exc_tb)
  File "/opt/homebrew/lib/python3.11/site-packages/sqlalchemy/orm/session.py", line 4252, in _flush
    flush_context.execute()
  File "/opt/homebrew/lib/python3.11/site-packages/sqlalchemy/orm/unitofwork.py", line 467, in execute
    rec.execute(self)
  File "/opt/homebrew/lib/python3.11/site-packages/sqlalchemy/orm/unitofwork.py", line 644, in execute
    util.preloaded.orm_persistence.save_obj(
  File "/opt/homebrew/lib/python3.11/site-packages/sqlalchemy/orm/persistence.py", line 93, in save_obj
    _emit_insert_statements(
  File "/opt/homebrew/lib/python3.11/site-packages/sqlalchemy/orm/persistence.py", line 1184, in _emit_insert_statements
    result = connection.execute(
             ^^^^^^^^^^^^^^^^^^^
  File "/opt/homebrew/lib/python3.11/site-packages/sqlalchemy/engine/base.py", line 1414, in execute
    return meth(
           ^^^^^
  File "/opt/homebrew/lib/python3.11/site-packages/sqlalchemy/sql/elements.py", line 486, in _execute_on_connection
    return connection._execute_clauseelement(
           ^^^^^^^^^^^^^^^^^^^^^^^^^^^^^^^^^^
  File "/opt/homebrew/lib/python3.11/site-packages/sqlalchemy/engine/base.py", line 1638, in _execute_clauseelement
    ret = self._execute_context(
          ^^^^^^^^^^^^^^^^^^^^^^
  File "/opt/homebrew/lib/python3.11/site-packages/sqlalchemy/engine/base.py", line 1814, in _execute_context
    self._handle_dbapi_exception(
  File "/opt/homebrew/lib/python3.11/site-packages/sqlalchemy/engine/base.py", line 2326, in _handle_dbapi_exception
    raise sqlalchemy_exception.with_traceback(exc_info[2]) from e
  File "/opt/homebrew/lib/python3.11/site-packages/sqlalchemy/engine/base.py", line 1808, in _execute_context
    context = constructor(
              ^^^^^^^^^^^^
  File "/opt/homebrew/lib/python3.11/site-packages/sqlalchemy/engine/default.py", line 1294, in _init_compiled
    d_param = {
              ^
  File "/opt/homebrew/lib/python3.11/site-packages/sqlalchemy/engine/default.py", line 1295, in <dictcomp>
    key: flattened_processors[key](compiled_params[key])
         ^^^^^^^^^^^^^^^^^^^^^^^^^^^^^^^^^^^^^^^^^^^^^^^
  File "/opt/homebrew/lib/python3.11/site-packages/sqlalchemy/sql/sqltypes.py", line 2014, in process
    value = _strict_as_bool(value)
            ^^^^^^^^^^^^^^^^^^^^^^
  File "/opt/homebrew/lib/python3.11/site-packages/sqlalchemy/sql/sqltypes.py", line 1986, in _strict_as_bool
    raise TypeError("Not a boolean value: %r" % (value,))
sqlalchemy.exc.StatementError: (builtins.TypeError) Not a boolean value: ''
[SQL: INSERT INTO plants (common_name, scientific_name, sunlight_care, water_care, temperature_care, humidity_care, growing_tips, propagation_tips, common_pests, image_url, family, genus, year, edible, edible_part, edible_notes, medicinal, medicinal_notes, toxicity, synonyms, native_status, conservation_status, timestamp) VALUES (%(common_name)s, %(scientific_name)s, %(sunlight_care)s, %(water_care)s, %(temperature_care)s, %(humidity_care)s, %(growing_tips)s, %(propagation_tips)s, %(common_pests)s, %(image_url)s, %(family)s, %(genus)s, %(year)s, %(edible)s, %(edible_part)s, %(edible_notes)s, %(medicinal)s, %(medicinal_notes)s, %(toxicity)s, %(synonyms)s, %(native_status)s, %(conservation_status)s, %(timestamp)s) RETURNING plants.id]
[parameters: [{'native_status': '', 'image_url': '', 'propagation_tips': '', 'water_care': '', 'scientific_name': 'Adonidia merrillii', 'edible': '', 'common_pests' ... (155 characters truncated) ... mily': '', 'temperature_care': '', 'year': '', 'conservation_status': '', 'medicinal': '', 'sunlight_care': 'None', 'edible_part': '', 'synonyms': ''}]]
2023-05-02 14:36:43,872 - app - ERROR - Exception on /add_to_database [POST]
Traceback (most recent call last):
  File "/opt/homebrew/lib/python3.11/site-packages/sqlalchemy/engine/base.py", line 1808, in _execute_context
    context = constructor(
              ^^^^^^^^^^^^
  File "/opt/homebrew/lib/python3.11/site-packages/sqlalchemy/engine/default.py", line 1294, in _init_compiled
    d_param = {
              ^
  File "/opt/homebrew/lib/python3.11/site-packages/sqlalchemy/engine/default.py", line 1295, in <dictcomp>
    key: flattened_processors[key](compiled_params[key])
         ^^^^^^^^^^^^^^^^^^^^^^^^^^^^^^^^^^^^^^^^^^^^^^^
  File "/opt/homebrew/lib/python3.11/site-packages/sqlalchemy/sql/sqltypes.py", line 2014, in process
    value = _strict_as_bool(value)
            ^^^^^^^^^^^^^^^^^^^^^^
  File "/opt/homebrew/lib/python3.11/site-packages/sqlalchemy/sql/sqltypes.py", line 1986, in _strict_as_bool
    raise TypeError("Not a boolean value: %r" % (value,))
TypeError: Not a boolean value: ''

The above exception was the direct cause of the following exception:

Traceback (most recent call last):
  File "/opt/homebrew/lib/python3.11/site-packages/flask/app.py", line 2528, in wsgi_app
    response = self.full_dispatch_request()
               ^^^^^^^^^^^^^^^^^^^^^^^^^^^^
  File "/opt/homebrew/lib/python3.11/site-packages/flask/app.py", line 1825, in full_dispatch_request
    rv = self.handle_user_exception(e)
         ^^^^^^^^^^^^^^^^^^^^^^^^^^^^^
  File "/opt/homebrew/lib/python3.11/site-packages/flask/app.py", line 1823, in full_dispatch_request
    rv = self.dispatch_request()
         ^^^^^^^^^^^^^^^^^^^^^^^
  File "/opt/homebrew/lib/python3.11/site-packages/flask/app.py", line 1799, in dispatch_request
    return self.ensure_sync(self.view_functions[rule.endpoint])(**view_args)
           ^^^^^^^^^^^^^^^^^^^^^^^^^^^^^^^^^^^^^^^^^^^^^^^^^^^^^^^^^^^^^^^^^
  File "/Users/wbabich/PycharmProjects/plant_app/app.py", line 193, in add_to_database
    db_session.commit()
  File "/opt/homebrew/lib/python3.11/site-packages/sqlalchemy/orm/scoping.py", line 553, in commit
    return self._proxied.commit()
           ^^^^^^^^^^^^^^^^^^^^^^
  File "/opt/homebrew/lib/python3.11/site-packages/sqlalchemy/orm/session.py", line 1903, in commit
    trans.commit(_to_root=True)
  File "<string>", line 2, in commit
  File "/opt/homebrew/lib/python3.11/site-packages/sqlalchemy/orm/state_changes.py", line 137, in _go
    ret_value = fn(self, *arg, **kw)
                ^^^^^^^^^^^^^^^^^^^^
  File "/opt/homebrew/lib/python3.11/site-packages/sqlalchemy/orm/session.py", line 1218, in commit
    self._prepare_impl()
  File "<string>", line 2, in _prepare_impl
  File "/opt/homebrew/lib/python3.11/site-packages/sqlalchemy/orm/state_changes.py", line 137, in _go
    ret_value = fn(self, *arg, **kw)
                ^^^^^^^^^^^^^^^^^^^^
  File "/opt/homebrew/lib/python3.11/site-packages/sqlalchemy/orm/session.py", line 1193, in _prepare_impl
    self.session.flush()
  File "/opt/homebrew/lib/python3.11/site-packages/sqlalchemy/orm/session.py", line 4155, in flush
    self._flush(objects)
  File "/opt/homebrew/lib/python3.11/site-packages/sqlalchemy/orm/session.py", line 4291, in _flush
    with util.safe_reraise():
  File "/opt/homebrew/lib/python3.11/site-packages/sqlalchemy/util/langhelpers.py", line 147, in __exit__
    raise exc_value.with_traceback(exc_tb)
  File "/opt/homebrew/lib/python3.11/site-packages/sqlalchemy/orm/session.py", line 4252, in _flush
    flush_context.execute()
  File "/opt/homebrew/lib/python3.11/site-packages/sqlalchemy/orm/unitofwork.py", line 467, in execute
    rec.execute(self)
  File "/opt/homebrew/lib/python3.11/site-packages/sqlalchemy/orm/unitofwork.py", line 644, in execute
    util.preloaded.orm_persistence.save_obj(
  File "/opt/homebrew/lib/python3.11/site-packages/sqlalchemy/orm/persistence.py", line 93, in save_obj
    _emit_insert_statements(
  File "/opt/homebrew/lib/python3.11/site-packages/sqlalchemy/orm/persistence.py", line 1184, in _emit_insert_statements
    result = connection.execute(
             ^^^^^^^^^^^^^^^^^^^
  File "/opt/homebrew/lib/python3.11/site-packages/sqlalchemy/engine/base.py", line 1414, in execute
    return meth(
           ^^^^^
  File "/opt/homebrew/lib/python3.11/site-packages/sqlalchemy/sql/elements.py", line 486, in _execute_on_connection
    return connection._execute_clauseelement(
           ^^^^^^^^^^^^^^^^^^^^^^^^^^^^^^^^^^
  File "/opt/homebrew/lib/python3.11/site-packages/sqlalchemy/engine/base.py", line 1638, in _execute_clauseelement
    ret = self._execute_context(
          ^^^^^^^^^^^^^^^^^^^^^^
  File "/opt/homebrew/lib/python3.11/site-packages/sqlalchemy/engine/base.py", line 1814, in _execute_context
    self._handle_dbapi_exception(
  File "/opt/homebrew/lib/python3.11/site-packages/sqlalchemy/engine/base.py", line 2326, in _handle_dbapi_exception
    raise sqlalchemy_exception.with_traceback(exc_info[2]) from e
  File "/opt/homebrew/lib/python3.11/site-packages/sqlalchemy/engine/base.py", line 1808, in _execute_context
    context = constructor(
              ^^^^^^^^^^^^
  File "/opt/homebrew/lib/python3.11/site-packages/sqlalchemy/engine/default.py", line 1294, in _init_compiled
    d_param = {
              ^
  File "/opt/homebrew/lib/python3.11/site-packages/sqlalchemy/engine/default.py", line 1295, in <dictcomp>
    key: flattened_processors[key](compiled_params[key])
         ^^^^^^^^^^^^^^^^^^^^^^^^^^^^^^^^^^^^^^^^^^^^^^^
  File "/opt/homebrew/lib/python3.11/site-packages/sqlalchemy/sql/sqltypes.py", line 2014, in process
    value = _strict_as_bool(value)
            ^^^^^^^^^^^^^^^^^^^^^^
  File "/opt/homebrew/lib/python3.11/site-packages/sqlalchemy/sql/sqltypes.py", line 1986, in _strict_as_bool
    raise TypeError("Not a boolean value: %r" % (value,))
sqlalchemy.exc.StatementError: (builtins.TypeError) Not a boolean value: ''
[SQL: INSERT INTO plants (common_name, scientific_name, sunlight_care, water_care, temperature_care, humidity_care, growing_tips, propagation_tips, common_pests, image_url, family, genus, year, edible, edible_part, edible_notes, medicinal, medicinal_notes, toxicity, synonyms, native_status, conservation_status, timestamp) VALUES (%(common_name)s, %(scientific_name)s, %(sunlight_care)s, %(water_care)s, %(temperature_care)s, %(humidity_care)s, %(growing_tips)s, %(propagation_tips)s, %(common_pests)s, %(image_url)s, %(family)s, %(genus)s, %(year)s, %(edible)s, %(edible_part)s, %(edible_notes)s, %(medicinal)s, %(medicinal_notes)s, %(toxicity)s, %(synonyms)s, %(native_status)s, %(conservation_status)s, %(timestamp)s) RETURNING plants.id]
[parameters: [{'year': '', 'temperature_care': '', 'sunlight_care': 'None', 'image_url': '', 'genus': '', 'growing_tips': '', 'water_care': '', 'common_pests': '',  ... (152 characters truncated) ... e': '', 'edible_part': '', 'common_name': 'Yellow-water-lily', 'propagation_tips': '', 'conservation_status': '', 'edible_notes': '', 'medicinal': ''}]]
2023-05-02 14:46:55,754 - app - ERROR - Exception on /search [POST]
Traceback (most recent call last):
  File "/opt/homebrew/lib/python3.11/site-packages/flask/app.py", line 2528, in wsgi_app
    response = self.full_dispatch_request()
               ^^^^^^^^^^^^^^^^^^^^^^^^^^^^
  File "/opt/homebrew/lib/python3.11/site-packages/flask/app.py", line 1825, in full_dispatch_request
    rv = self.handle_user_exception(e)
         ^^^^^^^^^^^^^^^^^^^^^^^^^^^^^
  File "/opt/homebrew/lib/python3.11/site-packages/flask/app.py", line 1823, in full_dispatch_request
    rv = self.dispatch_request()
         ^^^^^^^^^^^^^^^^^^^^^^^
  File "/opt/homebrew/lib/python3.11/site-packages/flask/app.py", line 1799, in dispatch_request
    return self.ensure_sync(self.view_functions[rule.endpoint])(**view_args)
           ^^^^^^^^^^^^^^^^^^^^^^^^^^^^^^^^^^^^^^^^^^^^^^^^^^^^^^^^^^^^^^^^^
  File "/Users/wbabich/PycharmProjects/plant_app/app.py", line 88, in search_plant
    return render_template('search_results.html', name=query, result=fetched_plant_info)
           ^^^^^^^^^^^^^^^^^^^^^^^^^^^^^^^^^^^^^^^^^^^^^^^^^^^^^^^^^^^^^^^^^^^^^^^^^^^^^
  File "/opt/homebrew/lib/python3.11/site-packages/flask/templating.py", line 147, in render_template
    return _render(app, template, context)
           ^^^^^^^^^^^^^^^^^^^^^^^^^^^^^^^
  File "/opt/homebrew/lib/python3.11/site-packages/flask/templating.py", line 130, in _render
    rv = template.render(context)
         ^^^^^^^^^^^^^^^^^^^^^^^^
  File "/opt/homebrew/lib/python3.11/site-packages/jinja2/environment.py", line 1301, in render
    self.environment.handle_exception()
  File "/opt/homebrew/lib/python3.11/site-packages/jinja2/environment.py", line 936, in handle_exception
    raise rewrite_traceback_stack(source=source)
  File "/Users/wbabich/PycharmProjects/plant_app/templates/search_results.html", line 1, in top-level template code
    {% extends 'base.html' %}
  File "/Users/wbabich/PycharmProjects/plant_app/templates/base.html", line 43, in top-level template code
    {% block content %}
  File "/Users/wbabich/PycharmProjects/plant_app/templates/search_results.html", line 33, in block 'content'
    <input type="hidden" name="edible" value="{{ str(edible).lower() }}">
    ^^^^^^^^^^^^^^^^^^^^^^^^^
  File "/opt/homebrew/lib/python3.11/site-packages/jinja2/utils.py", line 83, in from_obj
    if hasattr(obj, "jinja_pass_arg"):
       ^^^^^^^^^^^^^^^^^^^^^^^^^^^^^^
jinja2.exceptions.UndefinedError: 'str' is undefined
2023-05-02 14:48:20,123 - app - ERROR - Exception on /search [POST]
Traceback (most recent call last):
  File "/opt/homebrew/lib/python3.11/site-packages/flask/app.py", line 2528, in wsgi_app
    response = self.full_dispatch_request()
               ^^^^^^^^^^^^^^^^^^^^^^^^^^^^
  File "/opt/homebrew/lib/python3.11/site-packages/flask/app.py", line 1825, in full_dispatch_request
    rv = self.handle_user_exception(e)
         ^^^^^^^^^^^^^^^^^^^^^^^^^^^^^
  File "/opt/homebrew/lib/python3.11/site-packages/flask/app.py", line 1823, in full_dispatch_request
    rv = self.dispatch_request()
         ^^^^^^^^^^^^^^^^^^^^^^^
  File "/opt/homebrew/lib/python3.11/site-packages/flask/app.py", line 1799, in dispatch_request
    return self.ensure_sync(self.view_functions[rule.endpoint])(**view_args)
           ^^^^^^^^^^^^^^^^^^^^^^^^^^^^^^^^^^^^^^^^^^^^^^^^^^^^^^^^^^^^^^^^^
  File "/Users/wbabich/PycharmProjects/plant_app/app.py", line 88, in search_plant
    return render_template('search_results.html', name=query, result=fetched_plant_info)
           ^^^^^^^^^^^^^^^^^^^^^^^^^^^^^^^^^^^^^^^^^^^^^^^^^^^^^^^^^^^^^^^^^^^^^^^^^^^^^
  File "/opt/homebrew/lib/python3.11/site-packages/flask/templating.py", line 146, in render_template
    template = app.jinja_env.get_or_select_template(template_name_or_list)
               ^^^^^^^^^^^^^^^^^^^^^^^^^^^^^^^^^^^^^^^^^^^^^^^^^^^^^^^^^^^
  File "/opt/homebrew/lib/python3.11/site-packages/jinja2/environment.py", line 1081, in get_or_select_template
    return self.get_template(template_name_or_list, parent, globals)
           ^^^^^^^^^^^^^^^^^^^^^^^^^^^^^^^^^^^^^^^^^^^^^^^^^^^^^^^^^
  File "/opt/homebrew/lib/python3.11/site-packages/jinja2/environment.py", line 1010, in get_template
    return self._load_template(name, globals)
           ^^^^^^^^^^^^^^^^^^^^^^^^^^^^^^^^^^
  File "/opt/homebrew/lib/python3.11/site-packages/jinja2/environment.py", line 969, in _load_template
    template = self.loader.load(self, name, self.make_globals(globals))
               ^^^^^^^^^^^^^^^^^^^^^^^^^^^^^^^^^^^^^^^^^^^^^^^^^^^^^^^^
  File "/opt/homebrew/lib/python3.11/site-packages/jinja2/loaders.py", line 138, in load
    code = environment.compile(source, name, filename)
           ^^^^^^^^^^^^^^^^^^^^^^^^^^^^^^^^^^^^^^^^^^^
  File "/opt/homebrew/lib/python3.11/site-packages/jinja2/environment.py", line 768, in compile
    self.handle_exception(source=source_hint)
  File "/opt/homebrew/lib/python3.11/site-packages/jinja2/environment.py", line 936, in handle_exception
    raise rewrite_traceback_stack(source=source)
  File "/Users/wbabich/PycharmProjects/plant_app/templates/search_results.html", line 33, in template
    <input type="hidden" name="edible" value="{{ edible|string().lower() }}">
    ^^^^^^^^^^^^^^^^^^^^^^^^^
jinja2.exceptions.TemplateSyntaxError: expected token 'end of print statement', got '.'
2023-05-02 14:49:50,398 - app - ERROR - Exception on /add_to_database [POST]
Traceback (most recent call last):
  File "/opt/homebrew/lib/python3.11/site-packages/sqlalchemy/engine/base.py", line 1808, in _execute_context
    context = constructor(
              ^^^^^^^^^^^^
  File "/opt/homebrew/lib/python3.11/site-packages/sqlalchemy/engine/default.py", line 1294, in _init_compiled
    d_param = {
              ^
  File "/opt/homebrew/lib/python3.11/site-packages/sqlalchemy/engine/default.py", line 1295, in <dictcomp>
    key: flattened_processors[key](compiled_params[key])
         ^^^^^^^^^^^^^^^^^^^^^^^^^^^^^^^^^^^^^^^^^^^^^^^
  File "/opt/homebrew/lib/python3.11/site-packages/sqlalchemy/sql/sqltypes.py", line 2014, in process
    value = _strict_as_bool(value)
            ^^^^^^^^^^^^^^^^^^^^^^
  File "/opt/homebrew/lib/python3.11/site-packages/sqlalchemy/sql/sqltypes.py", line 1986, in _strict_as_bool
    raise TypeError("Not a boolean value: %r" % (value,))
TypeError: Not a boolean value: ''

The above exception was the direct cause of the following exception:

Traceback (most recent call last):
  File "/opt/homebrew/lib/python3.11/site-packages/flask/app.py", line 2528, in wsgi_app
    response = self.full_dispatch_request()
               ^^^^^^^^^^^^^^^^^^^^^^^^^^^^
  File "/opt/homebrew/lib/python3.11/site-packages/flask/app.py", line 1825, in full_dispatch_request
    rv = self.handle_user_exception(e)
         ^^^^^^^^^^^^^^^^^^^^^^^^^^^^^
  File "/opt/homebrew/lib/python3.11/site-packages/flask/app.py", line 1823, in full_dispatch_request
    rv = self.dispatch_request()
         ^^^^^^^^^^^^^^^^^^^^^^^
  File "/opt/homebrew/lib/python3.11/site-packages/flask/app.py", line 1799, in dispatch_request
    return self.ensure_sync(self.view_functions[rule.endpoint])(**view_args)
           ^^^^^^^^^^^^^^^^^^^^^^^^^^^^^^^^^^^^^^^^^^^^^^^^^^^^^^^^^^^^^^^^^
  File "/Users/wbabich/PycharmProjects/plant_app/app.py", line 193, in add_to_database
    db_session.commit()
  File "/opt/homebrew/lib/python3.11/site-packages/sqlalchemy/orm/scoping.py", line 553, in commit
    return self._proxied.commit()
           ^^^^^^^^^^^^^^^^^^^^^^
  File "/opt/homebrew/lib/python3.11/site-packages/sqlalchemy/orm/session.py", line 1903, in commit
    trans.commit(_to_root=True)
  File "<string>", line 2, in commit
  File "/opt/homebrew/lib/python3.11/site-packages/sqlalchemy/orm/state_changes.py", line 137, in _go
    ret_value = fn(self, *arg, **kw)
                ^^^^^^^^^^^^^^^^^^^^
  File "/opt/homebrew/lib/python3.11/site-packages/sqlalchemy/orm/session.py", line 1218, in commit
    self._prepare_impl()
  File "<string>", line 2, in _prepare_impl
  File "/opt/homebrew/lib/python3.11/site-packages/sqlalchemy/orm/state_changes.py", line 137, in _go
    ret_value = fn(self, *arg, **kw)
                ^^^^^^^^^^^^^^^^^^^^
  File "/opt/homebrew/lib/python3.11/site-packages/sqlalchemy/orm/session.py", line 1193, in _prepare_impl
    self.session.flush()
  File "/opt/homebrew/lib/python3.11/site-packages/sqlalchemy/orm/session.py", line 4155, in flush
    self._flush(objects)
  File "/opt/homebrew/lib/python3.11/site-packages/sqlalchemy/orm/session.py", line 4291, in _flush
    with util.safe_reraise():
  File "/opt/homebrew/lib/python3.11/site-packages/sqlalchemy/util/langhelpers.py", line 147, in __exit__
    raise exc_value.with_traceback(exc_tb)
  File "/opt/homebrew/lib/python3.11/site-packages/sqlalchemy/orm/session.py", line 4252, in _flush
    flush_context.execute()
  File "/opt/homebrew/lib/python3.11/site-packages/sqlalchemy/orm/unitofwork.py", line 467, in execute
    rec.execute(self)
  File "/opt/homebrew/lib/python3.11/site-packages/sqlalchemy/orm/unitofwork.py", line 644, in execute
    util.preloaded.orm_persistence.save_obj(
  File "/opt/homebrew/lib/python3.11/site-packages/sqlalchemy/orm/persistence.py", line 93, in save_obj
    _emit_insert_statements(
  File "/opt/homebrew/lib/python3.11/site-packages/sqlalchemy/orm/persistence.py", line 1184, in _emit_insert_statements
    result = connection.execute(
             ^^^^^^^^^^^^^^^^^^^
  File "/opt/homebrew/lib/python3.11/site-packages/sqlalchemy/engine/base.py", line 1414, in execute
    return meth(
           ^^^^^
  File "/opt/homebrew/lib/python3.11/site-packages/sqlalchemy/sql/elements.py", line 486, in _execute_on_connection
    return connection._execute_clauseelement(
           ^^^^^^^^^^^^^^^^^^^^^^^^^^^^^^^^^^
  File "/opt/homebrew/lib/python3.11/site-packages/sqlalchemy/engine/base.py", line 1638, in _execute_clauseelement
    ret = self._execute_context(
          ^^^^^^^^^^^^^^^^^^^^^^
  File "/opt/homebrew/lib/python3.11/site-packages/sqlalchemy/engine/base.py", line 1814, in _execute_context
    self._handle_dbapi_exception(
  File "/opt/homebrew/lib/python3.11/site-packages/sqlalchemy/engine/base.py", line 2326, in _handle_dbapi_exception
    raise sqlalchemy_exception.with_traceback(exc_info[2]) from e
  File "/opt/homebrew/lib/python3.11/site-packages/sqlalchemy/engine/base.py", line 1808, in _execute_context
    context = constructor(
              ^^^^^^^^^^^^
  File "/opt/homebrew/lib/python3.11/site-packages/sqlalchemy/engine/default.py", line 1294, in _init_compiled
    d_param = {
              ^
  File "/opt/homebrew/lib/python3.11/site-packages/sqlalchemy/engine/default.py", line 1295, in <dictcomp>
    key: flattened_processors[key](compiled_params[key])
         ^^^^^^^^^^^^^^^^^^^^^^^^^^^^^^^^^^^^^^^^^^^^^^^
  File "/opt/homebrew/lib/python3.11/site-packages/sqlalchemy/sql/sqltypes.py", line 2014, in process
    value = _strict_as_bool(value)
            ^^^^^^^^^^^^^^^^^^^^^^
  File "/opt/homebrew/lib/python3.11/site-packages/sqlalchemy/sql/sqltypes.py", line 1986, in _strict_as_bool
    raise TypeError("Not a boolean value: %r" % (value,))
sqlalchemy.exc.StatementError: (builtins.TypeError) Not a boolean value: ''
[SQL: INSERT INTO plants (common_name, scientific_name, sunlight_care, water_care, temperature_care, humidity_care, growing_tips, propagation_tips, common_pests, image_url, family, genus, year, edible, edible_part, edible_notes, medicinal, medicinal_notes, toxicity, synonyms, native_status, conservation_status, timestamp) VALUES (%(common_name)s, %(scientific_name)s, %(sunlight_care)s, %(water_care)s, %(temperature_care)s, %(humidity_care)s, %(growing_tips)s, %(propagation_tips)s, %(common_pests)s, %(image_url)s, %(family)s, %(genus)s, %(year)s, %(edible)s, %(edible_part)s, %(edible_notes)s, %(medicinal)s, %(medicinal_notes)s, %(toxicity)s, %(synonyms)s, %(native_status)s, %(conservation_status)s, %(timestamp)s) RETURNING plants.id]
[parameters: [{'growing_tips': '', 'medicinal': '', 'temperature_care': '', 'common_name': 'Thorn-apple', 'scientific_name': 'Datura stramonium', 'sunlight_care': ' ... (151 characters truncated) ... , 'humidity_care': '', 'common_pests': '', 'family': '', 'native_status': '', 'genus': '', 'edible': '', 'synonyms': '', 'water_care': '', 'year': ''}]]
2023-05-02 14:54:45,221 - app - ERROR - Exception on /add_to_database [POST]
Traceback (most recent call last):
  File "/opt/homebrew/lib/python3.11/site-packages/sqlalchemy/engine/base.py", line 1964, in _exec_single_context
    self.dialect.do_execute(
  File "/opt/homebrew/lib/python3.11/site-packages/sqlalchemy/engine/default.py", line 748, in do_execute
    cursor.execute(statement, parameters)
psycopg2.errors.InvalidTextRepresentation: invalid input syntax for type integer: ""
LINE 1: ...rix', 'None', '', '', '', '', '', '', '', '', '', '', false,...
                                                             ^


The above exception was the direct cause of the following exception:

Traceback (most recent call last):
  File "/opt/homebrew/lib/python3.11/site-packages/flask/app.py", line 2528, in wsgi_app
    response = self.full_dispatch_request()
               ^^^^^^^^^^^^^^^^^^^^^^^^^^^^
  File "/opt/homebrew/lib/python3.11/site-packages/flask/app.py", line 1825, in full_dispatch_request
    rv = self.handle_user_exception(e)
         ^^^^^^^^^^^^^^^^^^^^^^^^^^^^^
  File "/opt/homebrew/lib/python3.11/site-packages/flask/app.py", line 1823, in full_dispatch_request
    rv = self.dispatch_request()
         ^^^^^^^^^^^^^^^^^^^^^^^
  File "/opt/homebrew/lib/python3.11/site-packages/flask/app.py", line 1799, in dispatch_request
    return self.ensure_sync(self.view_functions[rule.endpoint])(**view_args)
           ^^^^^^^^^^^^^^^^^^^^^^^^^^^^^^^^^^^^^^^^^^^^^^^^^^^^^^^^^^^^^^^^^
  File "/Users/wbabich/PycharmProjects/plant_app/app.py", line 193, in add_to_database
    db_session.commit()
  File "/opt/homebrew/lib/python3.11/site-packages/sqlalchemy/orm/scoping.py", line 553, in commit
    return self._proxied.commit()
           ^^^^^^^^^^^^^^^^^^^^^^
  File "/opt/homebrew/lib/python3.11/site-packages/sqlalchemy/orm/session.py", line 1903, in commit
    trans.commit(_to_root=True)
  File "<string>", line 2, in commit
  File "/opt/homebrew/lib/python3.11/site-packages/sqlalchemy/orm/state_changes.py", line 137, in _go
    ret_value = fn(self, *arg, **kw)
                ^^^^^^^^^^^^^^^^^^^^
  File "/opt/homebrew/lib/python3.11/site-packages/sqlalchemy/orm/session.py", line 1218, in commit
    self._prepare_impl()
  File "<string>", line 2, in _prepare_impl
  File "/opt/homebrew/lib/python3.11/site-packages/sqlalchemy/orm/state_changes.py", line 137, in _go
    ret_value = fn(self, *arg, **kw)
                ^^^^^^^^^^^^^^^^^^^^
  File "/opt/homebrew/lib/python3.11/site-packages/sqlalchemy/orm/session.py", line 1193, in _prepare_impl
    self.session.flush()
  File "/opt/homebrew/lib/python3.11/site-packages/sqlalchemy/orm/session.py", line 4155, in flush
    self._flush(objects)
  File "/opt/homebrew/lib/python3.11/site-packages/sqlalchemy/orm/session.py", line 4291, in _flush
    with util.safe_reraise():
  File "/opt/homebrew/lib/python3.11/site-packages/sqlalchemy/util/langhelpers.py", line 147, in __exit__
    raise exc_value.with_traceback(exc_tb)
  File "/opt/homebrew/lib/python3.11/site-packages/sqlalchemy/orm/session.py", line 4252, in _flush
    flush_context.execute()
  File "/opt/homebrew/lib/python3.11/site-packages/sqlalchemy/orm/unitofwork.py", line 467, in execute
    rec.execute(self)
  File "/opt/homebrew/lib/python3.11/site-packages/sqlalchemy/orm/unitofwork.py", line 644, in execute
    util.preloaded.orm_persistence.save_obj(
  File "/opt/homebrew/lib/python3.11/site-packages/sqlalchemy/orm/persistence.py", line 93, in save_obj
    _emit_insert_statements(
  File "/opt/homebrew/lib/python3.11/site-packages/sqlalchemy/orm/persistence.py", line 1184, in _emit_insert_statements
    result = connection.execute(
             ^^^^^^^^^^^^^^^^^^^
  File "/opt/homebrew/lib/python3.11/site-packages/sqlalchemy/engine/base.py", line 1414, in execute
    return meth(
           ^^^^^
  File "/opt/homebrew/lib/python3.11/site-packages/sqlalchemy/sql/elements.py", line 486, in _execute_on_connection
    return connection._execute_clauseelement(
           ^^^^^^^^^^^^^^^^^^^^^^^^^^^^^^^^^^
  File "/opt/homebrew/lib/python3.11/site-packages/sqlalchemy/engine/base.py", line 1638, in _execute_clauseelement
    ret = self._execute_context(
          ^^^^^^^^^^^^^^^^^^^^^^
  File "/opt/homebrew/lib/python3.11/site-packages/sqlalchemy/engine/base.py", line 1842, in _execute_context
    return self._exec_single_context(
           ^^^^^^^^^^^^^^^^^^^^^^^^^^
  File "/opt/homebrew/lib/python3.11/site-packages/sqlalchemy/engine/base.py", line 1983, in _exec_single_context
    self._handle_dbapi_exception(
  File "/opt/homebrew/lib/python3.11/site-packages/sqlalchemy/engine/base.py", line 2326, in _handle_dbapi_exception
    raise sqlalchemy_exception.with_traceback(exc_info[2]) from e
  File "/opt/homebrew/lib/python3.11/site-packages/sqlalchemy/engine/base.py", line 1964, in _exec_single_context
    self.dialect.do_execute(
  File "/opt/homebrew/lib/python3.11/site-packages/sqlalchemy/engine/default.py", line 748, in do_execute
    cursor.execute(statement, parameters)
sqlalchemy.exc.DataError: (psycopg2.errors.InvalidTextRepresentation) invalid input syntax for type integer: ""
LINE 1: ...rix', 'None', '', '', '', '', '', '', '', '', '', '', false,...
                                                             ^

[SQL: INSERT INTO plants (common_name, scientific_name, sunlight_care, water_care, temperature_care, humidity_care, growing_tips, propagation_tips, common_pests, image_url, family, genus, year, edible, edible_part, edible_notes, medicinal, medicinal_notes, toxicity, synonyms, native_status, conservation_status, timestamp) VALUES (%(common_name)s, %(scientific_name)s, %(sunlight_care)s, %(water_care)s, %(temperature_care)s, %(humidity_care)s, %(growing_tips)s, %(propagation_tips)s, %(common_pests)s, %(image_url)s, %(family)s, %(genus)s, %(year)s, %(edible)s, %(edible_part)s, %(edible_notes)s, %(medicinal)s, %(medicinal_notes)s, %(toxicity)s, %(synonyms)s, %(native_status)s, %(conservation_status)s, %(timestamp)s) RETURNING plants.id]
[parameters: {'common_name': 'Kaffir lime', 'scientific_name': 'Citrus hystrix', 'sunlight_care': 'None', 'water_care': '', 'temperature_care': '', 'humidity_care': '', 'growing_tips': '', 'propagation_tips': '', 'common_pests': '', 'image_url': '', 'family': '', 'genus': '', 'year': '', 'edible': False, 'edible_part': '', 'edible_notes': '', 'medicinal': False, 'medicinal_notes': '', 'toxicity': '', 'synonyms': '', 'native_status': '', 'conservation_status': '', 'timestamp': datetime.datetime(2023, 5, 2, 18, 54, 45, 216688)}]
(Background on this error at: https://sqlalche.me/e/20/9h9h)
2023-05-02 14:55:31,268 - app - ERROR - Exception on /add_to_database [POST]
Traceback (most recent call last):
  File "/opt/homebrew/lib/python3.11/site-packages/flask/app.py", line 2528, in wsgi_app
    response = self.full_dispatch_request()
               ^^^^^^^^^^^^^^^^^^^^^^^^^^^^
  File "/opt/homebrew/lib/python3.11/site-packages/flask/app.py", line 1825, in full_dispatch_request
    rv = self.handle_user_exception(e)
         ^^^^^^^^^^^^^^^^^^^^^^^^^^^^^
  File "/opt/homebrew/lib/python3.11/site-packages/flask/app.py", line 1823, in full_dispatch_request
    rv = self.dispatch_request()
         ^^^^^^^^^^^^^^^^^^^^^^^
  File "/opt/homebrew/lib/python3.11/site-packages/flask/app.py", line 1799, in dispatch_request
    return self.ensure_sync(self.view_functions[rule.endpoint])(**view_args)
           ^^^^^^^^^^^^^^^^^^^^^^^^^^^^^^^^^^^^^^^^^^^^^^^^^^^^^^^^^^^^^^^^^
  File "/Users/wbabich/PycharmProjects/plant_app/app.py", line 153, in add_to_database
    edible = bool(request.form['edible']).lower()
             ^^^^^^^^^^^^^^^^^^^^^^^^^^^^^^^^^^
AttributeError: 'bool' object has no attribute 'lower'
2023-05-02 14:56:07,301 - app - ERROR - Exception on /add_to_database [POST]
Traceback (most recent call last):
  File "/opt/homebrew/lib/python3.11/site-packages/sqlalchemy/engine/base.py", line 1808, in _execute_context
    context = constructor(
              ^^^^^^^^^^^^
  File "/opt/homebrew/lib/python3.11/site-packages/sqlalchemy/engine/default.py", line 1294, in _init_compiled
    d_param = {
              ^
  File "/opt/homebrew/lib/python3.11/site-packages/sqlalchemy/engine/default.py", line 1295, in <dictcomp>
    key: flattened_processors[key](compiled_params[key])
         ^^^^^^^^^^^^^^^^^^^^^^^^^^^^^^^^^^^^^^^^^^^^^^^
  File "/opt/homebrew/lib/python3.11/site-packages/sqlalchemy/sql/sqltypes.py", line 2014, in process
    value = _strict_as_bool(value)
            ^^^^^^^^^^^^^^^^^^^^^^
  File "/opt/homebrew/lib/python3.11/site-packages/sqlalchemy/sql/sqltypes.py", line 1986, in _strict_as_bool
    raise TypeError("Not a boolean value: %r" % (value,))
TypeError: Not a boolean value: ''

The above exception was the direct cause of the following exception:

Traceback (most recent call last):
  File "/opt/homebrew/lib/python3.11/site-packages/flask/app.py", line 2528, in wsgi_app
    response = self.full_dispatch_request()
               ^^^^^^^^^^^^^^^^^^^^^^^^^^^^
  File "/opt/homebrew/lib/python3.11/site-packages/flask/app.py", line 1825, in full_dispatch_request
    rv = self.handle_user_exception(e)
         ^^^^^^^^^^^^^^^^^^^^^^^^^^^^^
  File "/opt/homebrew/lib/python3.11/site-packages/flask/app.py", line 1823, in full_dispatch_request
    rv = self.dispatch_request()
         ^^^^^^^^^^^^^^^^^^^^^^^
  File "/opt/homebrew/lib/python3.11/site-packages/flask/app.py", line 1799, in dispatch_request
    return self.ensure_sync(self.view_functions[rule.endpoint])(**view_args)
           ^^^^^^^^^^^^^^^^^^^^^^^^^^^^^^^^^^^^^^^^^^^^^^^^^^^^^^^^^^^^^^^^^
  File "/Users/wbabich/PycharmProjects/plant_app/app.py", line 193, in add_to_database
    db_session.commit()
  File "/opt/homebrew/lib/python3.11/site-packages/sqlalchemy/orm/scoping.py", line 553, in commit
    return self._proxied.commit()
           ^^^^^^^^^^^^^^^^^^^^^^
  File "/opt/homebrew/lib/python3.11/site-packages/sqlalchemy/orm/session.py", line 1903, in commit
    trans.commit(_to_root=True)
  File "<string>", line 2, in commit
  File "/opt/homebrew/lib/python3.11/site-packages/sqlalchemy/orm/state_changes.py", line 137, in _go
    ret_value = fn(self, *arg, **kw)
                ^^^^^^^^^^^^^^^^^^^^
  File "/opt/homebrew/lib/python3.11/site-packages/sqlalchemy/orm/session.py", line 1218, in commit
    self._prepare_impl()
  File "<string>", line 2, in _prepare_impl
  File "/opt/homebrew/lib/python3.11/site-packages/sqlalchemy/orm/state_changes.py", line 137, in _go
    ret_value = fn(self, *arg, **kw)
                ^^^^^^^^^^^^^^^^^^^^
  File "/opt/homebrew/lib/python3.11/site-packages/sqlalchemy/orm/session.py", line 1193, in _prepare_impl
    self.session.flush()
  File "/opt/homebrew/lib/python3.11/site-packages/sqlalchemy/orm/session.py", line 4155, in flush
    self._flush(objects)
  File "/opt/homebrew/lib/python3.11/site-packages/sqlalchemy/orm/session.py", line 4291, in _flush
    with util.safe_reraise():
  File "/opt/homebrew/lib/python3.11/site-packages/sqlalchemy/util/langhelpers.py", line 147, in __exit__
    raise exc_value.with_traceback(exc_tb)
  File "/opt/homebrew/lib/python3.11/site-packages/sqlalchemy/orm/session.py", line 4252, in _flush
    flush_context.execute()
  File "/opt/homebrew/lib/python3.11/site-packages/sqlalchemy/orm/unitofwork.py", line 467, in execute
    rec.execute(self)
  File "/opt/homebrew/lib/python3.11/site-packages/sqlalchemy/orm/unitofwork.py", line 644, in execute
    util.preloaded.orm_persistence.save_obj(
  File "/opt/homebrew/lib/python3.11/site-packages/sqlalchemy/orm/persistence.py", line 93, in save_obj
    _emit_insert_statements(
  File "/opt/homebrew/lib/python3.11/site-packages/sqlalchemy/orm/persistence.py", line 1184, in _emit_insert_statements
    result = connection.execute(
             ^^^^^^^^^^^^^^^^^^^
  File "/opt/homebrew/lib/python3.11/site-packages/sqlalchemy/engine/base.py", line 1414, in execute
    return meth(
           ^^^^^
  File "/opt/homebrew/lib/python3.11/site-packages/sqlalchemy/sql/elements.py", line 486, in _execute_on_connection
    return connection._execute_clauseelement(
           ^^^^^^^^^^^^^^^^^^^^^^^^^^^^^^^^^^
  File "/opt/homebrew/lib/python3.11/site-packages/sqlalchemy/engine/base.py", line 1638, in _execute_clauseelement
    ret = self._execute_context(
          ^^^^^^^^^^^^^^^^^^^^^^
  File "/opt/homebrew/lib/python3.11/site-packages/sqlalchemy/engine/base.py", line 1814, in _execute_context
    self._handle_dbapi_exception(
  File "/opt/homebrew/lib/python3.11/site-packages/sqlalchemy/engine/base.py", line 2326, in _handle_dbapi_exception
    raise sqlalchemy_exception.with_traceback(exc_info[2]) from e
  File "/opt/homebrew/lib/python3.11/site-packages/sqlalchemy/engine/base.py", line 1808, in _execute_context
    context = constructor(
              ^^^^^^^^^^^^
  File "/opt/homebrew/lib/python3.11/site-packages/sqlalchemy/engine/default.py", line 1294, in _init_compiled
    d_param = {
              ^
  File "/opt/homebrew/lib/python3.11/site-packages/sqlalchemy/engine/default.py", line 1295, in <dictcomp>
    key: flattened_processors[key](compiled_params[key])
         ^^^^^^^^^^^^^^^^^^^^^^^^^^^^^^^^^^^^^^^^^^^^^^^
  File "/opt/homebrew/lib/python3.11/site-packages/sqlalchemy/sql/sqltypes.py", line 2014, in process
    value = _strict_as_bool(value)
            ^^^^^^^^^^^^^^^^^^^^^^
  File "/opt/homebrew/lib/python3.11/site-packages/sqlalchemy/sql/sqltypes.py", line 1986, in _strict_as_bool
    raise TypeError("Not a boolean value: %r" % (value,))
sqlalchemy.exc.StatementError: (builtins.TypeError) Not a boolean value: ''
[SQL: INSERT INTO plants (common_name, scientific_name, sunlight_care, water_care, temperature_care, humidity_care, growing_tips, propagation_tips, common_pests, image_url, family, genus, year, edible, edible_part, edible_notes, medicinal, medicinal_notes, toxicity, synonyms, native_status, conservation_status, timestamp) VALUES (%(common_name)s, %(scientific_name)s, %(sunlight_care)s, %(water_care)s, %(temperature_care)s, %(humidity_care)s, %(growing_tips)s, %(propagation_tips)s, %(common_pests)s, %(image_url)s, %(family)s, %(genus)s, %(year)s, %(edible)s, %(edible_part)s, %(edible_notes)s, %(medicinal)s, %(medicinal_notes)s, %(toxicity)s, %(synonyms)s, %(native_status)s, %(conservation_status)s, %(timestamp)s) RETURNING plants.id]
[parameters: [{'propagation_tips': '', 'genus': '', 'common_name': 'Thorn-apple', 'conservation_status': '', 'scientific_name': 'Datura stramonium', 'year': '', 'ed ... (151 characters truncated) ... s': '', 'edible_part': '', 'medicinal': '', 'medicinal_notes': '', 'sunlight_care': 'None', 'edible_notes': '', 'native_status': '', 'water_care': ''}]]
2023-05-07 10:25:12,355 - app - ERROR - Exception on /add_to_database [POST]
Traceback (most recent call last):
  File "/opt/homebrew/lib/python3.11/site-packages/sqlalchemy/engine/base.py", line 1808, in _execute_context
    context = constructor(
              ^^^^^^^^^^^^
  File "/opt/homebrew/lib/python3.11/site-packages/sqlalchemy/engine/default.py", line 1294, in _init_compiled
    d_param = {
              ^
  File "/opt/homebrew/lib/python3.11/site-packages/sqlalchemy/engine/default.py", line 1295, in <dictcomp>
    key: flattened_processors[key](compiled_params[key])
         ^^^^^^^^^^^^^^^^^^^^^^^^^^^^^^^^^^^^^^^^^^^^^^^
  File "/opt/homebrew/lib/python3.11/site-packages/sqlalchemy/sql/sqltypes.py", line 2014, in process
    value = _strict_as_bool(value)
            ^^^^^^^^^^^^^^^^^^^^^^
  File "/opt/homebrew/lib/python3.11/site-packages/sqlalchemy/sql/sqltypes.py", line 1986, in _strict_as_bool
    raise TypeError("Not a boolean value: %r" % (value,))
TypeError: Not a boolean value: ''

The above exception was the direct cause of the following exception:

Traceback (most recent call last):
  File "/opt/homebrew/lib/python3.11/site-packages/flask/app.py", line 2528, in wsgi_app
    response = self.full_dispatch_request()
               ^^^^^^^^^^^^^^^^^^^^^^^^^^^^
  File "/opt/homebrew/lib/python3.11/site-packages/flask/app.py", line 1825, in full_dispatch_request
    rv = self.handle_user_exception(e)
         ^^^^^^^^^^^^^^^^^^^^^^^^^^^^^
  File "/opt/homebrew/lib/python3.11/site-packages/flask/app.py", line 1823, in full_dispatch_request
    rv = self.dispatch_request()
         ^^^^^^^^^^^^^^^^^^^^^^^
  File "/opt/homebrew/lib/python3.11/site-packages/flask/app.py", line 1799, in dispatch_request
    return self.ensure_sync(self.view_functions[rule.endpoint])(**view_args)
           ^^^^^^^^^^^^^^^^^^^^^^^^^^^^^^^^^^^^^^^^^^^^^^^^^^^^^^^^^^^^^^^^^
  File "/Users/wbabich/PycharmProjects/plant_app/app.py", line 193, in add_to_database
    db_session.commit()
  File "/opt/homebrew/lib/python3.11/site-packages/sqlalchemy/orm/scoping.py", line 553, in commit
    return self._proxied.commit()
           ^^^^^^^^^^^^^^^^^^^^^^
  File "/opt/homebrew/lib/python3.11/site-packages/sqlalchemy/orm/session.py", line 1903, in commit
    trans.commit(_to_root=True)
  File "<string>", line 2, in commit
  File "/opt/homebrew/lib/python3.11/site-packages/sqlalchemy/orm/state_changes.py", line 137, in _go
    ret_value = fn(self, *arg, **kw)
                ^^^^^^^^^^^^^^^^^^^^
  File "/opt/homebrew/lib/python3.11/site-packages/sqlalchemy/orm/session.py", line 1218, in commit
    self._prepare_impl()
  File "<string>", line 2, in _prepare_impl
  File "/opt/homebrew/lib/python3.11/site-packages/sqlalchemy/orm/state_changes.py", line 137, in _go
    ret_value = fn(self, *arg, **kw)
                ^^^^^^^^^^^^^^^^^^^^
  File "/opt/homebrew/lib/python3.11/site-packages/sqlalchemy/orm/session.py", line 1193, in _prepare_impl
    self.session.flush()
  File "/opt/homebrew/lib/python3.11/site-packages/sqlalchemy/orm/session.py", line 4155, in flush
    self._flush(objects)
  File "/opt/homebrew/lib/python3.11/site-packages/sqlalchemy/orm/session.py", line 4291, in _flush
    with util.safe_reraise():
  File "/opt/homebrew/lib/python3.11/site-packages/sqlalchemy/util/langhelpers.py", line 147, in __exit__
    raise exc_value.with_traceback(exc_tb)
  File "/opt/homebrew/lib/python3.11/site-packages/sqlalchemy/orm/session.py", line 4252, in _flush
    flush_context.execute()
  File "/opt/homebrew/lib/python3.11/site-packages/sqlalchemy/orm/unitofwork.py", line 467, in execute
    rec.execute(self)
  File "/opt/homebrew/lib/python3.11/site-packages/sqlalchemy/orm/unitofwork.py", line 644, in execute
    util.preloaded.orm_persistence.save_obj(
  File "/opt/homebrew/lib/python3.11/site-packages/sqlalchemy/orm/persistence.py", line 93, in save_obj
    _emit_insert_statements(
  File "/opt/homebrew/lib/python3.11/site-packages/sqlalchemy/orm/persistence.py", line 1184, in _emit_insert_statements
    result = connection.execute(
             ^^^^^^^^^^^^^^^^^^^
  File "/opt/homebrew/lib/python3.11/site-packages/sqlalchemy/engine/base.py", line 1414, in execute
    return meth(
           ^^^^^
  File "/opt/homebrew/lib/python3.11/site-packages/sqlalchemy/sql/elements.py", line 486, in _execute_on_connection
    return connection._execute_clauseelement(
           ^^^^^^^^^^^^^^^^^^^^^^^^^^^^^^^^^^
  File "/opt/homebrew/lib/python3.11/site-packages/sqlalchemy/engine/base.py", line 1638, in _execute_clauseelement
    ret = self._execute_context(
          ^^^^^^^^^^^^^^^^^^^^^^
  File "/opt/homebrew/lib/python3.11/site-packages/sqlalchemy/engine/base.py", line 1814, in _execute_context
    self._handle_dbapi_exception(
  File "/opt/homebrew/lib/python3.11/site-packages/sqlalchemy/engine/base.py", line 2326, in _handle_dbapi_exception
    raise sqlalchemy_exception.with_traceback(exc_info[2]) from e
  File "/opt/homebrew/lib/python3.11/site-packages/sqlalchemy/engine/base.py", line 1808, in _execute_context
    context = constructor(
              ^^^^^^^^^^^^
  File "/opt/homebrew/lib/python3.11/site-packages/sqlalchemy/engine/default.py", line 1294, in _init_compiled
    d_param = {
              ^
  File "/opt/homebrew/lib/python3.11/site-packages/sqlalchemy/engine/default.py", line 1295, in <dictcomp>
    key: flattened_processors[key](compiled_params[key])
         ^^^^^^^^^^^^^^^^^^^^^^^^^^^^^^^^^^^^^^^^^^^^^^^
  File "/opt/homebrew/lib/python3.11/site-packages/sqlalchemy/sql/sqltypes.py", line 2014, in process
    value = _strict_as_bool(value)
            ^^^^^^^^^^^^^^^^^^^^^^
  File "/opt/homebrew/lib/python3.11/site-packages/sqlalchemy/sql/sqltypes.py", line 1986, in _strict_as_bool
    raise TypeError("Not a boolean value: %r" % (value,))
sqlalchemy.exc.StatementError: (builtins.TypeError) Not a boolean value: ''
[SQL: INSERT INTO plants (common_name, scientific_name, sunlight_care, water_care, temperature_care, humidity_care, growing_tips, propagation_tips, common_pests, image_url, family, genus, year, edible, edible_part, edible_notes, medicinal, medicinal_notes, toxicity, synonyms, native_status, conservation_status, timestamp) VALUES (%(common_name)s, %(scientific_name)s, %(sunlight_care)s, %(water_care)s, %(temperature_care)s, %(humidity_care)s, %(growing_tips)s, %(propagation_tips)s, %(common_pests)s, %(image_url)s, %(family)s, %(genus)s, %(year)s, %(edible)s, %(edible_part)s, %(edible_notes)s, %(medicinal)s, %(medicinal_notes)s, %(toxicity)s, %(synonyms)s, %(native_status)s, %(conservation_status)s, %(timestamp)s) RETURNING plants.id]
[parameters: [{'sunlight_care': 'None', 'synonyms': '', 'year': '', 'image_url': '', 'medicinal': '', 'genus': '', 'edible_part': '', 'toxicity': '', 'water_care':  ... (161 characters truncated) ... '', 'conservation_status': '', 'family': '', 'growing_tips': '', 'common_pests': '', 'scientific_name': 'Sarracenia purpurea', 'propagation_tips': ''}]]
2023-05-07 11:05:01,584 - app - ERROR - Exception on /search [POST]
Traceback (most recent call last):
  File "/opt/homebrew/lib/python3.11/site-packages/flask/app.py", line 2528, in wsgi_app
    response = self.full_dispatch_request()
               ^^^^^^^^^^^^^^^^^^^^^^^^^^^^
  File "/opt/homebrew/lib/python3.11/site-packages/flask/app.py", line 1825, in full_dispatch_request
    rv = self.handle_user_exception(e)
         ^^^^^^^^^^^^^^^^^^^^^^^^^^^^^
  File "/opt/homebrew/lib/python3.11/site-packages/flask/app.py", line 1823, in full_dispatch_request
    rv = self.dispatch_request()
         ^^^^^^^^^^^^^^^^^^^^^^^
  File "/opt/homebrew/lib/python3.11/site-packages/flask/app.py", line 1799, in dispatch_request
    return self.ensure_sync(self.view_functions[rule.endpoint])(**view_args)
           ^^^^^^^^^^^^^^^^^^^^^^^^^^^^^^^^^^^^^^^^^^^^^^^^^^^^^^^^^^^^^^^^^
  File "/Users/wbabich/PycharmProjects/plant_app/app.py", line 84, in search_plant
    fetched_plant_info = get_plant_info(query.strip())
                         ^^^^^^^^^^^^^^^^^^^^^^^^^^^^^
  File "/Users/wbabich/PycharmProjects/plant_app/plant_info.py", line 14, in get_plant_info
    endpoint = f"{TREFLE_API_BASE_URL}/plants/search?token={TREFLE_API_KEY}&q={query}"
                                                            ^^^^^^^^^^^^^^
NameError: name 'TREFLE_API_KEY' is not defined
2023-05-07 11:06:04,205 - app - ERROR - Exception on /search [POST]
Traceback (most recent call last):
  File "/opt/homebrew/lib/python3.11/site-packages/flask/app.py", line 2528, in wsgi_app
    response = self.full_dispatch_request()
               ^^^^^^^^^^^^^^^^^^^^^^^^^^^^
  File "/opt/homebrew/lib/python3.11/site-packages/flask/app.py", line 1825, in full_dispatch_request
    rv = self.handle_user_exception(e)
         ^^^^^^^^^^^^^^^^^^^^^^^^^^^^^
  File "/opt/homebrew/lib/python3.11/site-packages/flask/app.py", line 1823, in full_dispatch_request
    rv = self.dispatch_request()
         ^^^^^^^^^^^^^^^^^^^^^^^
  File "/opt/homebrew/lib/python3.11/site-packages/flask/app.py", line 1799, in dispatch_request
    return self.ensure_sync(self.view_functions[rule.endpoint])(**view_args)
           ^^^^^^^^^^^^^^^^^^^^^^^^^^^^^^^^^^^^^^^^^^^^^^^^^^^^^^^^^^^^^^^^^
  File "/Users/wbabich/PycharmProjects/plant_app/app.py", line 84, in search_plant
    fetched_plant_info = get_plant_info(query.strip())
                         ^^^^^^^^^^^^^^^^^^^^^^^^^^^^^
  File "/Users/wbabich/PycharmProjects/plant_app/plant_info.py", line 32, in get_plant_info
    detailed_endpoint = f"{TREFLE_API_BASE_URL}/plants/{plant_id}?token={TREFLE_API_KEY}"
                                                                         ^^^^^^^^^^^^^^
NameError: name 'TREFLE_API_KEY' is not defined
2023-05-07 11:09:06,556 - app - ERROR - Exception on /search [POST]
Traceback (most recent call last):
  File "/opt/homebrew/lib/python3.11/site-packages/flask/app.py", line 2528, in wsgi_app
    response = self.full_dispatch_request()
               ^^^^^^^^^^^^^^^^^^^^^^^^^^^^
  File "/opt/homebrew/lib/python3.11/site-packages/flask/app.py", line 1825, in full_dispatch_request
    rv = self.handle_user_exception(e)
         ^^^^^^^^^^^^^^^^^^^^^^^^^^^^^
  File "/opt/homebrew/lib/python3.11/site-packages/flask/app.py", line 1823, in full_dispatch_request
    rv = self.dispatch_request()
         ^^^^^^^^^^^^^^^^^^^^^^^
  File "/opt/homebrew/lib/python3.11/site-packages/flask/app.py", line 1799, in dispatch_request
    return self.ensure_sync(self.view_functions[rule.endpoint])(**view_args)
           ^^^^^^^^^^^^^^^^^^^^^^^^^^^^^^^^^^^^^^^^^^^^^^^^^^^^^^^^^^^^^^^^^
  File "/Users/wbabich/PycharmProjects/plant_app/app.py", line 84, in search_plant
    fetched_plant_info = get_plant_info(query.strip())
                         ^^^^^^^^^^^^^^^^^^^^^^^^^^^^^
  File "/Users/wbabich/PycharmProjects/plant_app/plant_info.py", line 32, in get_plant_info
    detailed_endpoint = f"{TREFLE_API_BASE_URL}/plants/{plant_id}?token={TREFLE_API_KEY}"
                                                                         ^^^^^^^^^^^^^^
NameError: name 'TREFLE_API_KEY' is not defined
2023-05-07 11:12:49,439 - app - ERROR - Exception on /search [POST]
Traceback (most recent call last):
  File "/opt/homebrew/lib/python3.11/site-packages/flask/app.py", line 2528, in wsgi_app
    response = self.full_dispatch_request()
               ^^^^^^^^^^^^^^^^^^^^^^^^^^^^
  File "/opt/homebrew/lib/python3.11/site-packages/flask/app.py", line 1825, in full_dispatch_request
    rv = self.handle_user_exception(e)
         ^^^^^^^^^^^^^^^^^^^^^^^^^^^^^
  File "/opt/homebrew/lib/python3.11/site-packages/flask/app.py", line 1823, in full_dispatch_request
    rv = self.dispatch_request()
         ^^^^^^^^^^^^^^^^^^^^^^^
  File "/opt/homebrew/lib/python3.11/site-packages/flask/app.py", line 1799, in dispatch_request
    return self.ensure_sync(self.view_functions[rule.endpoint])(**view_args)
           ^^^^^^^^^^^^^^^^^^^^^^^^^^^^^^^^^^^^^^^^^^^^^^^^^^^^^^^^^^^^^^^^^
  File "/Users/wbabich/PycharmProjects/plant_app/app.py", line 84, in search_plant
    fetched_plant_info = get_plant_info(query.strip())
                         ^^^^^^^^^^^^^^^^^^^^^^^^^^^^^
  File "/Users/wbabich/PycharmProjects/plant_app/plant_info.py", line 26, in get_plant_info
    sorted_results = sorted(results, key=lambda x: -sum(
                     ^^^^^^^^^^^^^^^^^^^^^^^^^^^^^^^^^^^
  File "/Users/wbabich/PycharmProjects/plant_app/plant_info.py", line 27, in <lambda>
    [1 for field in DESIRED_FIELDS if (field in x or (field == 'images' and 'url' in x['images']))]))
    ^^^^^^^^^^^^^^^^^^^^^^^^^^^^^^^^^^^^^^^^^^^^^^^^^^^^^^^^^^^^^^^^^^^^^^^^^^^^^^^^^^^^^^^^^^^^^^^
  File "/Users/wbabich/PycharmProjects/plant_app/plant_info.py", line 27, in <listcomp>
    [1 for field in DESIRED_FIELDS if (field in x or (field == 'images' and 'url' in x['images']))]))
                                                                                     ~^^^^^^^^^^
KeyError: 'images'
2023-05-10 15:47:38,271 - app - ERROR - Exception on /manual_entry [GET]
Traceback (most recent call last):
  File "/opt/homebrew/lib/python3.11/site-packages/flask/app.py", line 2528, in wsgi_app
    response = self.full_dispatch_request()
               ^^^^^^^^^^^^^^^^^^^^^^^^^^^^
  File "/opt/homebrew/lib/python3.11/site-packages/flask/app.py", line 1825, in full_dispatch_request
    rv = self.handle_user_exception(e)
         ^^^^^^^^^^^^^^^^^^^^^^^^^^^^^
  File "/opt/homebrew/lib/python3.11/site-packages/flask/app.py", line 1823, in full_dispatch_request
    rv = self.dispatch_request()
         ^^^^^^^^^^^^^^^^^^^^^^^
  File "/opt/homebrew/lib/python3.11/site-packages/flask/app.py", line 1799, in dispatch_request
    return self.ensure_sync(self.view_functions[rule.endpoint])(**view_args)
           ^^^^^^^^^^^^^^^^^^^^^^^^^^^^^^^^^^^^^^^^^^^^^^^^^^^^^^^^^^^^^^^^^
  File "/Users/wbabich/PycharmProjects/plant_app/app.py", line 137, in manual_entry
    return render_template('manual_entry.html')
           ^^^^^^^^^^^^^^^^^^^^^^^^^^^^^^^^^^^^
  File "/opt/homebrew/lib/python3.11/site-packages/flask/templating.py", line 147, in render_template
    return _render(app, template, context)
           ^^^^^^^^^^^^^^^^^^^^^^^^^^^^^^^
  File "/opt/homebrew/lib/python3.11/site-packages/flask/templating.py", line 130, in _render
    rv = template.render(context)
         ^^^^^^^^^^^^^^^^^^^^^^^^
  File "/opt/homebrew/lib/python3.11/site-packages/jinja2/environment.py", line 1301, in render
    self.environment.handle_exception()
  File "/opt/homebrew/lib/python3.11/site-packages/jinja2/environment.py", line 936, in handle_exception
    raise rewrite_traceback_stack(source=source)
  File "/Users/wbabich/PycharmProjects/plant_app/templates/manual_entry.html", line 1, in top-level template code
    {% extends 'base.html' %}
  File "/Users/wbabich/PycharmProjects/plant_app/templates/base.html", line 46, in top-level template code
    {% block content %}
  File "/Users/wbabich/PycharmProjects/plant_app/templates/manual_entry.html", line 16, in block 'content'
    {{ form.csrf_token }}
  File "/opt/homebrew/lib/python3.11/site-packages/jinja2/environment.py", line 485, in getattr
    return getattr(obj, attribute)
           ^^^^^^^^^^^^^^^^^^^^^^^
jinja2.exceptions.UndefinedError: 'form' is undefined
2023-05-10 15:49:13,298 - app - ERROR - Exception on /manual_entry [GET]
Traceback (most recent call last):
  File "/opt/homebrew/lib/python3.11/site-packages/flask/app.py", line 2528, in wsgi_app
    response = self.full_dispatch_request()
               ^^^^^^^^^^^^^^^^^^^^^^^^^^^^
  File "/opt/homebrew/lib/python3.11/site-packages/flask/app.py", line 1825, in full_dispatch_request
    rv = self.handle_user_exception(e)
         ^^^^^^^^^^^^^^^^^^^^^^^^^^^^^
  File "/opt/homebrew/lib/python3.11/site-packages/flask/app.py", line 1823, in full_dispatch_request
    rv = self.dispatch_request()
         ^^^^^^^^^^^^^^^^^^^^^^^
  File "/opt/homebrew/lib/python3.11/site-packages/flask/app.py", line 1799, in dispatch_request
    return self.ensure_sync(self.view_functions[rule.endpoint])(**view_args)
           ^^^^^^^^^^^^^^^^^^^^^^^^^^^^^^^^^^^^^^^^^^^^^^^^^^^^^^^^^^^^^^^^^
  File "/Users/wbabich/PycharmProjects/plant_app/app.py", line 137, in manual_entry
    return render_template('manual_entry.html')
           ^^^^^^^^^^^^^^^^^^^^^^^^^^^^^^^^^^^^
  File "/opt/homebrew/lib/python3.11/site-packages/flask/templating.py", line 147, in render_template
    return _render(app, template, context)
           ^^^^^^^^^^^^^^^^^^^^^^^^^^^^^^^
  File "/opt/homebrew/lib/python3.11/site-packages/flask/templating.py", line 130, in _render
    rv = template.render(context)
         ^^^^^^^^^^^^^^^^^^^^^^^^
  File "/opt/homebrew/lib/python3.11/site-packages/jinja2/environment.py", line 1301, in render
    self.environment.handle_exception()
  File "/opt/homebrew/lib/python3.11/site-packages/jinja2/environment.py", line 936, in handle_exception
    raise rewrite_traceback_stack(source=source)
  File "/Users/wbabich/PycharmProjects/plant_app/templates/manual_entry.html", line 1, in top-level template code
    {% extends 'base.html' %}
  File "/Users/wbabich/PycharmProjects/plant_app/templates/base.html", line 46, in top-level template code
    {% block content %}
  File "/Users/wbabich/PycharmProjects/plant_app/templates/manual_entry.html", line 16, in block 'content'
    {{ form.csrf_token }}
  File "/opt/homebrew/lib/python3.11/site-packages/jinja2/environment.py", line 485, in getattr
    return getattr(obj, attribute)
           ^^^^^^^^^^^^^^^^^^^^^^^
jinja2.exceptions.UndefinedError: 'form' is undefined
2023-05-10 16:28:02,315 - app - DEBUG - Request headers: Host: 127.0.0.1:5000
Connection: keep-alive
Sec-Ch-Ua: "Chromium";v="112", "Google Chrome";v="112", "Not:A-Brand";v="99"
Sec-Ch-Ua-Mobile: ?0
Sec-Ch-Ua-Platform: "macOS"
Dnt: 1
Upgrade-Insecure-Requests: 1
User-Agent: Mozilla/5.0 (Macintosh; Intel Mac OS X 10_15_7) AppleWebKit/537.36 (KHTML, like Gecko) Chrome/112.0.0.0 Safari/537.36
Sec-Purpose: prefetch;prerender
Purpose: prefetch
Accept: text/html,application/xhtml+xml,application/xml;q=0.9,image/avif,image/webp,image/apng,*/*;q=0.8,application/signed-exchange;v=b3;q=0.7
Sec-Fetch-Site: none
Sec-Fetch-Mode: navigate
Sec-Fetch-User: ?1
Sec-Fetch-Dest: document
Accept-Encoding: gzip, deflate, br
Accept-Language: en-US,en;q=0.9


2023-05-10 16:28:02,316 - app - DEBUG - Request body: b''
2023-05-10 16:28:02,363 - app - DEBUG - Response headers: Content-Type: text/html; charset=utf-8
Content-Length: 2538


2023-05-10 16:28:02,363 - app - DEBUG - Response body: b'<!DOCTYPE html>\n<html>\n\n<head>\n    <meta charset="UTF-8">\n    <title>Home</title>\n    <meta name="viewport" content="width=device-width, initial-scale=1.0">\n    <link rel="stylesheet" href="/static/css/bootstrap.min.css">\n    <link rel="stylesheet" href="/static/css/style.css">\n</head>\n\n<body>\n<nav class="navbar navbar-expand-lg navbar-light bg-light fixed-top">\n    <div class="container">\n        <a class="navbar-brand" href="/">home</a>\n        <button class="navbar-toggler" type="button" data-toggle="collapse" data-target="#navbarNav"\n                aria-controls="navbarNav" aria-expanded="false" aria-label="Toggle navigation">\n            <span class="navbar-toggler-icon"></span>\n        </button>\n        <div class="collapse navbar-collapse justify-content-between" id="navbarNav">\n            <ul class="navbar-nav">\n                <li class="nav-item">\n                    <a class="nav-link" href="/plants">plants</a>\n                </li>\n                <li class="nav-item">\n                    <a class="nav-link" href="/add_plant">add new plant</a>\n                </li>\n                <li class="nav-item">\n                    <a class="nav-link" href="/manual_entry">manual entry</a>\n                </li>\n            </ul>\n            <form class="form-inline my-2 my-lg-0" action="/search" method="GET">\n                <div class="input-group">\n                    <input class="form-control mr-sm-2" type="search" placeholder="search for a plant..."\n                           aria-label="Search" name="query"\n                           value="">\n                    <div class="input-group-append">\n                        <button class="btn btn-outline-success my-2 my-sm-0" type="submit">Search</button>\n                    </div>\n                </div>\n            </form>\n        </div>\n    </div>\n</nav>\n<div class="container" style="width: 100%; padding: 0 20px;">\n    \n\n    <div class="container">\n        <h1 class="my-header">plants!</h1>\n        \n            <div class="card mb-4">\n                \n                    <div class="no-image-message card-body">No image available for this plant.</div>\n                \n                <div class="card-body">\n                    <h2 class="card-title">Ficus lyrata</h2>\n                    <p class="card-text scientific-name">Ficus lyrata</p>\n                </div>\n            </div>\n        \n    </div>\n\n\n</div>\n\n<script src="/static/js/jquery-3.6.4.min.js"></script>\n<script src="/static/js/bootstrap.bundle.min.js"></script>\n</body>\n\n</html>'
2023-05-10 16:28:02,379 - app - DEBUG - Request headers: Host: 127.0.0.1:5000
Connection: keep-alive
Sec-Ch-Ua: "Chromium";v="112", "Google Chrome";v="112", "Not:A-Brand";v="99"
Dnt: 1
Sec-Purpose: prefetch;prerender
Sec-Ch-Ua-Mobile: ?0
User-Agent: Mozilla/5.0 (Macintosh; Intel Mac OS X 10_15_7) AppleWebKit/537.36 (KHTML, like Gecko) Chrome/112.0.0.0 Safari/537.36
Sec-Ch-Ua-Platform: "macOS"
Accept: text/css,*/*;q=0.1
Purpose: prefetch
Sec-Fetch-Site: same-origin
Sec-Fetch-Mode: no-cors
Sec-Fetch-Dest: style
Referer: http://127.0.0.1:5000/
Accept-Encoding: gzip, deflate, br
Accept-Language: en-US,en;q=0.9


2023-05-10 16:28:02,379 - app - DEBUG - Request headers: Host: 127.0.0.1:5000
Connection: keep-alive
Sec-Ch-Ua: "Chromium";v="112", "Google Chrome";v="112", "Not:A-Brand";v="99"
Dnt: 1
Sec-Purpose: prefetch;prerender
Sec-Ch-Ua-Mobile: ?0
User-Agent: Mozilla/5.0 (Macintosh; Intel Mac OS X 10_15_7) AppleWebKit/537.36 (KHTML, like Gecko) Chrome/112.0.0.0 Safari/537.36
Sec-Ch-Ua-Platform: "macOS"
Accept: text/css,*/*;q=0.1
Purpose: prefetch
Sec-Fetch-Site: same-origin
Sec-Fetch-Mode: no-cors
Sec-Fetch-Dest: style
Referer: http://127.0.0.1:5000/
Accept-Encoding: gzip, deflate, br
Accept-Language: en-US,en;q=0.9


2023-05-10 16:28:02,379 - app - DEBUG - Request headers: Host: 127.0.0.1:5000
Connection: keep-alive
Sec-Ch-Ua: "Chromium";v="112", "Google Chrome";v="112", "Not:A-Brand";v="99"
Dnt: 1
Sec-Purpose: prefetch;prerender
Sec-Ch-Ua-Mobile: ?0
User-Agent: Mozilla/5.0 (Macintosh; Intel Mac OS X 10_15_7) AppleWebKit/537.36 (KHTML, like Gecko) Chrome/112.0.0.0 Safari/537.36
Sec-Ch-Ua-Platform: "macOS"
Accept: */*
Purpose: prefetch
Sec-Fetch-Site: same-origin
Sec-Fetch-Mode: no-cors
Sec-Fetch-Dest: script
Referer: http://127.0.0.1:5000/
Accept-Encoding: gzip, deflate, br
Accept-Language: en-US,en;q=0.9


2023-05-10 16:28:02,380 - app - DEBUG - Request body: b''
2023-05-10 16:28:02,380 - app - DEBUG - Request body: b''
2023-05-10 16:28:02,381 - app - DEBUG - Request body: b''
2023-05-10 16:28:02,386 - app - DEBUG - Response headers: Content-Disposition: inline; filename=jquery-3.6.4.min.js
Content-Type: application/javascript; charset=utf-8
Content-Length: 89794
Last-Modified: Thu, 27 Apr 2023 21:24:51 GMT
Cache-Control: no-cache
ETag: "1682630691.1954129-89794-2847087025"
Date: Wed, 10 May 2023 20:28:02 GMT


2023-05-10 16:28:02,386 - app - DEBUG - Response headers: Content-Disposition: inline; filename=style.css
Content-Type: text/css; charset=utf-8
Content-Length: 4446
Last-Modified: Wed, 10 May 2023 19:20:56 GMT
Cache-Control: no-cache
ETag: "1683746456.5373893-4446-3511293826"
Date: Wed, 10 May 2023 20:28:02 GMT


2023-05-10 16:28:02,386 - app - DEBUG - Response headers: Content-Disposition: inline; filename=bootstrap.min.css
Content-Type: text/css; charset=utf-8
Content-Length: 163873
Last-Modified: Thu, 27 Apr 2023 21:24:51 GMT
Cache-Control: no-cache
ETag: "1682630691.1886287-163873-2615614113"
Date: Wed, 10 May 2023 20:28:02 GMT


2023-05-10 16:28:02,386 - app - ERROR - Exception on /static/js/jquery-3.6.4.min.js [GET]
Traceback (most recent call last):
  File "/opt/homebrew/lib/python3.11/site-packages/flask/app.py", line 2528, in wsgi_app
    response = self.full_dispatch_request()
               ^^^^^^^^^^^^^^^^^^^^^^^^^^^^
  File "/opt/homebrew/lib/python3.11/site-packages/flask/app.py", line 1826, in full_dispatch_request
    return self.finalize_request(rv)
           ^^^^^^^^^^^^^^^^^^^^^^^^^
  File "/opt/homebrew/lib/python3.11/site-packages/flask/app.py", line 1847, in finalize_request
    response = self.process_response(response)
               ^^^^^^^^^^^^^^^^^^^^^^^^^^^^^^^
  File "/opt/homebrew/lib/python3.11/site-packages/flask/app.py", line 2340, in process_response
    response = self.ensure_sync(func)(response)
               ^^^^^^^^^^^^^^^^^^^^^^^^^^^^^^^^
  File "/Users/wbabich/PycharmProjects/plant_app/app.py", line 62, in log_response_info
    app.logger.debug('Response body: %s', response.get_data())
                                          ^^^^^^^^^^^^^^^^^^^
  File "/opt/homebrew/lib/python3.11/site-packages/werkzeug/wrappers/response.py", line 314, in get_data
    self._ensure_sequence()
  File "/opt/homebrew/lib/python3.11/site-packages/werkzeug/wrappers/response.py", line 366, in _ensure_sequence
    raise RuntimeError(
RuntimeError: Attempted implicit sequence conversion but the response object is in direct passthrough mode.
2023-05-10 16:28:02,387 - app - ERROR - Exception on /static/css/style.css [GET]
Traceback (most recent call last):
  File "/opt/homebrew/lib/python3.11/site-packages/flask/app.py", line 2528, in wsgi_app
    response = self.full_dispatch_request()
               ^^^^^^^^^^^^^^^^^^^^^^^^^^^^
  File "/opt/homebrew/lib/python3.11/site-packages/flask/app.py", line 1826, in full_dispatch_request
    return self.finalize_request(rv)
           ^^^^^^^^^^^^^^^^^^^^^^^^^
  File "/opt/homebrew/lib/python3.11/site-packages/flask/app.py", line 1847, in finalize_request
    response = self.process_response(response)
               ^^^^^^^^^^^^^^^^^^^^^^^^^^^^^^^
  File "/opt/homebrew/lib/python3.11/site-packages/flask/app.py", line 2340, in process_response
    response = self.ensure_sync(func)(response)
               ^^^^^^^^^^^^^^^^^^^^^^^^^^^^^^^^
  File "/Users/wbabich/PycharmProjects/plant_app/app.py", line 62, in log_response_info
    app.logger.debug('Response body: %s', response.get_data())
                                          ^^^^^^^^^^^^^^^^^^^
  File "/opt/homebrew/lib/python3.11/site-packages/werkzeug/wrappers/response.py", line 314, in get_data
    self._ensure_sequence()
  File "/opt/homebrew/lib/python3.11/site-packages/werkzeug/wrappers/response.py", line 366, in _ensure_sequence
    raise RuntimeError(
RuntimeError: Attempted implicit sequence conversion but the response object is in direct passthrough mode.
2023-05-10 16:28:02,387 - app - ERROR - Exception on /static/css/bootstrap.min.css [GET]
Traceback (most recent call last):
  File "/opt/homebrew/lib/python3.11/site-packages/flask/app.py", line 2528, in wsgi_app
    response = self.full_dispatch_request()
               ^^^^^^^^^^^^^^^^^^^^^^^^^^^^
  File "/opt/homebrew/lib/python3.11/site-packages/flask/app.py", line 1826, in full_dispatch_request
    return self.finalize_request(rv)
           ^^^^^^^^^^^^^^^^^^^^^^^^^
  File "/opt/homebrew/lib/python3.11/site-packages/flask/app.py", line 1847, in finalize_request
    response = self.process_response(response)
               ^^^^^^^^^^^^^^^^^^^^^^^^^^^^^^^
  File "/opt/homebrew/lib/python3.11/site-packages/flask/app.py", line 2340, in process_response
    response = self.ensure_sync(func)(response)
               ^^^^^^^^^^^^^^^^^^^^^^^^^^^^^^^^
  File "/Users/wbabich/PycharmProjects/plant_app/app.py", line 62, in log_response_info
    app.logger.debug('Response body: %s', response.get_data())
                                          ^^^^^^^^^^^^^^^^^^^
  File "/opt/homebrew/lib/python3.11/site-packages/werkzeug/wrappers/response.py", line 314, in get_data
    self._ensure_sequence()
  File "/opt/homebrew/lib/python3.11/site-packages/werkzeug/wrappers/response.py", line 366, in _ensure_sequence
    raise RuntimeError(
RuntimeError: Attempted implicit sequence conversion but the response object is in direct passthrough mode.
2023-05-10 16:28:02,388 - app - DEBUG - Response headers: Content-Type: text/html; charset=utf-8
Content-Length: 265


2023-05-10 16:28:02,389 - app - DEBUG - Response headers: Content-Type: text/html; charset=utf-8
Content-Length: 265


2023-05-10 16:28:02,390 - app - DEBUG - Response headers: Content-Type: text/html; charset=utf-8
Content-Length: 265


2023-05-10 16:28:02,391 - app - DEBUG - Response body: b'<!doctype html>\n<html lang=en>\n<title>500 Internal Server Error</title>\n<h1>Internal Server Error</h1>\n<p>The server encountered an internal error and was unable to complete your request. Either the server is overloaded or there is an error in the application.</p>\n'
2023-05-10 16:28:02,390 - app - DEBUG - Response body: b'<!doctype html>\n<html lang=en>\n<title>500 Internal Server Error</title>\n<h1>Internal Server Error</h1>\n<p>The server encountered an internal error and was unable to complete your request. Either the server is overloaded or there is an error in the application.</p>\n'
2023-05-10 16:28:02,390 - app - DEBUG - Response body: b'<!doctype html>\n<html lang=en>\n<title>500 Internal Server Error</title>\n<h1>Internal Server Error</h1>\n<p>The server encountered an internal error and was unable to complete your request. Either the server is overloaded or there is an error in the application.</p>\n'
2023-05-10 16:28:02,393 - app - DEBUG - Request headers: Host: 127.0.0.1:5000
Connection: keep-alive
Sec-Ch-Ua: "Chromium";v="112", "Google Chrome";v="112", "Not:A-Brand";v="99"
Dnt: 1
Sec-Purpose: prefetch;prerender
Sec-Ch-Ua-Mobile: ?0
User-Agent: Mozilla/5.0 (Macintosh; Intel Mac OS X 10_15_7) AppleWebKit/537.36 (KHTML, like Gecko) Chrome/112.0.0.0 Safari/537.36
Sec-Ch-Ua-Platform: "macOS"
Accept: */*
Purpose: prefetch
Sec-Fetch-Site: same-origin
Sec-Fetch-Mode: no-cors
Sec-Fetch-Dest: script
Referer: http://127.0.0.1:5000/
Accept-Encoding: gzip, deflate, br
Accept-Language: en-US,en;q=0.9


2023-05-10 16:28:02,393 - app - DEBUG - Request body: b''
2023-05-10 16:28:02,393 - app - DEBUG - Response headers: Content-Disposition: inline; filename=bootstrap.bundle.min.js
Content-Type: application/javascript; charset=utf-8
Content-Length: 78129
Last-Modified: Thu, 27 Apr 2023 21:24:51 GMT
Cache-Control: no-cache
ETag: "1682630691.1919186-78129-641604721"
Date: Wed, 10 May 2023 20:28:02 GMT


2023-05-10 16:28:02,393 - app - ERROR - Exception on /static/js/bootstrap.bundle.min.js [GET]
Traceback (most recent call last):
  File "/opt/homebrew/lib/python3.11/site-packages/flask/app.py", line 2528, in wsgi_app
    response = self.full_dispatch_request()
               ^^^^^^^^^^^^^^^^^^^^^^^^^^^^
  File "/opt/homebrew/lib/python3.11/site-packages/flask/app.py", line 1826, in full_dispatch_request
    return self.finalize_request(rv)
           ^^^^^^^^^^^^^^^^^^^^^^^^^
  File "/opt/homebrew/lib/python3.11/site-packages/flask/app.py", line 1847, in finalize_request
    response = self.process_response(response)
               ^^^^^^^^^^^^^^^^^^^^^^^^^^^^^^^
  File "/opt/homebrew/lib/python3.11/site-packages/flask/app.py", line 2340, in process_response
    response = self.ensure_sync(func)(response)
               ^^^^^^^^^^^^^^^^^^^^^^^^^^^^^^^^
  File "/Users/wbabich/PycharmProjects/plant_app/app.py", line 62, in log_response_info
    app.logger.debug('Response body: %s', response.get_data())
                                          ^^^^^^^^^^^^^^^^^^^
  File "/opt/homebrew/lib/python3.11/site-packages/werkzeug/wrappers/response.py", line 314, in get_data
    self._ensure_sequence()
  File "/opt/homebrew/lib/python3.11/site-packages/werkzeug/wrappers/response.py", line 366, in _ensure_sequence
    raise RuntimeError(
RuntimeError: Attempted implicit sequence conversion but the response object is in direct passthrough mode.
2023-05-10 16:28:02,393 - app - DEBUG - Response headers: Content-Type: text/html; charset=utf-8
Content-Length: 265


2023-05-10 16:28:02,393 - app - DEBUG - Response body: b'<!doctype html>\n<html lang=en>\n<title>500 Internal Server Error</title>\n<h1>Internal Server Error</h1>\n<p>The server encountered an internal error and was unable to complete your request. Either the server is overloaded or there is an error in the application.</p>\n'
2023-05-10 16:28:23,968 - app - DEBUG - Request headers: Host: 127.0.0.1:5000
Connection: keep-alive
Cache-Control: max-age=0
Sec-Ch-Ua: "Chromium";v="112", "Google Chrome";v="112", "Not:A-Brand";v="99"
Sec-Ch-Ua-Mobile: ?0
Sec-Ch-Ua-Platform: "macOS"
Dnt: 1
Upgrade-Insecure-Requests: 1
User-Agent: Mozilla/5.0 (Macintosh; Intel Mac OS X 10_15_7) AppleWebKit/537.36 (KHTML, like Gecko) Chrome/112.0.0.0 Safari/537.36
Accept: text/html,application/xhtml+xml,application/xml;q=0.9,image/avif,image/webp,image/apng,*/*;q=0.8,application/signed-exchange;v=b3;q=0.7
Sec-Fetch-Site: none
Sec-Fetch-Mode: navigate
Sec-Fetch-User: ?1
Sec-Fetch-Dest: document
Accept-Encoding: gzip, deflate, br
Accept-Language: en-US,en;q=0.9


2023-05-10 16:28:23,969 - app - DEBUG - Request body: b''
2023-05-10 16:28:23,983 - app - DEBUG - Response headers: Content-Type: text/html; charset=utf-8
Content-Length: 2548


2023-05-10 16:28:23,983 - app - DEBUG - Response body: b'<!DOCTYPE html>\n<html>\n\n<head>\n    <meta charset="UTF-8">\n    <title>Home</title>\n    <meta name="viewport" content="width=device-width, initial-scale=1.0">\n    <link rel="stylesheet" href="/static/css/bootstrap.min.css">\n    <link rel="stylesheet" href="/static/css/style.css">\n</head>\n\n<body>\n<nav class="navbar navbar-expand-lg navbar-light bg-light fixed-top">\n    <div class="container">\n        <a class="navbar-brand" href="/">home</a>\n        <button class="navbar-toggler" type="button" data-toggle="collapse" data-target="#navbarNav"\n                aria-controls="navbarNav" aria-expanded="false" aria-label="Toggle navigation">\n            <span class="navbar-toggler-icon"></span>\n        </button>\n        <div class="collapse navbar-collapse justify-content-between" id="navbarNav">\n            <ul class="navbar-nav">\n                <li class="nav-item">\n                    <a class="nav-link" href="/plants">plants</a>\n                </li>\n                <li class="nav-item">\n                    <a class="nav-link" href="/add_plant">add new plant</a>\n                </li>\n                <li class="nav-item">\n                    <a class="nav-link" href="/manual_entry">manual entry</a>\n                </li>\n            </ul>\n            <form class="form-inline my-2 my-lg-0" action="/search" method="GET">\n                <div class="input-group">\n                    <input class="form-control mr-sm-2" type="search" placeholder="search for a plant..."\n                           aria-label="Search" name="query"\n                           value="">\n                    <div class="input-group-append">\n                        <button class="btn btn-outline-success my-2 my-sm-0" type="submit">Search</button>\n                    </div>\n                </div>\n            </form>\n        </div>\n    </div>\n</nav>\n<div class="container" style="width: 100%; padding: 0 20px;">\n    \n\n    <div class="container">\n        <h1 class="my-header">plants!</h1>\n        \n            <div class="card mb-4">\n                \n                    <div class="no-image-message card-body">No image available for this plant.</div>\n                \n                <div class="card-body">\n                    <h2 class="card-title">Portulacaria afra</h2>\n                    <p class="card-text scientific-name">Portulacaria afra</p>\n                </div>\n            </div>\n        \n    </div>\n\n\n</div>\n\n<script src="/static/js/jquery-3.6.4.min.js"></script>\n<script src="/static/js/bootstrap.bundle.min.js"></script>\n</body>\n\n</html>'
2023-05-10 16:28:24,019 - app - DEBUG - Request headers: Host: 127.0.0.1:5000
Connection: keep-alive
Sec-Ch-Ua: "Chromium";v="112", "Google Chrome";v="112", "Not:A-Brand";v="99"
Dnt: 1
Sec-Ch-Ua-Mobile: ?0
User-Agent: Mozilla/5.0 (Macintosh; Intel Mac OS X 10_15_7) AppleWebKit/537.36 (KHTML, like Gecko) Chrome/112.0.0.0 Safari/537.36
Sec-Ch-Ua-Platform: "macOS"
Accept: text/css,*/*;q=0.1
Sec-Fetch-Site: same-origin
Sec-Fetch-Mode: no-cors
Sec-Fetch-Dest: style
Referer: http://127.0.0.1:5000/
Accept-Encoding: gzip, deflate, br
Accept-Language: en-US,en;q=0.9


2023-05-10 16:28:24,020 - app - DEBUG - Request headers: Host: 127.0.0.1:5000
Connection: keep-alive
Sec-Ch-Ua: "Chromium";v="112", "Google Chrome";v="112", "Not:A-Brand";v="99"
Dnt: 1
Sec-Ch-Ua-Mobile: ?0
User-Agent: Mozilla/5.0 (Macintosh; Intel Mac OS X 10_15_7) AppleWebKit/537.36 (KHTML, like Gecko) Chrome/112.0.0.0 Safari/537.36
Sec-Ch-Ua-Platform: "macOS"
Accept: */*
Sec-Fetch-Site: same-origin
Sec-Fetch-Mode: no-cors
Sec-Fetch-Dest: script
Referer: http://127.0.0.1:5000/
Accept-Encoding: gzip, deflate, br
Accept-Language: en-US,en;q=0.9


2023-05-10 16:28:24,021 - app - DEBUG - Request headers: Host: 127.0.0.1:5000
Connection: keep-alive
Sec-Ch-Ua: "Chromium";v="112", "Google Chrome";v="112", "Not:A-Brand";v="99"
Dnt: 1
Sec-Ch-Ua-Mobile: ?0
User-Agent: Mozilla/5.0 (Macintosh; Intel Mac OS X 10_15_7) AppleWebKit/537.36 (KHTML, like Gecko) Chrome/112.0.0.0 Safari/537.36
Sec-Ch-Ua-Platform: "macOS"
Accept: text/css,*/*;q=0.1
Sec-Fetch-Site: same-origin
Sec-Fetch-Mode: no-cors
Sec-Fetch-Dest: style
Referer: http://127.0.0.1:5000/
Accept-Encoding: gzip, deflate, br
Accept-Language: en-US,en;q=0.9


2023-05-10 16:28:24,022 - app - DEBUG - Request headers: Host: 127.0.0.1:5000
Connection: keep-alive
Sec-Ch-Ua: "Chromium";v="112", "Google Chrome";v="112", "Not:A-Brand";v="99"
Dnt: 1
Sec-Ch-Ua-Mobile: ?0
User-Agent: Mozilla/5.0 (Macintosh; Intel Mac OS X 10_15_7) AppleWebKit/537.36 (KHTML, like Gecko) Chrome/112.0.0.0 Safari/537.36
Sec-Ch-Ua-Platform: "macOS"
Accept: */*
Sec-Fetch-Site: same-origin
Sec-Fetch-Mode: no-cors
Sec-Fetch-Dest: script
Referer: http://127.0.0.1:5000/
Accept-Encoding: gzip, deflate, br
Accept-Language: en-US,en;q=0.9


2023-05-10 16:28:24,023 - app - DEBUG - Request body: b''
2023-05-10 16:28:24,023 - app - DEBUG - Request body: b''
2023-05-10 16:28:24,023 - app - DEBUG - Request body: b''
2023-05-10 16:28:24,025 - app - DEBUG - Request body: b''
2023-05-10 16:28:24,026 - app - DEBUG - Response headers: Content-Disposition: inline; filename=bootstrap.min.css
Content-Type: text/css; charset=utf-8
Content-Length: 163873
Last-Modified: Thu, 27 Apr 2023 21:24:51 GMT
Cache-Control: no-cache
ETag: "1682630691.1886287-163873-2615614113"
Date: Wed, 10 May 2023 20:28:24 GMT


2023-05-10 16:28:24,026 - app - DEBUG - Response headers: Content-Disposition: inline; filename=jquery-3.6.4.min.js
Content-Type: application/javascript; charset=utf-8
Content-Length: 89794
Last-Modified: Thu, 27 Apr 2023 21:24:51 GMT
Cache-Control: no-cache
ETag: "1682630691.1954129-89794-2847087025"
Date: Wed, 10 May 2023 20:28:24 GMT


2023-05-10 16:28:24,027 - app - DEBUG - Response headers: Content-Disposition: inline; filename=style.css
Content-Type: text/css; charset=utf-8
Content-Length: 4446
Last-Modified: Wed, 10 May 2023 19:20:56 GMT
Cache-Control: no-cache
ETag: "1683746456.5373893-4446-3511293826"
Date: Wed, 10 May 2023 20:28:24 GMT


2023-05-10 16:28:24,027 - app - ERROR - Exception on /static/css/bootstrap.min.css [GET]
Traceback (most recent call last):
  File "/opt/homebrew/lib/python3.11/site-packages/flask/app.py", line 2528, in wsgi_app
    response = self.full_dispatch_request()
               ^^^^^^^^^^^^^^^^^^^^^^^^^^^^
  File "/opt/homebrew/lib/python3.11/site-packages/flask/app.py", line 1826, in full_dispatch_request
    return self.finalize_request(rv)
           ^^^^^^^^^^^^^^^^^^^^^^^^^
  File "/opt/homebrew/lib/python3.11/site-packages/flask/app.py", line 1847, in finalize_request
    response = self.process_response(response)
               ^^^^^^^^^^^^^^^^^^^^^^^^^^^^^^^
  File "/opt/homebrew/lib/python3.11/site-packages/flask/app.py", line 2340, in process_response
    response = self.ensure_sync(func)(response)
               ^^^^^^^^^^^^^^^^^^^^^^^^^^^^^^^^
  File "/Users/wbabich/PycharmProjects/plant_app/app.py", line 62, in log_response_info
    app.logger.debug('Response body: %s', response.get_data())
                                          ^^^^^^^^^^^^^^^^^^^
  File "/opt/homebrew/lib/python3.11/site-packages/werkzeug/wrappers/response.py", line 314, in get_data
    self._ensure_sequence()
  File "/opt/homebrew/lib/python3.11/site-packages/werkzeug/wrappers/response.py", line 366, in _ensure_sequence
    raise RuntimeError(
RuntimeError: Attempted implicit sequence conversion but the response object is in direct passthrough mode.
2023-05-10 16:28:24,028 - app - DEBUG - Response headers: Content-Disposition: inline; filename=bootstrap.bundle.min.js
Content-Type: application/javascript; charset=utf-8
Content-Length: 78129
Last-Modified: Thu, 27 Apr 2023 21:24:51 GMT
Cache-Control: no-cache
ETag: "1682630691.1919186-78129-641604721"
Date: Wed, 10 May 2023 20:28:24 GMT


2023-05-10 16:28:24,028 - app - ERROR - Exception on /static/js/jquery-3.6.4.min.js [GET]
Traceback (most recent call last):
  File "/opt/homebrew/lib/python3.11/site-packages/flask/app.py", line 2528, in wsgi_app
    response = self.full_dispatch_request()
               ^^^^^^^^^^^^^^^^^^^^^^^^^^^^
  File "/opt/homebrew/lib/python3.11/site-packages/flask/app.py", line 1826, in full_dispatch_request
    return self.finalize_request(rv)
           ^^^^^^^^^^^^^^^^^^^^^^^^^
  File "/opt/homebrew/lib/python3.11/site-packages/flask/app.py", line 1847, in finalize_request
    response = self.process_response(response)
               ^^^^^^^^^^^^^^^^^^^^^^^^^^^^^^^
  File "/opt/homebrew/lib/python3.11/site-packages/flask/app.py", line 2340, in process_response
    response = self.ensure_sync(func)(response)
               ^^^^^^^^^^^^^^^^^^^^^^^^^^^^^^^^
  File "/Users/wbabich/PycharmProjects/plant_app/app.py", line 62, in log_response_info
    app.logger.debug('Response body: %s', response.get_data())
                                          ^^^^^^^^^^^^^^^^^^^
  File "/opt/homebrew/lib/python3.11/site-packages/werkzeug/wrappers/response.py", line 314, in get_data
    self._ensure_sequence()
  File "/opt/homebrew/lib/python3.11/site-packages/werkzeug/wrappers/response.py", line 366, in _ensure_sequence
    raise RuntimeError(
RuntimeError: Attempted implicit sequence conversion but the response object is in direct passthrough mode.
2023-05-10 16:28:24,029 - app - ERROR - Exception on /static/css/style.css [GET]
Traceback (most recent call last):
  File "/opt/homebrew/lib/python3.11/site-packages/flask/app.py", line 2528, in wsgi_app
    response = self.full_dispatch_request()
               ^^^^^^^^^^^^^^^^^^^^^^^^^^^^
  File "/opt/homebrew/lib/python3.11/site-packages/flask/app.py", line 1826, in full_dispatch_request
    return self.finalize_request(rv)
           ^^^^^^^^^^^^^^^^^^^^^^^^^
  File "/opt/homebrew/lib/python3.11/site-packages/flask/app.py", line 1847, in finalize_request
    response = self.process_response(response)
               ^^^^^^^^^^^^^^^^^^^^^^^^^^^^^^^
  File "/opt/homebrew/lib/python3.11/site-packages/flask/app.py", line 2340, in process_response
    response = self.ensure_sync(func)(response)
               ^^^^^^^^^^^^^^^^^^^^^^^^^^^^^^^^
  File "/Users/wbabich/PycharmProjects/plant_app/app.py", line 62, in log_response_info
    app.logger.debug('Response body: %s', response.get_data())
                                          ^^^^^^^^^^^^^^^^^^^
  File "/opt/homebrew/lib/python3.11/site-packages/werkzeug/wrappers/response.py", line 314, in get_data
    self._ensure_sequence()
  File "/opt/homebrew/lib/python3.11/site-packages/werkzeug/wrappers/response.py", line 366, in _ensure_sequence
    raise RuntimeError(
RuntimeError: Attempted implicit sequence conversion but the response object is in direct passthrough mode.
2023-05-10 16:28:24,031 - app - DEBUG - Response headers: Content-Type: text/html; charset=utf-8
Content-Length: 265


2023-05-10 16:28:24,031 - app - ERROR - Exception on /static/js/bootstrap.bundle.min.js [GET]
Traceback (most recent call last):
  File "/opt/homebrew/lib/python3.11/site-packages/flask/app.py", line 2528, in wsgi_app
    response = self.full_dispatch_request()
               ^^^^^^^^^^^^^^^^^^^^^^^^^^^^
  File "/opt/homebrew/lib/python3.11/site-packages/flask/app.py", line 1826, in full_dispatch_request
    return self.finalize_request(rv)
           ^^^^^^^^^^^^^^^^^^^^^^^^^
  File "/opt/homebrew/lib/python3.11/site-packages/flask/app.py", line 1847, in finalize_request
    response = self.process_response(response)
               ^^^^^^^^^^^^^^^^^^^^^^^^^^^^^^^
  File "/opt/homebrew/lib/python3.11/site-packages/flask/app.py", line 2340, in process_response
    response = self.ensure_sync(func)(response)
               ^^^^^^^^^^^^^^^^^^^^^^^^^^^^^^^^
  File "/Users/wbabich/PycharmProjects/plant_app/app.py", line 62, in log_response_info
    app.logger.debug('Response body: %s', response.get_data())
                                          ^^^^^^^^^^^^^^^^^^^
  File "/opt/homebrew/lib/python3.11/site-packages/werkzeug/wrappers/response.py", line 314, in get_data
    self._ensure_sequence()
  File "/opt/homebrew/lib/python3.11/site-packages/werkzeug/wrappers/response.py", line 366, in _ensure_sequence
    raise RuntimeError(
RuntimeError: Attempted implicit sequence conversion but the response object is in direct passthrough mode.
2023-05-10 16:28:24,034 - app - DEBUG - Response headers: Content-Type: text/html; charset=utf-8
Content-Length: 265


2023-05-10 16:28:24,034 - app - DEBUG - Response headers: Content-Type: text/html; charset=utf-8
Content-Length: 265


2023-05-10 16:28:24,035 - app - DEBUG - Response body: b'<!doctype html>\n<html lang=en>\n<title>500 Internal Server Error</title>\n<h1>Internal Server Error</h1>\n<p>The server encountered an internal error and was unable to complete your request. Either the server is overloaded or there is an error in the application.</p>\n'
2023-05-10 16:28:24,036 - app - DEBUG - Response headers: Content-Type: text/html; charset=utf-8
Content-Length: 265


2023-05-10 16:28:24,036 - app - DEBUG - Response body: b'<!doctype html>\n<html lang=en>\n<title>500 Internal Server Error</title>\n<h1>Internal Server Error</h1>\n<p>The server encountered an internal error and was unable to complete your request. Either the server is overloaded or there is an error in the application.</p>\n'
2023-05-10 16:28:24,036 - app - DEBUG - Response body: b'<!doctype html>\n<html lang=en>\n<title>500 Internal Server Error</title>\n<h1>Internal Server Error</h1>\n<p>The server encountered an internal error and was unable to complete your request. Either the server is overloaded or there is an error in the application.</p>\n'
2023-05-10 16:28:24,036 - app - DEBUG - Response body: b'<!doctype html>\n<html lang=en>\n<title>500 Internal Server Error</title>\n<h1>Internal Server Error</h1>\n<p>The server encountered an internal error and was unable to complete your request. Either the server is overloaded or there is an error in the application.</p>\n'
2023-05-10 16:28:24,727 - app - DEBUG - Request headers: Host: 127.0.0.1:5000
Connection: keep-alive
Cache-Control: max-age=0
Sec-Ch-Ua: "Chromium";v="112", "Google Chrome";v="112", "Not:A-Brand";v="99"
Sec-Ch-Ua-Mobile: ?0
Sec-Ch-Ua-Platform: "macOS"
Dnt: 1
Upgrade-Insecure-Requests: 1
User-Agent: Mozilla/5.0 (Macintosh; Intel Mac OS X 10_15_7) AppleWebKit/537.36 (KHTML, like Gecko) Chrome/112.0.0.0 Safari/537.36
Accept: text/html,application/xhtml+xml,application/xml;q=0.9,image/avif,image/webp,image/apng,*/*;q=0.8,application/signed-exchange;v=b3;q=0.7
Sec-Fetch-Site: none
Sec-Fetch-Mode: navigate
Sec-Fetch-User: ?1
Sec-Fetch-Dest: document
Accept-Encoding: gzip, deflate, br
Accept-Language: en-US,en;q=0.9


2023-05-10 16:28:24,728 - app - DEBUG - Request body: b''
2023-05-10 16:28:24,732 - app - DEBUG - Response headers: Content-Type: text/html; charset=utf-8
Content-Length: 2552


2023-05-10 16:28:24,732 - app - DEBUG - Response body: b'<!DOCTYPE html>\n<html>\n\n<head>\n    <meta charset="UTF-8">\n    <title>Home</title>\n    <meta name="viewport" content="width=device-width, initial-scale=1.0">\n    <link rel="stylesheet" href="/static/css/bootstrap.min.css">\n    <link rel="stylesheet" href="/static/css/style.css">\n</head>\n\n<body>\n<nav class="navbar navbar-expand-lg navbar-light bg-light fixed-top">\n    <div class="container">\n        <a class="navbar-brand" href="/">home</a>\n        <button class="navbar-toggler" type="button" data-toggle="collapse" data-target="#navbarNav"\n                aria-controls="navbarNav" aria-expanded="false" aria-label="Toggle navigation">\n            <span class="navbar-toggler-icon"></span>\n        </button>\n        <div class="collapse navbar-collapse justify-content-between" id="navbarNav">\n            <ul class="navbar-nav">\n                <li class="nav-item">\n                    <a class="nav-link" href="/plants">plants</a>\n                </li>\n                <li class="nav-item">\n                    <a class="nav-link" href="/add_plant">add new plant</a>\n                </li>\n                <li class="nav-item">\n                    <a class="nav-link" href="/manual_entry">manual entry</a>\n                </li>\n            </ul>\n            <form class="form-inline my-2 my-lg-0" action="/search" method="GET">\n                <div class="input-group">\n                    <input class="form-control mr-sm-2" type="search" placeholder="search for a plant..."\n                           aria-label="Search" name="query"\n                           value="">\n                    <div class="input-group-append">\n                        <button class="btn btn-outline-success my-2 my-sm-0" type="submit">Search</button>\n                    </div>\n                </div>\n            </form>\n        </div>\n    </div>\n</nav>\n<div class="container" style="width: 100%; padding: 0 20px;">\n    \n\n    <div class="container">\n        <h1 class="my-header">plants!</h1>\n        \n            <div class="card mb-4">\n                \n                    <div class="no-image-message card-body">No image available for this plant.</div>\n                \n                <div class="card-body">\n                    <h2 class="card-title">Pilea peperomioides</h2>\n                    <p class="card-text scientific-name">Pilea peperomioides</p>\n                </div>\n            </div>\n        \n    </div>\n\n\n</div>\n\n<script src="/static/js/jquery-3.6.4.min.js"></script>\n<script src="/static/js/bootstrap.bundle.min.js"></script>\n</body>\n\n</html>'
2023-05-10 16:28:24,744 - app - DEBUG - Request headers: Host: 127.0.0.1:5000
Connection: keep-alive
Sec-Ch-Ua: "Chromium";v="112", "Google Chrome";v="112", "Not:A-Brand";v="99"
Dnt: 1
Sec-Ch-Ua-Mobile: ?0
User-Agent: Mozilla/5.0 (Macintosh; Intel Mac OS X 10_15_7) AppleWebKit/537.36 (KHTML, like Gecko) Chrome/112.0.0.0 Safari/537.36
Sec-Ch-Ua-Platform: "macOS"
Accept: text/css,*/*;q=0.1
Sec-Fetch-Site: same-origin
Sec-Fetch-Mode: no-cors
Sec-Fetch-Dest: style
Referer: http://127.0.0.1:5000/
Accept-Encoding: gzip, deflate, br
Accept-Language: en-US,en;q=0.9


2023-05-10 16:28:24,745 - app - DEBUG - Request body: b''
2023-05-10 16:28:24,747 - app - DEBUG - Request headers: Host: 127.0.0.1:5000
Connection: keep-alive
Sec-Ch-Ua: "Chromium";v="112", "Google Chrome";v="112", "Not:A-Brand";v="99"
Dnt: 1
Sec-Ch-Ua-Mobile: ?0
User-Agent: Mozilla/5.0 (Macintosh; Intel Mac OS X 10_15_7) AppleWebKit/537.36 (KHTML, like Gecko) Chrome/112.0.0.0 Safari/537.36
Sec-Ch-Ua-Platform: "macOS"
Accept: text/css,*/*;q=0.1
Sec-Fetch-Site: same-origin
Sec-Fetch-Mode: no-cors
Sec-Fetch-Dest: style
Referer: http://127.0.0.1:5000/
Accept-Encoding: gzip, deflate, br
Accept-Language: en-US,en;q=0.9


2023-05-10 16:28:24,748 - app - DEBUG - Request headers: Host: 127.0.0.1:5000
Connection: keep-alive
Sec-Ch-Ua: "Chromium";v="112", "Google Chrome";v="112", "Not:A-Brand";v="99"
Dnt: 1
Sec-Ch-Ua-Mobile: ?0
User-Agent: Mozilla/5.0 (Macintosh; Intel Mac OS X 10_15_7) AppleWebKit/537.36 (KHTML, like Gecko) Chrome/112.0.0.0 Safari/537.36
Sec-Ch-Ua-Platform: "macOS"
Accept: */*
Sec-Fetch-Site: same-origin
Sec-Fetch-Mode: no-cors
Sec-Fetch-Dest: script
Referer: http://127.0.0.1:5000/
Accept-Encoding: gzip, deflate, br
Accept-Language: en-US,en;q=0.9


2023-05-10 16:28:24,749 - app - DEBUG - Request headers: Host: 127.0.0.1:5000
Connection: keep-alive
Sec-Ch-Ua: "Chromium";v="112", "Google Chrome";v="112", "Not:A-Brand";v="99"
Dnt: 1
Sec-Ch-Ua-Mobile: ?0
User-Agent: Mozilla/5.0 (Macintosh; Intel Mac OS X 10_15_7) AppleWebKit/537.36 (KHTML, like Gecko) Chrome/112.0.0.0 Safari/537.36
Sec-Ch-Ua-Platform: "macOS"
Accept: */*
Sec-Fetch-Site: same-origin
Sec-Fetch-Mode: no-cors
Sec-Fetch-Dest: script
Referer: http://127.0.0.1:5000/
Accept-Encoding: gzip, deflate, br
Accept-Language: en-US,en;q=0.9


2023-05-10 16:28:24,749 - app - DEBUG - Request body: b''
2023-05-10 16:28:24,750 - app - DEBUG - Response headers: Content-Disposition: inline; filename=bootstrap.min.css
Content-Type: text/css; charset=utf-8
Content-Length: 163873
Last-Modified: Thu, 27 Apr 2023 21:24:51 GMT
Cache-Control: no-cache
ETag: "1682630691.1886287-163873-2615614113"
Date: Wed, 10 May 2023 20:28:24 GMT


2023-05-10 16:28:24,750 - app - DEBUG - Request body: b''
2023-05-10 16:28:24,750 - app - DEBUG - Request body: b''
2023-05-10 16:28:24,751 - app - DEBUG - Response headers: Content-Disposition: inline; filename=style.css
Content-Type: text/css; charset=utf-8
Content-Length: 4446
Last-Modified: Wed, 10 May 2023 19:20:56 GMT
Cache-Control: no-cache
ETag: "1683746456.5373893-4446-3511293826"
Date: Wed, 10 May 2023 20:28:24 GMT


2023-05-10 16:28:24,751 - app - ERROR - Exception on /static/css/bootstrap.min.css [GET]
Traceback (most recent call last):
  File "/opt/homebrew/lib/python3.11/site-packages/flask/app.py", line 2528, in wsgi_app
    response = self.full_dispatch_request()
               ^^^^^^^^^^^^^^^^^^^^^^^^^^^^
  File "/opt/homebrew/lib/python3.11/site-packages/flask/app.py", line 1826, in full_dispatch_request
    return self.finalize_request(rv)
           ^^^^^^^^^^^^^^^^^^^^^^^^^
  File "/opt/homebrew/lib/python3.11/site-packages/flask/app.py", line 1847, in finalize_request
    response = self.process_response(response)
               ^^^^^^^^^^^^^^^^^^^^^^^^^^^^^^^
  File "/opt/homebrew/lib/python3.11/site-packages/flask/app.py", line 2340, in process_response
    response = self.ensure_sync(func)(response)
               ^^^^^^^^^^^^^^^^^^^^^^^^^^^^^^^^
  File "/Users/wbabich/PycharmProjects/plant_app/app.py", line 62, in log_response_info
    app.logger.debug('Response body: %s', response.get_data())
                                          ^^^^^^^^^^^^^^^^^^^
  File "/opt/homebrew/lib/python3.11/site-packages/werkzeug/wrappers/response.py", line 314, in get_data
    self._ensure_sequence()
  File "/opt/homebrew/lib/python3.11/site-packages/werkzeug/wrappers/response.py", line 366, in _ensure_sequence
    raise RuntimeError(
RuntimeError: Attempted implicit sequence conversion but the response object is in direct passthrough mode.
2023-05-10 16:28:24,752 - app - DEBUG - Response headers: Content-Disposition: inline; filename=jquery-3.6.4.min.js
Content-Type: application/javascript; charset=utf-8
Content-Length: 89794
Last-Modified: Thu, 27 Apr 2023 21:24:51 GMT
Cache-Control: no-cache
ETag: "1682630691.1954129-89794-2847087025"
Date: Wed, 10 May 2023 20:28:24 GMT


2023-05-10 16:28:24,753 - app - DEBUG - Response headers: Content-Disposition: inline; filename=bootstrap.bundle.min.js
Content-Type: application/javascript; charset=utf-8
Content-Length: 78129
Last-Modified: Thu, 27 Apr 2023 21:24:51 GMT
Cache-Control: no-cache
ETag: "1682630691.1919186-78129-641604721"
Date: Wed, 10 May 2023 20:28:24 GMT


2023-05-10 16:28:24,753 - app - ERROR - Exception on /static/css/style.css [GET]
Traceback (most recent call last):
  File "/opt/homebrew/lib/python3.11/site-packages/flask/app.py", line 2528, in wsgi_app
    response = self.full_dispatch_request()
               ^^^^^^^^^^^^^^^^^^^^^^^^^^^^
  File "/opt/homebrew/lib/python3.11/site-packages/flask/app.py", line 1826, in full_dispatch_request
    return self.finalize_request(rv)
           ^^^^^^^^^^^^^^^^^^^^^^^^^
  File "/opt/homebrew/lib/python3.11/site-packages/flask/app.py", line 1847, in finalize_request
    response = self.process_response(response)
               ^^^^^^^^^^^^^^^^^^^^^^^^^^^^^^^
  File "/opt/homebrew/lib/python3.11/site-packages/flask/app.py", line 2340, in process_response
    response = self.ensure_sync(func)(response)
               ^^^^^^^^^^^^^^^^^^^^^^^^^^^^^^^^
  File "/Users/wbabich/PycharmProjects/plant_app/app.py", line 62, in log_response_info
    app.logger.debug('Response body: %s', response.get_data())
                                          ^^^^^^^^^^^^^^^^^^^
  File "/opt/homebrew/lib/python3.11/site-packages/werkzeug/wrappers/response.py", line 314, in get_data
    self._ensure_sequence()
  File "/opt/homebrew/lib/python3.11/site-packages/werkzeug/wrappers/response.py", line 366, in _ensure_sequence
    raise RuntimeError(
RuntimeError: Attempted implicit sequence conversion but the response object is in direct passthrough mode.
2023-05-10 16:28:24,753 - app - DEBUG - Response headers: Content-Type: text/html; charset=utf-8
Content-Length: 265


2023-05-10 16:28:24,755 - app - ERROR - Exception on /static/js/jquery-3.6.4.min.js [GET]
Traceback (most recent call last):
  File "/opt/homebrew/lib/python3.11/site-packages/flask/app.py", line 2528, in wsgi_app
    response = self.full_dispatch_request()
               ^^^^^^^^^^^^^^^^^^^^^^^^^^^^
  File "/opt/homebrew/lib/python3.11/site-packages/flask/app.py", line 1826, in full_dispatch_request
    return self.finalize_request(rv)
           ^^^^^^^^^^^^^^^^^^^^^^^^^
  File "/opt/homebrew/lib/python3.11/site-packages/flask/app.py", line 1847, in finalize_request
    response = self.process_response(response)
               ^^^^^^^^^^^^^^^^^^^^^^^^^^^^^^^
  File "/opt/homebrew/lib/python3.11/site-packages/flask/app.py", line 2340, in process_response
    response = self.ensure_sync(func)(response)
               ^^^^^^^^^^^^^^^^^^^^^^^^^^^^^^^^
  File "/Users/wbabich/PycharmProjects/plant_app/app.py", line 62, in log_response_info
    app.logger.debug('Response body: %s', response.get_data())
                                          ^^^^^^^^^^^^^^^^^^^
  File "/opt/homebrew/lib/python3.11/site-packages/werkzeug/wrappers/response.py", line 314, in get_data
    self._ensure_sequence()
  File "/opt/homebrew/lib/python3.11/site-packages/werkzeug/wrappers/response.py", line 366, in _ensure_sequence
    raise RuntimeError(
RuntimeError: Attempted implicit sequence conversion but the response object is in direct passthrough mode.
2023-05-10 16:28:24,755 - app - ERROR - Exception on /static/js/bootstrap.bundle.min.js [GET]
Traceback (most recent call last):
  File "/opt/homebrew/lib/python3.11/site-packages/flask/app.py", line 2528, in wsgi_app
    response = self.full_dispatch_request()
               ^^^^^^^^^^^^^^^^^^^^^^^^^^^^
  File "/opt/homebrew/lib/python3.11/site-packages/flask/app.py", line 1826, in full_dispatch_request
    return self.finalize_request(rv)
           ^^^^^^^^^^^^^^^^^^^^^^^^^
  File "/opt/homebrew/lib/python3.11/site-packages/flask/app.py", line 1847, in finalize_request
    response = self.process_response(response)
               ^^^^^^^^^^^^^^^^^^^^^^^^^^^^^^^
  File "/opt/homebrew/lib/python3.11/site-packages/flask/app.py", line 2340, in process_response
    response = self.ensure_sync(func)(response)
               ^^^^^^^^^^^^^^^^^^^^^^^^^^^^^^^^
  File "/Users/wbabich/PycharmProjects/plant_app/app.py", line 62, in log_response_info
    app.logger.debug('Response body: %s', response.get_data())
                                          ^^^^^^^^^^^^^^^^^^^
  File "/opt/homebrew/lib/python3.11/site-packages/werkzeug/wrappers/response.py", line 314, in get_data
    self._ensure_sequence()
  File "/opt/homebrew/lib/python3.11/site-packages/werkzeug/wrappers/response.py", line 366, in _ensure_sequence
    raise RuntimeError(
RuntimeError: Attempted implicit sequence conversion but the response object is in direct passthrough mode.
2023-05-10 16:28:24,756 - app - DEBUG - Response headers: Content-Type: text/html; charset=utf-8
Content-Length: 265


2023-05-10 16:28:24,757 - app - DEBUG - Response body: b'<!doctype html>\n<html lang=en>\n<title>500 Internal Server Error</title>\n<h1>Internal Server Error</h1>\n<p>The server encountered an internal error and was unable to complete your request. Either the server is overloaded or there is an error in the application.</p>\n'
2023-05-10 16:28:24,757 - app - DEBUG - Response headers: Content-Type: text/html; charset=utf-8
Content-Length: 265


2023-05-10 16:28:24,757 - app - DEBUG - Response headers: Content-Type: text/html; charset=utf-8
Content-Length: 265


2023-05-10 16:28:24,758 - app - DEBUG - Response body: b'<!doctype html>\n<html lang=en>\n<title>500 Internal Server Error</title>\n<h1>Internal Server Error</h1>\n<p>The server encountered an internal error and was unable to complete your request. Either the server is overloaded or there is an error in the application.</p>\n'
2023-05-10 16:28:24,758 - app - DEBUG - Response body: b'<!doctype html>\n<html lang=en>\n<title>500 Internal Server Error</title>\n<h1>Internal Server Error</h1>\n<p>The server encountered an internal error and was unable to complete your request. Either the server is overloaded or there is an error in the application.</p>\n'
2023-05-10 16:28:24,759 - app - DEBUG - Response body: b'<!doctype html>\n<html lang=en>\n<title>500 Internal Server Error</title>\n<h1>Internal Server Error</h1>\n<p>The server encountered an internal error and was unable to complete your request. Either the server is overloaded or there is an error in the application.</p>\n'
2023-05-10 16:28:25,235 - app - DEBUG - Request headers: Host: 127.0.0.1:5000
Connection: keep-alive
Cache-Control: max-age=0
Sec-Ch-Ua: "Chromium";v="112", "Google Chrome";v="112", "Not:A-Brand";v="99"
Sec-Ch-Ua-Mobile: ?0
Sec-Ch-Ua-Platform: "macOS"
Dnt: 1
Upgrade-Insecure-Requests: 1
User-Agent: Mozilla/5.0 (Macintosh; Intel Mac OS X 10_15_7) AppleWebKit/537.36 (KHTML, like Gecko) Chrome/112.0.0.0 Safari/537.36
Accept: text/html,application/xhtml+xml,application/xml;q=0.9,image/avif,image/webp,image/apng,*/*;q=0.8,application/signed-exchange;v=b3;q=0.7
Sec-Fetch-Site: none
Sec-Fetch-Mode: navigate
Sec-Fetch-User: ?1
Sec-Fetch-Dest: document
Accept-Encoding: gzip, deflate, br
Accept-Language: en-US,en;q=0.9


2023-05-10 16:28:25,237 - app - DEBUG - Request body: b''
2023-05-10 16:28:25,240 - app - DEBUG - Response headers: Content-Type: text/html; charset=utf-8
Content-Length: 2550


2023-05-10 16:28:25,241 - app - DEBUG - Response body: b'<!DOCTYPE html>\n<html>\n\n<head>\n    <meta charset="UTF-8">\n    <title>Home</title>\n    <meta name="viewport" content="width=device-width, initial-scale=1.0">\n    <link rel="stylesheet" href="/static/css/bootstrap.min.css">\n    <link rel="stylesheet" href="/static/css/style.css">\n</head>\n\n<body>\n<nav class="navbar navbar-expand-lg navbar-light bg-light fixed-top">\n    <div class="container">\n        <a class="navbar-brand" href="/">home</a>\n        <button class="navbar-toggler" type="button" data-toggle="collapse" data-target="#navbarNav"\n                aria-controls="navbarNav" aria-expanded="false" aria-label="Toggle navigation">\n            <span class="navbar-toggler-icon"></span>\n        </button>\n        <div class="collapse navbar-collapse justify-content-between" id="navbarNav">\n            <ul class="navbar-nav">\n                <li class="nav-item">\n                    <a class="nav-link" href="/plants">plants</a>\n                </li>\n                <li class="nav-item">\n                    <a class="nav-link" href="/add_plant">add new plant</a>\n                </li>\n                <li class="nav-item">\n                    <a class="nav-link" href="/manual_entry">manual entry</a>\n                </li>\n            </ul>\n            <form class="form-inline my-2 my-lg-0" action="/search" method="GET">\n                <div class="input-group">\n                    <input class="form-control mr-sm-2" type="search" placeholder="search for a plant..."\n                           aria-label="Search" name="query"\n                           value="">\n                    <div class="input-group-append">\n                        <button class="btn btn-outline-success my-2 my-sm-0" type="submit">Search</button>\n                    </div>\n                </div>\n            </form>\n        </div>\n    </div>\n</nav>\n<div class="container" style="width: 100%; padding: 0 20px;">\n    \n\n    <div class="container">\n        <h1 class="my-header">plants!</h1>\n        \n            <div class="card mb-4">\n                \n                    <div class="no-image-message card-body">No image available for this plant.</div>\n                \n                <div class="card-body">\n                    <h2 class="card-title">Monstera adansonii</h2>\n                    <p class="card-text scientific-name">Monstera adansonii</p>\n                </div>\n            </div>\n        \n    </div>\n\n\n</div>\n\n<script src="/static/js/jquery-3.6.4.min.js"></script>\n<script src="/static/js/bootstrap.bundle.min.js"></script>\n</body>\n\n</html>'
2023-05-10 16:28:25,256 - app - DEBUG - Request headers: Host: 127.0.0.1:5000
Connection: keep-alive
Sec-Ch-Ua: "Chromium";v="112", "Google Chrome";v="112", "Not:A-Brand";v="99"
Dnt: 1
Sec-Ch-Ua-Mobile: ?0
User-Agent: Mozilla/5.0 (Macintosh; Intel Mac OS X 10_15_7) AppleWebKit/537.36 (KHTML, like Gecko) Chrome/112.0.0.0 Safari/537.36
Sec-Ch-Ua-Platform: "macOS"
Accept: text/css,*/*;q=0.1
Sec-Fetch-Site: same-origin
Sec-Fetch-Mode: no-cors
Sec-Fetch-Dest: style
Referer: http://127.0.0.1:5000/
Accept-Encoding: gzip, deflate, br
Accept-Language: en-US,en;q=0.9


2023-05-10 16:28:25,257 - app - DEBUG - Request body: b''
2023-05-10 16:28:25,257 - app - DEBUG - Response headers: Content-Disposition: inline; filename=bootstrap.min.css
Content-Type: text/css; charset=utf-8
Content-Length: 163873
Last-Modified: Thu, 27 Apr 2023 21:24:51 GMT
Cache-Control: no-cache
ETag: "1682630691.1886287-163873-2615614113"
Date: Wed, 10 May 2023 20:28:25 GMT


2023-05-10 16:28:25,257 - app - ERROR - Exception on /static/css/bootstrap.min.css [GET]
Traceback (most recent call last):
  File "/opt/homebrew/lib/python3.11/site-packages/flask/app.py", line 2528, in wsgi_app
    response = self.full_dispatch_request()
               ^^^^^^^^^^^^^^^^^^^^^^^^^^^^
  File "/opt/homebrew/lib/python3.11/site-packages/flask/app.py", line 1826, in full_dispatch_request
    return self.finalize_request(rv)
           ^^^^^^^^^^^^^^^^^^^^^^^^^
  File "/opt/homebrew/lib/python3.11/site-packages/flask/app.py", line 1847, in finalize_request
    response = self.process_response(response)
               ^^^^^^^^^^^^^^^^^^^^^^^^^^^^^^^
  File "/opt/homebrew/lib/python3.11/site-packages/flask/app.py", line 2340, in process_response
    response = self.ensure_sync(func)(response)
               ^^^^^^^^^^^^^^^^^^^^^^^^^^^^^^^^
  File "/Users/wbabich/PycharmProjects/plant_app/app.py", line 62, in log_response_info
    app.logger.debug('Response body: %s', response.get_data())
                                          ^^^^^^^^^^^^^^^^^^^
  File "/opt/homebrew/lib/python3.11/site-packages/werkzeug/wrappers/response.py", line 314, in get_data
    self._ensure_sequence()
  File "/opt/homebrew/lib/python3.11/site-packages/werkzeug/wrappers/response.py", line 366, in _ensure_sequence
    raise RuntimeError(
RuntimeError: Attempted implicit sequence conversion but the response object is in direct passthrough mode.
2023-05-10 16:28:25,258 - app - DEBUG - Request headers: Host: 127.0.0.1:5000
Connection: keep-alive
Sec-Ch-Ua: "Chromium";v="112", "Google Chrome";v="112", "Not:A-Brand";v="99"
Dnt: 1
Sec-Ch-Ua-Mobile: ?0
User-Agent: Mozilla/5.0 (Macintosh; Intel Mac OS X 10_15_7) AppleWebKit/537.36 (KHTML, like Gecko) Chrome/112.0.0.0 Safari/537.36
Sec-Ch-Ua-Platform: "macOS"
Accept: text/css,*/*;q=0.1
Sec-Fetch-Site: same-origin
Sec-Fetch-Mode: no-cors
Sec-Fetch-Dest: style
Referer: http://127.0.0.1:5000/
Accept-Encoding: gzip, deflate, br
Accept-Language: en-US,en;q=0.9


2023-05-10 16:28:25,259 - app - DEBUG - Request headers: Host: 127.0.0.1:5000
Connection: keep-alive
Sec-Ch-Ua: "Chromium";v="112", "Google Chrome";v="112", "Not:A-Brand";v="99"
Dnt: 1
Sec-Ch-Ua-Mobile: ?0
User-Agent: Mozilla/5.0 (Macintosh; Intel Mac OS X 10_15_7) AppleWebKit/537.36 (KHTML, like Gecko) Chrome/112.0.0.0 Safari/537.36
Sec-Ch-Ua-Platform: "macOS"
Accept: */*
Sec-Fetch-Site: same-origin
Sec-Fetch-Mode: no-cors
Sec-Fetch-Dest: script
Referer: http://127.0.0.1:5000/
Accept-Encoding: gzip, deflate, br
Accept-Language: en-US,en;q=0.9


2023-05-10 16:28:25,259 - app - DEBUG - Request headers: Host: 127.0.0.1:5000
Connection: keep-alive
Sec-Ch-Ua: "Chromium";v="112", "Google Chrome";v="112", "Not:A-Brand";v="99"
Dnt: 1
Sec-Ch-Ua-Mobile: ?0
User-Agent: Mozilla/5.0 (Macintosh; Intel Mac OS X 10_15_7) AppleWebKit/537.36 (KHTML, like Gecko) Chrome/112.0.0.0 Safari/537.36
Sec-Ch-Ua-Platform: "macOS"
Accept: */*
Sec-Fetch-Site: same-origin
Sec-Fetch-Mode: no-cors
Sec-Fetch-Dest: script
Referer: http://127.0.0.1:5000/
Accept-Encoding: gzip, deflate, br
Accept-Language: en-US,en;q=0.9


2023-05-10 16:28:25,260 - app - DEBUG - Response headers: Content-Type: text/html; charset=utf-8
Content-Length: 265


2023-05-10 16:28:25,260 - app - DEBUG - Request body: b''
2023-05-10 16:28:25,261 - app - DEBUG - Request body: b''
2023-05-10 16:28:25,261 - app - DEBUG - Request body: b''
2023-05-10 16:28:25,261 - app - DEBUG - Response body: b'<!doctype html>\n<html lang=en>\n<title>500 Internal Server Error</title>\n<h1>Internal Server Error</h1>\n<p>The server encountered an internal error and was unable to complete your request. Either the server is overloaded or there is an error in the application.</p>\n'
2023-05-10 16:28:25,262 - app - DEBUG - Response headers: Content-Disposition: inline; filename=style.css
Content-Type: text/css; charset=utf-8
Content-Length: 4446
Last-Modified: Wed, 10 May 2023 19:20:56 GMT
Cache-Control: no-cache
ETag: "1683746456.5373893-4446-3511293826"
Date: Wed, 10 May 2023 20:28:25 GMT


2023-05-10 16:28:25,262 - app - DEBUG - Response headers: Content-Disposition: inline; filename=jquery-3.6.4.min.js
Content-Type: application/javascript; charset=utf-8
Content-Length: 89794
Last-Modified: Thu, 27 Apr 2023 21:24:51 GMT
Cache-Control: no-cache
ETag: "1682630691.1954129-89794-2847087025"
Date: Wed, 10 May 2023 20:28:25 GMT


2023-05-10 16:28:25,263 - app - DEBUG - Response headers: Content-Disposition: inline; filename=bootstrap.bundle.min.js
Content-Type: application/javascript; charset=utf-8
Content-Length: 78129
Last-Modified: Thu, 27 Apr 2023 21:24:51 GMT
Cache-Control: no-cache
ETag: "1682630691.1919186-78129-641604721"
Date: Wed, 10 May 2023 20:28:25 GMT


2023-05-10 16:28:25,263 - app - ERROR - Exception on /static/css/style.css [GET]
Traceback (most recent call last):
  File "/opt/homebrew/lib/python3.11/site-packages/flask/app.py", line 2528, in wsgi_app
    response = self.full_dispatch_request()
               ^^^^^^^^^^^^^^^^^^^^^^^^^^^^
  File "/opt/homebrew/lib/python3.11/site-packages/flask/app.py", line 1826, in full_dispatch_request
    return self.finalize_request(rv)
           ^^^^^^^^^^^^^^^^^^^^^^^^^
  File "/opt/homebrew/lib/python3.11/site-packages/flask/app.py", line 1847, in finalize_request
    response = self.process_response(response)
               ^^^^^^^^^^^^^^^^^^^^^^^^^^^^^^^
  File "/opt/homebrew/lib/python3.11/site-packages/flask/app.py", line 2340, in process_response
    response = self.ensure_sync(func)(response)
               ^^^^^^^^^^^^^^^^^^^^^^^^^^^^^^^^
  File "/Users/wbabich/PycharmProjects/plant_app/app.py", line 62, in log_response_info
    app.logger.debug('Response body: %s', response.get_data())
                                          ^^^^^^^^^^^^^^^^^^^
  File "/opt/homebrew/lib/python3.11/site-packages/werkzeug/wrappers/response.py", line 314, in get_data
    self._ensure_sequence()
  File "/opt/homebrew/lib/python3.11/site-packages/werkzeug/wrappers/response.py", line 366, in _ensure_sequence
    raise RuntimeError(
RuntimeError: Attempted implicit sequence conversion but the response object is in direct passthrough mode.
2023-05-10 16:28:25,264 - app - ERROR - Exception on /static/js/jquery-3.6.4.min.js [GET]
Traceback (most recent call last):
  File "/opt/homebrew/lib/python3.11/site-packages/flask/app.py", line 2528, in wsgi_app
    response = self.full_dispatch_request()
               ^^^^^^^^^^^^^^^^^^^^^^^^^^^^
  File "/opt/homebrew/lib/python3.11/site-packages/flask/app.py", line 1826, in full_dispatch_request
    return self.finalize_request(rv)
           ^^^^^^^^^^^^^^^^^^^^^^^^^
  File "/opt/homebrew/lib/python3.11/site-packages/flask/app.py", line 1847, in finalize_request
    response = self.process_response(response)
               ^^^^^^^^^^^^^^^^^^^^^^^^^^^^^^^
  File "/opt/homebrew/lib/python3.11/site-packages/flask/app.py", line 2340, in process_response
    response = self.ensure_sync(func)(response)
               ^^^^^^^^^^^^^^^^^^^^^^^^^^^^^^^^
  File "/Users/wbabich/PycharmProjects/plant_app/app.py", line 62, in log_response_info
    app.logger.debug('Response body: %s', response.get_data())
                                          ^^^^^^^^^^^^^^^^^^^
  File "/opt/homebrew/lib/python3.11/site-packages/werkzeug/wrappers/response.py", line 314, in get_data
    self._ensure_sequence()
  File "/opt/homebrew/lib/python3.11/site-packages/werkzeug/wrappers/response.py", line 366, in _ensure_sequence
    raise RuntimeError(
RuntimeError: Attempted implicit sequence conversion but the response object is in direct passthrough mode.
2023-05-10 16:28:25,264 - app - ERROR - Exception on /static/js/bootstrap.bundle.min.js [GET]
Traceback (most recent call last):
  File "/opt/homebrew/lib/python3.11/site-packages/flask/app.py", line 2528, in wsgi_app
    response = self.full_dispatch_request()
               ^^^^^^^^^^^^^^^^^^^^^^^^^^^^
  File "/opt/homebrew/lib/python3.11/site-packages/flask/app.py", line 1826, in full_dispatch_request
    return self.finalize_request(rv)
           ^^^^^^^^^^^^^^^^^^^^^^^^^
  File "/opt/homebrew/lib/python3.11/site-packages/flask/app.py", line 1847, in finalize_request
    response = self.process_response(response)
               ^^^^^^^^^^^^^^^^^^^^^^^^^^^^^^^
  File "/opt/homebrew/lib/python3.11/site-packages/flask/app.py", line 2340, in process_response
    response = self.ensure_sync(func)(response)
               ^^^^^^^^^^^^^^^^^^^^^^^^^^^^^^^^
  File "/Users/wbabich/PycharmProjects/plant_app/app.py", line 62, in log_response_info
    app.logger.debug('Response body: %s', response.get_data())
                                          ^^^^^^^^^^^^^^^^^^^
  File "/opt/homebrew/lib/python3.11/site-packages/werkzeug/wrappers/response.py", line 314, in get_data
    self._ensure_sequence()
  File "/opt/homebrew/lib/python3.11/site-packages/werkzeug/wrappers/response.py", line 366, in _ensure_sequence
    raise RuntimeError(
RuntimeError: Attempted implicit sequence conversion but the response object is in direct passthrough mode.
2023-05-10 16:28:25,265 - app - DEBUG - Response headers: Content-Type: text/html; charset=utf-8
Content-Length: 265


2023-05-10 16:28:25,265 - app - DEBUG - Response headers: Content-Type: text/html; charset=utf-8
Content-Length: 265


2023-05-10 16:28:25,266 - app - DEBUG - Response headers: Content-Type: text/html; charset=utf-8
Content-Length: 265


2023-05-10 16:28:25,266 - app - DEBUG - Response body: b'<!doctype html>\n<html lang=en>\n<title>500 Internal Server Error</title>\n<h1>Internal Server Error</h1>\n<p>The server encountered an internal error and was unable to complete your request. Either the server is overloaded or there is an error in the application.</p>\n'
2023-05-10 16:28:25,266 - app - DEBUG - Response body: b'<!doctype html>\n<html lang=en>\n<title>500 Internal Server Error</title>\n<h1>Internal Server Error</h1>\n<p>The server encountered an internal error and was unable to complete your request. Either the server is overloaded or there is an error in the application.</p>\n'
2023-05-10 16:28:25,266 - app - DEBUG - Response body: b'<!doctype html>\n<html lang=en>\n<title>500 Internal Server Error</title>\n<h1>Internal Server Error</h1>\n<p>The server encountered an internal error and was unable to complete your request. Either the server is overloaded or there is an error in the application.</p>\n'
2023-05-10 16:28:25,891 - app - DEBUG - Request headers: Host: 127.0.0.1:5000
Connection: keep-alive
Sec-Ch-Ua: "Chromium";v="112", "Google Chrome";v="112", "Not:A-Brand";v="99"
Sec-Ch-Ua-Mobile: ?0
Sec-Ch-Ua-Platform: "macOS"
Upgrade-Insecure-Requests: 1
Dnt: 1
User-Agent: Mozilla/5.0 (Macintosh; Intel Mac OS X 10_15_7) AppleWebKit/537.36 (KHTML, like Gecko) Chrome/112.0.0.0 Safari/537.36
Accept: text/html,application/xhtml+xml,application/xml;q=0.9,image/avif,image/webp,image/apng,*/*;q=0.8,application/signed-exchange;v=b3;q=0.7
Sec-Fetch-Site: same-origin
Sec-Fetch-Mode: navigate
Sec-Fetch-User: ?1
Sec-Fetch-Dest: document
Referer: http://127.0.0.1:5000/
Accept-Encoding: gzip, deflate, br
Accept-Language: en-US,en;q=0.9


2023-05-10 16:28:25,892 - app - DEBUG - Request body: b''
2023-05-10 16:28:25,900 - app - DEBUG - Response headers: Content-Type: text/html; charset=utf-8
Content-Length: 5702


2023-05-10 16:28:25,900 - app - DEBUG - Response body: b'<!DOCTYPE html>\n<html>\n\n<head>\n    <meta charset="UTF-8">\n    <title>Manual Plant Entry</title>\n    <meta name="viewport" content="width=device-width, initial-scale=1.0">\n    <link rel="stylesheet" href="/static/css/bootstrap.min.css">\n    <link rel="stylesheet" href="/static/css/style.css">\n</head>\n\n<body>\n<nav class="navbar navbar-expand-lg navbar-light bg-light fixed-top">\n    <div class="container">\n        <a class="navbar-brand" href="/">home</a>\n        <button class="navbar-toggler" type="button" data-toggle="collapse" data-target="#navbarNav"\n                aria-controls="navbarNav" aria-expanded="false" aria-label="Toggle navigation">\n            <span class="navbar-toggler-icon"></span>\n        </button>\n        <div class="collapse navbar-collapse justify-content-between" id="navbarNav">\n            <ul class="navbar-nav">\n                <li class="nav-item">\n                    <a class="nav-link" href="/plants">plants</a>\n                </li>\n                <li class="nav-item">\n                    <a class="nav-link" href="/add_plant">add new plant</a>\n                </li>\n                <li class="nav-item">\n                    <a class="nav-link" href="/manual_entry">manual entry</a>\n                </li>\n            </ul>\n            <form class="form-inline my-2 my-lg-0" action="/search" method="GET">\n                <div class="input-group">\n                    <input class="form-control mr-sm-2" type="search" placeholder="search for a plant..."\n                           aria-label="Search" name="query"\n                           value="">\n                    <div class="input-group-append">\n                        <button class="btn btn-outline-success my-2 my-sm-0" type="submit">Search</button>\n                    </div>\n                </div>\n            </form>\n        </div>\n    </div>\n</nav>\n<div class="container" style="width: 100%; padding: 0 20px;">\n    \n    <div class="manual-entry-container">\n        <div class="typewriter-wrapper">\n            <h2 class="manual-entry-title typing">manually enter a plant...</h2>\n        </div>\n        <form action="/add_to_database" method="post">\n            <input type="hidden" name="csrf_token" value="ImY1MDcxZjFiMzE2YWI5YjU3YzE5MzZjODRkM2M1MTk0N2ZkYzU3NDIi.ZFv-aQ.itFfO9zAy_-vullPZLjmgDRJOS4">\n            <div class="form-row">\n                <div class="form-column">\n                    <div>\n                        <label for="common_name">Common Name:</label>\n                        <input type="text" class="form-control" id="common_name" name="common_name"\n                               placeholder="enter common name..." required>\n                    </div>\n                    <div>\n                        <label for="water_care">Water Care:</label>\n                        <input type="text" class="form-control" id="water_care" name="water_care"\n                               placeholder="enter water care..." required>\n                    </div>\n                    <div>\n                        <label for="sunlight_care">Sunlight Care:</label>\n                        <input type="text" class="form-control" id="sunlight_care" name="sunlight_care"\n                               placeholder="enter sunlight care..." required>\n                    </div>\n                </div>\n                <div class="form-column">\n                    <div>\n                        <label for="scientific_name">Scientific Name:</label>\n                        <input type="text" class="form-control" id="scientific_name" name="scientific_name"\n                               placeholder="enter scientific name..." required>\n                    </div>\n                    <div>\n                        <label for="humidity_care">Humidity Care:</label>\n                        <input type="text" class="form-control" id="humidity_care" name="humidity_care"\n                               placeholder="enter humidity care..." required>\n                    </div>\n                    <div>\n                        <label for="temperature_care">Temperature Care:</label>\n                        <input type="text" class="form-control" id="temperature_care" name="temperature_care"\n                               placeholder="enter temperature care..." required>\n                    </div>\n                </div>\n            </div>\n            <div class="form-row-full">\n                <div>\n                    <label for="growing_tips">Growing Tips:</label>\n                    <textarea class="form-control" id="growing_tips" name="growing_tips"\n                              placeholder="enter growing tips..."\n                              required></textarea>\n                </div>\n            </div>\n            <div class="form-row-full">\n                <div>\n                    <label for="propagation_tips">Propagation Tips:</label>\n                    <textarea class="form-control" id="propagation_tips" name="propagation_tips"\n                              placeholder="enter propagation tips..." required></textarea>\n                </div>\n            </div>\n            <div class="form-row-full">\n                <div>\n                    <label for="common_pests">Common Pests:</label>\n                    <textarea class="form-control" id="common_pests" name="common_pests"\n                              placeholder="enter common pests..."\n                              required></textarea>\n                </div>\n            </div>\n            <input type="submit" value="add details to database">\n        </form>\n    </div>\n\n</div>\n\n<script src="/static/js/jquery-3.6.4.min.js"></script>\n<script src="/static/js/bootstrap.bundle.min.js"></script>\n</body>\n\n</html>'
2023-05-10 16:28:25,919 - app - DEBUG - Request headers: Host: 127.0.0.1:5000
Connection: keep-alive
Sec-Ch-Ua: "Chromium";v="112", "Google Chrome";v="112", "Not:A-Brand";v="99"
Dnt: 1
Sec-Ch-Ua-Mobile: ?0
User-Agent: Mozilla/5.0 (Macintosh; Intel Mac OS X 10_15_7) AppleWebKit/537.36 (KHTML, like Gecko) Chrome/112.0.0.0 Safari/537.36
Sec-Ch-Ua-Platform: "macOS"
Accept: text/css,*/*;q=0.1
Sec-Fetch-Site: same-origin
Sec-Fetch-Mode: no-cors
Sec-Fetch-Dest: style
Referer: http://127.0.0.1:5000/manual_entry
Accept-Encoding: gzip, deflate, br
Accept-Language: en-US,en;q=0.9
Cookie: session=eyJjc3JmX3Rva2VuIjoiZjUwNzFmMWIzMTZhYjliNTdjMTkzNmM4NGQzYzUxOTQ3ZmRjNTc0MiJ9.ZFv-aQ.VMwMcy-Jmk7lzrph7b9qEMTkQCU


2023-05-10 16:28:25,921 - app - DEBUG - Request headers: Host: 127.0.0.1:5000
Connection: keep-alive
Sec-Ch-Ua: "Chromium";v="112", "Google Chrome";v="112", "Not:A-Brand";v="99"
Dnt: 1
Sec-Ch-Ua-Mobile: ?0
User-Agent: Mozilla/5.0 (Macintosh; Intel Mac OS X 10_15_7) AppleWebKit/537.36 (KHTML, like Gecko) Chrome/112.0.0.0 Safari/537.36
Sec-Ch-Ua-Platform: "macOS"
Accept: */*
Sec-Fetch-Site: same-origin
Sec-Fetch-Mode: no-cors
Sec-Fetch-Dest: script
Referer: http://127.0.0.1:5000/manual_entry
Accept-Encoding: gzip, deflate, br
Accept-Language: en-US,en;q=0.9
Cookie: session=eyJjc3JmX3Rva2VuIjoiZjUwNzFmMWIzMTZhYjliNTdjMTkzNmM4NGQzYzUxOTQ3ZmRjNTc0MiJ9.ZFv-aQ.VMwMcy-Jmk7lzrph7b9qEMTkQCU


2023-05-10 16:28:25,922 - app - DEBUG - Request headers: Host: 127.0.0.1:5000
Connection: keep-alive
Sec-Ch-Ua: "Chromium";v="112", "Google Chrome";v="112", "Not:A-Brand";v="99"
Dnt: 1
Sec-Ch-Ua-Mobile: ?0
User-Agent: Mozilla/5.0 (Macintosh; Intel Mac OS X 10_15_7) AppleWebKit/537.36 (KHTML, like Gecko) Chrome/112.0.0.0 Safari/537.36
Sec-Ch-Ua-Platform: "macOS"
Accept: */*
Sec-Fetch-Site: same-origin
Sec-Fetch-Mode: no-cors
Sec-Fetch-Dest: script
Referer: http://127.0.0.1:5000/manual_entry
Accept-Encoding: gzip, deflate, br
Accept-Language: en-US,en;q=0.9
Cookie: session=eyJjc3JmX3Rva2VuIjoiZjUwNzFmMWIzMTZhYjliNTdjMTkzNmM4NGQzYzUxOTQ3ZmRjNTc0MiJ9.ZFv-aQ.VMwMcy-Jmk7lzrph7b9qEMTkQCU


2023-05-10 16:28:25,922 - app - DEBUG - Request body: b''
2023-05-10 16:28:25,924 - app - DEBUG - Request headers: Host: 127.0.0.1:5000
Connection: keep-alive
Sec-Ch-Ua: "Chromium";v="112", "Google Chrome";v="112", "Not:A-Brand";v="99"
Dnt: 1
Sec-Ch-Ua-Mobile: ?0
User-Agent: Mozilla/5.0 (Macintosh; Intel Mac OS X 10_15_7) AppleWebKit/537.36 (KHTML, like Gecko) Chrome/112.0.0.0 Safari/537.36
Sec-Ch-Ua-Platform: "macOS"
Accept: text/css,*/*;q=0.1
Sec-Fetch-Site: same-origin
Sec-Fetch-Mode: no-cors
Sec-Fetch-Dest: style
Referer: http://127.0.0.1:5000/manual_entry
Accept-Encoding: gzip, deflate, br
Accept-Language: en-US,en;q=0.9
Cookie: session=eyJjc3JmX3Rva2VuIjoiZjUwNzFmMWIzMTZhYjliNTdjMTkzNmM4NGQzYzUxOTQ3ZmRjNTc0MiJ9.ZFv-aQ.VMwMcy-Jmk7lzrph7b9qEMTkQCU


2023-05-10 16:28:25,924 - app - DEBUG - Request body: b''
2023-05-10 16:28:25,924 - app - DEBUG - Request body: b''
2023-05-10 16:28:25,925 - app - DEBUG - Request body: b''
2023-05-10 16:28:25,925 - app - DEBUG - Response headers: Content-Disposition: inline; filename=bootstrap.min.css
Content-Type: text/css; charset=utf-8
Content-Length: 163873
Last-Modified: Thu, 27 Apr 2023 21:24:51 GMT
Cache-Control: no-cache
ETag: "1682630691.1886287-163873-2615614113"
Date: Wed, 10 May 2023 20:28:25 GMT


2023-05-10 16:28:25,926 - app - DEBUG - Response headers: Content-Disposition: inline; filename=jquery-3.6.4.min.js
Content-Type: application/javascript; charset=utf-8
Content-Length: 89794
Last-Modified: Thu, 27 Apr 2023 21:24:51 GMT
Cache-Control: no-cache
ETag: "1682630691.1954129-89794-2847087025"
Date: Wed, 10 May 2023 20:28:25 GMT


2023-05-10 16:28:25,926 - app - DEBUG - Response headers: Content-Disposition: inline; filename=style.css
Content-Type: text/css; charset=utf-8
Content-Length: 4446
Last-Modified: Wed, 10 May 2023 19:20:56 GMT
Cache-Control: no-cache
ETag: "1683746456.5373893-4446-3511293826"
Date: Wed, 10 May 2023 20:28:25 GMT


2023-05-10 16:28:25,927 - app - DEBUG - Response headers: Content-Disposition: inline; filename=bootstrap.bundle.min.js
Content-Type: application/javascript; charset=utf-8
Content-Length: 78129
Last-Modified: Thu, 27 Apr 2023 21:24:51 GMT
Cache-Control: no-cache
ETag: "1682630691.1919186-78129-641604721"
Date: Wed, 10 May 2023 20:28:25 GMT


2023-05-10 16:28:25,927 - app - ERROR - Exception on /static/css/bootstrap.min.css [GET]
Traceback (most recent call last):
  File "/opt/homebrew/lib/python3.11/site-packages/flask/app.py", line 2528, in wsgi_app
    response = self.full_dispatch_request()
               ^^^^^^^^^^^^^^^^^^^^^^^^^^^^
  File "/opt/homebrew/lib/python3.11/site-packages/flask/app.py", line 1826, in full_dispatch_request
    return self.finalize_request(rv)
           ^^^^^^^^^^^^^^^^^^^^^^^^^
  File "/opt/homebrew/lib/python3.11/site-packages/flask/app.py", line 1847, in finalize_request
    response = self.process_response(response)
               ^^^^^^^^^^^^^^^^^^^^^^^^^^^^^^^
  File "/opt/homebrew/lib/python3.11/site-packages/flask/app.py", line 2340, in process_response
    response = self.ensure_sync(func)(response)
               ^^^^^^^^^^^^^^^^^^^^^^^^^^^^^^^^
  File "/Users/wbabich/PycharmProjects/plant_app/app.py", line 62, in log_response_info
    app.logger.debug('Response body: %s', response.get_data())
                                          ^^^^^^^^^^^^^^^^^^^
  File "/opt/homebrew/lib/python3.11/site-packages/werkzeug/wrappers/response.py", line 314, in get_data
    self._ensure_sequence()
  File "/opt/homebrew/lib/python3.11/site-packages/werkzeug/wrappers/response.py", line 366, in _ensure_sequence
    raise RuntimeError(
RuntimeError: Attempted implicit sequence conversion but the response object is in direct passthrough mode.
2023-05-10 16:28:25,927 - app - ERROR - Exception on /static/js/jquery-3.6.4.min.js [GET]
Traceback (most recent call last):
  File "/opt/homebrew/lib/python3.11/site-packages/flask/app.py", line 2528, in wsgi_app
    response = self.full_dispatch_request()
               ^^^^^^^^^^^^^^^^^^^^^^^^^^^^
  File "/opt/homebrew/lib/python3.11/site-packages/flask/app.py", line 1826, in full_dispatch_request
    return self.finalize_request(rv)
           ^^^^^^^^^^^^^^^^^^^^^^^^^
  File "/opt/homebrew/lib/python3.11/site-packages/flask/app.py", line 1847, in finalize_request
    response = self.process_response(response)
               ^^^^^^^^^^^^^^^^^^^^^^^^^^^^^^^
  File "/opt/homebrew/lib/python3.11/site-packages/flask/app.py", line 2340, in process_response
    response = self.ensure_sync(func)(response)
               ^^^^^^^^^^^^^^^^^^^^^^^^^^^^^^^^
  File "/Users/wbabich/PycharmProjects/plant_app/app.py", line 62, in log_response_info
    app.logger.debug('Response body: %s', response.get_data())
                                          ^^^^^^^^^^^^^^^^^^^
  File "/opt/homebrew/lib/python3.11/site-packages/werkzeug/wrappers/response.py", line 314, in get_data
    self._ensure_sequence()
  File "/opt/homebrew/lib/python3.11/site-packages/werkzeug/wrappers/response.py", line 366, in _ensure_sequence
    raise RuntimeError(
RuntimeError: Attempted implicit sequence conversion but the response object is in direct passthrough mode.
2023-05-10 16:28:25,927 - app - ERROR - Exception on /static/css/style.css [GET]
Traceback (most recent call last):
  File "/opt/homebrew/lib/python3.11/site-packages/flask/app.py", line 2528, in wsgi_app
    response = self.full_dispatch_request()
               ^^^^^^^^^^^^^^^^^^^^^^^^^^^^
  File "/opt/homebrew/lib/python3.11/site-packages/flask/app.py", line 1826, in full_dispatch_request
    return self.finalize_request(rv)
           ^^^^^^^^^^^^^^^^^^^^^^^^^
  File "/opt/homebrew/lib/python3.11/site-packages/flask/app.py", line 1847, in finalize_request
    response = self.process_response(response)
               ^^^^^^^^^^^^^^^^^^^^^^^^^^^^^^^
  File "/opt/homebrew/lib/python3.11/site-packages/flask/app.py", line 2340, in process_response
    response = self.ensure_sync(func)(response)
               ^^^^^^^^^^^^^^^^^^^^^^^^^^^^^^^^
  File "/Users/wbabich/PycharmProjects/plant_app/app.py", line 62, in log_response_info
    app.logger.debug('Response body: %s', response.get_data())
                                          ^^^^^^^^^^^^^^^^^^^
  File "/opt/homebrew/lib/python3.11/site-packages/werkzeug/wrappers/response.py", line 314, in get_data
    self._ensure_sequence()
  File "/opt/homebrew/lib/python3.11/site-packages/werkzeug/wrappers/response.py", line 366, in _ensure_sequence
    raise RuntimeError(
RuntimeError: Attempted implicit sequence conversion but the response object is in direct passthrough mode.
2023-05-10 16:28:25,928 - app - ERROR - Exception on /static/js/bootstrap.bundle.min.js [GET]
Traceback (most recent call last):
  File "/opt/homebrew/lib/python3.11/site-packages/flask/app.py", line 2528, in wsgi_app
    response = self.full_dispatch_request()
               ^^^^^^^^^^^^^^^^^^^^^^^^^^^^
  File "/opt/homebrew/lib/python3.11/site-packages/flask/app.py", line 1826, in full_dispatch_request
    return self.finalize_request(rv)
           ^^^^^^^^^^^^^^^^^^^^^^^^^
  File "/opt/homebrew/lib/python3.11/site-packages/flask/app.py", line 1847, in finalize_request
    response = self.process_response(response)
               ^^^^^^^^^^^^^^^^^^^^^^^^^^^^^^^
  File "/opt/homebrew/lib/python3.11/site-packages/flask/app.py", line 2340, in process_response
    response = self.ensure_sync(func)(response)
               ^^^^^^^^^^^^^^^^^^^^^^^^^^^^^^^^
  File "/Users/wbabich/PycharmProjects/plant_app/app.py", line 62, in log_response_info
    app.logger.debug('Response body: %s', response.get_data())
                                          ^^^^^^^^^^^^^^^^^^^
  File "/opt/homebrew/lib/python3.11/site-packages/werkzeug/wrappers/response.py", line 314, in get_data
    self._ensure_sequence()
  File "/opt/homebrew/lib/python3.11/site-packages/werkzeug/wrappers/response.py", line 366, in _ensure_sequence
    raise RuntimeError(
RuntimeError: Attempted implicit sequence conversion but the response object is in direct passthrough mode.
2023-05-10 16:28:25,928 - app - DEBUG - Response headers: Content-Type: text/html; charset=utf-8
Content-Length: 265


2023-05-10 16:28:25,928 - app - DEBUG - Response headers: Content-Type: text/html; charset=utf-8
Content-Length: 265


2023-05-10 16:28:25,929 - app - DEBUG - Response headers: Content-Type: text/html; charset=utf-8
Content-Length: 265


2023-05-10 16:28:25,929 - app - DEBUG - Response headers: Content-Type: text/html; charset=utf-8
Content-Length: 265


2023-05-10 16:28:25,929 - app - DEBUG - Response body: b'<!doctype html>\n<html lang=en>\n<title>500 Internal Server Error</title>\n<h1>Internal Server Error</h1>\n<p>The server encountered an internal error and was unable to complete your request. Either the server is overloaded or there is an error in the application.</p>\n'
2023-05-10 16:28:25,930 - app - DEBUG - Response body: b'<!doctype html>\n<html lang=en>\n<title>500 Internal Server Error</title>\n<h1>Internal Server Error</h1>\n<p>The server encountered an internal error and was unable to complete your request. Either the server is overloaded or there is an error in the application.</p>\n'
2023-05-10 16:28:25,930 - app - DEBUG - Response body: b'<!doctype html>\n<html lang=en>\n<title>500 Internal Server Error</title>\n<h1>Internal Server Error</h1>\n<p>The server encountered an internal error and was unable to complete your request. Either the server is overloaded or there is an error in the application.</p>\n'
2023-05-10 16:28:25,930 - app - DEBUG - Response body: b'<!doctype html>\n<html lang=en>\n<title>500 Internal Server Error</title>\n<h1>Internal Server Error</h1>\n<p>The server encountered an internal error and was unable to complete your request. Either the server is overloaded or there is an error in the application.</p>\n'
